C251 COMPILER V5.60.0,  main                                                               27/09/25  14:34:00  PAGE 1   


C251 COMPILER V5.60.0, COMPILATION OF MODULE main
OBJECT MODULE PLACED IN .\Objects\main.obj
COMPILER INVOKED BY: C:\Keil_v5\C251\BIN\C251.EXE main.c INTR2 BROWSE DEBUG PRINT(.\Listings\main.lst) OBJECT(.\Objects\
                    -main.obj) 

stmt  level    source

    1          #include <STC32G.H>
    2          
    3          void main()
    4          {
    5   1              while(1)
    6   1              {
    7   2                      
    8   2              }
    9   1      }


Module Information          Static   Overlayable
------------------------------------------------
  code size            =         2     ------
  ecode size           =    ------     ------
  data size            =    ------     ------
  idata size           =    ------     ------
  pdata size           =    ------     ------
  xdata size           =    ------     ------
  xdata-const size     =    ------     ------
  edata size           =    ------     ------
  bit size             =    ------     ------
  ebit size            =    ------     ------
  bitaddressable size  =    ------     ------
  ebitaddressable size =    ------     ------
  far data size        =    ------     ------
  huge data size       =    ------     ------
  const size           =    ------     ------
  hconst size          =    ------     ------
End of Module Information.


C251 COMPILATION COMPLETE.  0 WARNING(S),  0 ERROR(S)
