C251 COMPILER V5.60.0,  oled                                                               09/10/25  17:15:56  PAGE 1   


C251 COMPILER V5.60.0, COMPILATION OF MODULE oled
OBJECT MODULE PLACED IN .\Objects\oled.obj
COMPILER INVOKED BY: C:\Keil_v5\C251\BIN\C251.EXE Hardware\oled.c XSMALL BROWSE INCDIR(.\sys;.\sys;.\Usr;.\Hardware) DEB
                    -UG PRINT(.\Listings\oled.lst) OBJECT(.\Objects\oled.obj) 

stmt  level    source

    1          #include "oled.h"
    2          #include "font.h"
    3          #include "stc.h"
    4          #include "spi.h"
    5          #include "string.h"
    6          
    7          unsigned char xdata ShowBUFF[8][128];                           //OLEDШЋОжЛКДц
    8          
    9          
   10          //========================================================================
   11          // КЏЪ§УћГЦ: delay
   12          // КЏЪ§ЙІФм: OLEDЧ§ЖЏгУЕФбгЪБ
   13          // ШыПкВЮЪ§: Юо
   14          // КЏЪ§ЗЕЛи: Юо
   15          // ЕБЧААцБО: VER1.0
   16          // аоИФШеЦк: 2023 - 6 - 7
   17          // ЕБЧАзїеп: ZCF
   18          // ЦфЫћБИзЂ:
   19          //========================================================================
   20          void delay(void)
   21          {
   22   1          int xdata i;
   23   1          
   24   1          for (i=0; i<100; i++);
   25   1      }
   26          
   27          //========================================================================
   28          // КЏЪ§УћГЦ: delay_ms
   29          // КЏЪ§ЙІФм: msбгЪБКЏЪ§
   30          // ШыПкВЮЪ§: Юо
   31          // КЏЪ§ЗЕЛи: Юо
   32          // ЕБЧААцБО: VER1.0
   33          // аоИФШеЦк: 2023 - 6 - 7
   34          // ЕБЧАзїеп: ZCF
   35          // ЦфЫћБИзЂ:
   36          //========================================================================
   37          void delay_ms(u16 ms)
   38          {
   39   1           u16 xdata i;
   40   1           do{
   41   2                i = MAIN_Fosc / 6000;
   42   2                while(--i);   //6T per loop
   43   2           }while(--ms);
   44   1      }
   45          
   46          //========================================================================
   47          // КЏЪ§УћГЦ: OLED_WR_Byte
   48          // КЏЪ§ЙІФм: OLEDЕижЗ/Ъ§ОнаДШыКЏЪ§
   49          // ШыПкВЮЪ§: @dat:Ъ§Он    @cmd:УќСю
   50          // КЏЪ§ЗЕЛи: Юо
   51          // ЕБЧААцБО: VER1.0
   52          // аоИФШеЦк: 2023 - 6 - 7
   53          // ЕБЧАзїеп: ZCF
   54          // ЦфЫћБИзЂ:
   55          //========================================================================
   56          void OLED_WR_Byte(u8 dat,u8 cmd)
   57          {
   58   1          u8 udat[1] ;
C251 COMPILER V5.60.0,  oled                                                               09/10/25  17:15:56  PAGE 2   

   59   1          udat[0] = dat;
   60   1          if(cmd)
   61   1          {
   62   2              OLED_DC = 1;
   63   2          }
   64   1          else
   65   1          {
   66   2              OLED_DC = 0;
   67   2          }
   68   1          OLED_CS = 0;
   69   1          SPI_WriteByte(dat);
   70   1          delay();
   71   1          OLED_CS = 1;
   72   1          OLED_DC = 1;
   73   1      }
   74          
   75          //========================================================================
   76          // КЏЪ§УћГЦ: OLED_Init
   77          // КЏЪ§ЙІФм: OLEDГѕЪМЛЏКЏЪ§
   78          // ШыПкВЮЪ§: Юо
   79          // КЏЪ§ЗЕЛи: Юо
   80          // ЕБЧААцБО: VER1.0
   81          // аоИФШеЦк: 2023 - 6 - 7
   82          // ЕБЧАзїеп: ZCF
   83          // ЦфЫћБИзЂ:
   84          //========================================================================
   85          void OLED_Init(void)
   86          {
   87   1          SPI_init();
*** WARNING C140 IN LINE 87 OF Hardware\oled.c: 'SPI_init' undefined; assuming 'extern int SPI_init()'
   88   1           delay_ms(100);
   89   1          OLED_REST = 1;
   90   1          delay_ms(200);
   91   1          OLED_REST=0;//ИДЮЛ
   92   1          delay_ms(200);
   93   1          OLED_REST = 1;
   94   1      
   95   1          OLED_WR_Byte(0xAE,OLED_CMD);//--turn off oled panel
   96   1          OLED_WR_Byte(0x00,OLED_CMD);//---set low column address
   97   1          OLED_WR_Byte(0x10,OLED_CMD);//---set high column address
   98   1          OLED_WR_Byte(0x40,OLED_CMD);//--set start line address  Set Mapping RAM Display Start Line (0x00~0x3F
             -)
   99   1          OLED_WR_Byte(0x81,OLED_CMD);//--set contrast control register
  100   1          OLED_WR_Byte(0xCF,OLED_CMD);// Set SEG Output Current Brightness
  101   1          OLED_WR_Byte(0xA1,OLED_CMD);//--Set SEG/Column Mapping     0xa0зѓгвЗДжУ 0xa1е§ГЃ
  102   1          OLED_WR_Byte(0xC8,OLED_CMD);//Set COM/Row Scan Direction   0xc0ЩЯЯТЗДжУ 0xc8е§ГЃ
  103   1          OLED_WR_Byte(0xA6,OLED_CMD);//--set normal display
  104   1          OLED_WR_Byte(0xA8,OLED_CMD);//--set multiplex ratio(1 to 64)
  105   1          OLED_WR_Byte(0x3f,OLED_CMD);//--1/64 duty
  106   1          OLED_WR_Byte(0xD3,OLED_CMD);//-set display offset   Shift Mapping RAM Counter (0x00~0x3F)
  107   1          OLED_WR_Byte(0x00,OLED_CMD);//-not offset
  108   1          OLED_WR_Byte(0xd5,OLED_CMD);//--set display clock divide ratio/oscillator frequency
  109   1          OLED_WR_Byte(0x80,OLED_CMD);//--set divide ratio, Set Clock as 100 Frames/Sec
  110   1          OLED_WR_Byte(0xD9,OLED_CMD);//--set pre-charge period
  111   1          OLED_WR_Byte(0xF1,OLED_CMD);//Set Pre-Charge as 15 Clocks & Discharge as 1 Clock
  112   1          OLED_WR_Byte(0xDA,OLED_CMD);//--set com pins hardware configuration
  113   1          OLED_WR_Byte(0x12,OLED_CMD);
  114   1          OLED_WR_Byte(0xDB,OLED_CMD);//--set vcomh
  115   1          OLED_WR_Byte(0x40,OLED_CMD);//Set VCOM Deselect Level
  116   1          OLED_WR_Byte(0x20,OLED_CMD);//-Set Page Addressing Mode (0x00/0x01/0x02)
  117   1          OLED_WR_Byte(0x00,OLED_CMD);//
  118   1          OLED_WR_Byte(0x8D,OLED_CMD);//--set Charge Pump enable/disable
  119   1          OLED_WR_Byte(0x14,OLED_CMD);//--set(0x10) disable
  120   1          OLED_WR_Byte(0xA4,OLED_CMD);// Disable Entire Display On (0xa4/0xa5)
  121   1          OLED_WR_Byte(0xA6,OLED_CMD);// Disable Inverse Display On (0xa6/a7) 
  122   1          OLED_WR_Byte(0xAF,OLED_CMD);
C251 COMPILER V5.60.0,  oled                                                               09/10/25  17:15:56  PAGE 3   

  123   1          
  124   1          OLED_DisplayOn();
  125   1      }
  126          
  127          
  128          //========================================================================
  129          // КЏЪ§УћГЦ: OLED_Set_Pos
  130          // КЏЪ§ЙІФм: OLEDЩшжУЯдЪОЮЛжУ
  131          // ШыПкВЮЪ§: @x:xзјБъ     @y:yзјБъ
  132          // КЏЪ§ЗЕЛи: Юо
  133          // ЕБЧААцБО: VER1.0
  134          // аоИФШеЦк: 2023 - 6 - 7
  135          // ЕБЧАзїеп: ZCF
  136          // ЦфЫћБИзЂ:
  137          //========================================================================
  138          void OLED_Set_Pos(unsigned char x, unsigned char y) 
  139          { 
  140   1              OLED_WR_Byte((u8)(0xb0+y),OLED_CMD);
  141   1              OLED_WR_Byte(((x&0xf0)>>4)|0x10,OLED_CMD);
  142   1              OLED_WR_Byte((x&0x0f)|0x01,OLED_CMD); 
  143   1      }   
  144          
  145          
  146          //========================================================================
  147          // КЏЪ§УћГЦ: OLED_DrawBMP
  148          // КЏЪ§ЙІФм: OLEDЯдЪОЭМЦЌ
  149          // ШыПкВЮЪ§: @x0:xЦ№Еу  @y0:yЦ№Еу    @x1:xжеЕу   @y1:yжеЕу  @BMPЃКЯдЪОЪ§зщ
  150          // КЏЪ§ЗЕЛи: Юо
  151          // ЕБЧААцБО: VER1.0
  152          // аоИФШеЦк: 2023 - 6 - 7
  153          // ЕБЧАзїеп: ZCF
  154          // ЦфЫћБИзЂ:
  155          //========================================================================
  156          void OLED_DrawBMP(unsigned char x0, unsigned char y0,unsigned char x1, unsigned char y1,unsigned char BMP
             -[])
  157          {       
  158   1          unsigned int xdata j=0;
  159   1          unsigned char xdata x,y;
  160   1      
  161   1          for(y=y0;y<(y1+y0);y++)
  162   1          {
  163   2              OLED_Set_Pos(x0,y);
  164   2              for(x=0;x<x1;x++)
  165   2              {      
  166   3                  OLED_WR_Byte(BMP[j++],OLED_DATA);           
  167   3              }
  168   2          }
  169   1      } 
  170          
  171          //========================================================================
  172          // КЏЪ§УћГЦ: OLED_DisplayOn
  173          // КЏЪ§ЙІФм: OLEDПЊЯдЪО
  174          // ШыПкВЮЪ§: Юо
  175          // КЏЪ§ЗЕЛи: Юо
  176          // ЕБЧААцБО: VER1.0
  177          // аоИФШеЦк: 2023 - 6 - 7
  178          // ЕБЧАзїеп: ZCF
  179          // ЦфЫћБИзЂ:
  180          //========================================================================
  181          void OLED_DisplayOn(void)     //ПЊЯдЪО
  182          {
  183   1          OLED_WR_Byte(0x8D,OLED_CMD);//ЕчКЩБУЪЙФм
  184   1          OLED_WR_Byte(0x14,OLED_CMD);//ПЊЦєЕчКЩБУ
  185   1          OLED_WR_Byte(0xAF,OLED_CMD);//ЕуССЦСФЛ       
  186   1      }
  187            
C251 COMPILER V5.60.0,  oled                                                               09/10/25  17:15:56  PAGE 4   

  188          //========================================================================
  189          // КЏЪ§УћГЦ: OLED_DisplayOff
  190          // КЏЪ§ЙІФм: OLEDЙиЯдЪО
  191          // ШыПкВЮЪ§: Юо
  192          // КЏЪ§ЗЕЛи: Юо
  193          // ЕБЧААцБО: VER1.0
  194          // аоИФШеЦк: 2023 - 6 - 7
  195          // ЕБЧАзїеп: ZCF
  196          // ЦфЫћБИзЂ:
  197          //========================================================================
  198          void OLED_DisplayOff(void)     //ЙиЯдЪО
  199          {
  200   1          OLED_WR_Byte(0x8D,OLED_CMD);//ЕчКЩБУЪЙФм
  201   1          OLED_WR_Byte(0x10,OLED_CMD);//ЙиБеЕчКЩБУ
  202   1          OLED_WR_Byte(0xAF,OLED_CMD);//ЙиБеЦСФЛ        
  203   1      }
  204          
  205          //========================================================================
  206          // КЏЪ§УћГЦ: OLED_LightSet
  207          // КЏЪ§ЙІФм: OLEDССЖШЩшжУ
  208          // ШыПкВЮЪ§: @numЃК 0-255
  209          // КЏЪ§ЗЕЛи: Юо
  210          // ЕБЧААцБО: VER1.0
  211          // аоИФШеЦк: 2023 - 6 - 7
  212          // ЕБЧАзїеп: ZCF
  213          // ЦфЫћБИзЂ:
  214          //========================================================================
  215          void OLED_LightSet(unsigned char num)     //ССЖШЩшжУ
  216          {
  217   1          OLED_WR_Byte(0x81,OLED_CMD);//
  218   1          OLED_WR_Byte(num,OLED_CMD);//  
  219   1          OLED_WR_Byte(0xDB,OLED_CMD);//--set vcomh
  220   1          OLED_WR_Byte(0x20,OLED_CMD);//Set VCOM Deselect Level   
  221   1      }
  222          
  223          
  224          //========================================================================
  225          // КЏЪ§УћГЦ: OLED_BuffClear
  226          // КЏЪ§ЙІФм: OLEDЧхПеЛКДц
  227          // ШыПкВЮЪ§: Юо
  228          // КЏЪ§ЗЕЛи: Юо
  229          // ЕБЧААцБО: VER1.0
  230          // аоИФШеЦк: 2023 - 6 - 7
  231          // ЕБЧАзїеп: ZCF
  232          // ЦфЫћБИзЂ: аДШыЕФЪЧЛКДцЃЌашвЊЕчЕїгУOLED_BuffShowВХФмЯдЪОГіРД
  233          //========================================================================
  234          void OLED_BuffClear(void)     //ЧхЦС
  235          {
  236   1          memset(ShowBUFF,0,128*8);
  237   1      }
  238          
  239          //========================================================================
  240          // КЏЪ§УћГЦ: OLED_BuffShow
  241          // КЏЪ§ЙІФм: OLEDЫЂаТЯдЪО
  242          // ШыПкВЮЪ§: Юо
  243          // КЏЪ§ЗЕЛи: Юо
  244          // ЕБЧААцБО: VER1.0
  245          // аоИФШеЦк: 2023 - 6 - 7
  246          // ЕБЧАзїеп: ZCF
  247          // ЦфЫћБИзЂ:
  248          //========================================================================
  249          void OLED_BuffShow(void)     
  250          {
  251   1          u8 xdata i,n;
  252   1      
  253   1          for(i=0;i<8;i++)
C251 COMPILER V5.60.0,  oled                                                               09/10/25  17:15:56  PAGE 5   

  254   1          {
  255   2             OLED_WR_Byte(0xb0+i,OLED_CMD); //ЩшжУааЦ№ЪМЕижЗ
*** WARNING C188 IN LINE 255 OF Hardware\oled.c: 'parameter 1': value truncated
  256   2             OLED_WR_Byte(0x00,OLED_CMD);   //ЩшжУЕЭСаЦ№ЪМЕижЗ
  257   2             OLED_WR_Byte(0x10,OLED_CMD);   //ЩшжУИпСаЦ№ЪМЕижЗ
  258   2      
  259   2             for(n=0;n<128;n++)
  260   2               OLED_WR_Byte(ShowBUFF[i][n],OLED_DATA);
  261   2          }
  262   1      }
  263          
  264          //========================================================================
  265          // КЏЪ§УћГЦ: OLED_BuffShowPoint
  266          // КЏЪ§ЙІФм: OLEDЯдЪОвЛИіЕу
  267          // ШыПкВЮЪ§: @xЃКxЦ№Еу   @y:yЦ№Еу
  268          // КЏЪ§ЗЕЛи: Юо
  269          // ЕБЧААцБО: VER1.0
  270          // аоИФШеЦк: 2023 - 6 - 7
  271          // ЕБЧАзїеп: ZCF
  272          // ЦфЫћБИзЂ: аДШыЕФЪЧЛКДцЃЌашвЊЕчЕїгУOLED_BuffShowВХФмЯдЪОГіРД
  273          //========================================================================
  274          void OLED_BuffShowPoint(unsigned char x,unsigned char y)     //OLEDЯдЪОвЛИіЕу
  275          {
  276   1          ShowBUFF[y/8][x] |= 1<<(y%8);
  277   1      }
  278          
  279          //========================================================================
  280          // КЏЪ§УћГЦ: OLED_BuffShowPoint
  281          // КЏЪ§ЙІФм: OLEDЯдЪОвЛЬѕЯп
  282          // ШыПкВЮЪ§: @x1ЃКxЦ№Еу  @y1ЃКyЦ№Еу  @x2ЃКxжеЕу   @y2ЃКyжеЕу
  283          // КЏЪ§ЗЕЛи: Юо
  284          // ЕБЧААцБО: VER1.0
  285          // аоИФШеЦк: 2023 - 6 - 7
  286          // ЕБЧАзїеп: ZCF
  287          // ЦфЫћБИзЂ: аДШыЕФЪЧЛКДцЃЌашвЊЕчЕїгУOLED_BuffShowВХФмЯдЪОГіРД
  288          //========================================================================
  289          void OLED_BuffShowLine( unsigned char x1, unsigned char y1, unsigned char x2,unsigned char y2)
  290          {
  291   1          unsigned char x,y;
  292   1          if( x1>x2 )
  293   1          {
  294   2              x=x1;x1=x2;x2=x;
  295   2              y=y1;y1=y2;y2=y;
  296   2          }
  297   1          if(x1!=x2)
  298   1          {
  299   2              for( x = x1; x <= x2; x++ )
  300   2              {
  301   3                  if( y2>y1 )
  302   3                      OLED_BuffShowPoint(x, (unsigned char)(y1+(u16)(y2-y1)*(u16)x/(u16)(x2-x1)));
  303   3                  else
  304   3                      OLED_BuffShowPoint(x, (unsigned char)(y1-(u16)(y1-y2)*(u16)x/(u16)(x2-x1)));
  305   3              }        
  306   2          }
  307   1          else
  308   1          {
  309   2              if( y1>y2 )
  310   2              {
  311   3                  for( y = y2; y <= y1; y++ )
  312   3                     OLED_BuffShowPoint(x1, y); 
  313   3              }
  314   2              else
  315   2              {
  316   3                  for( y = y1; y <= y2; y++ )
  317   3                     OLED_BuffShowPoint(x1, y);             
  318   3              }
C251 COMPILER V5.60.0,  oled                                                               09/10/25  17:15:56  PAGE 6   

  319   2          }
  320   1      }
  321          
  322          //========================================================================
  323          // КЏЪ§УћГЦ: OLED_BuffShowRectangle
  324          // КЏЪ§ЙІФм: OLEDЯдЪОвЛИіОиаЮ
  325          // ШыПкВЮЪ§: @x1ЃКxЦ№Еу  @y1ЃКyЦ№Еу  @x2ЃКxжеЕу   @y2ЃКyжеЕу
  326          // КЏЪ§ЗЕЛи: Юо
  327          // ЕБЧААцБО: VER1.0
  328          // аоИФШеЦк: 2023 - 6 - 7
  329          // ЕБЧАзїеп: ZCF
  330          // ЦфЫћБИзЂ: аДШыЕФЪЧЛКДцЃЌашвЊЕчЕїгУOLED_BuffShowВХФмЯдЪОГіРД
  331          //========================================================================
  332          void OLED_BuffShowRectangle(u8 x1, u8 y1, u8 x2, u8 y2)
  333          {
  334   1          OLED_BuffShowLine(x1, y1, x2, y1);
  335   1          OLED_BuffShowLine(x1, y1, x1, y2);
  336   1          OLED_BuffShowLine(x1, y2, x2, y2);
  337   1          OLED_BuffShowLine(x2, y1, x2, y2);
  338   1      }
  339          
  340          //========================================================================
  341          // КЏЪ§УћГЦ: OLED_BuffShowCircle
  342          // КЏЪ§ЙІФм: OLEDЯдЪОвЛИідВаЮ
  343          // ШыПкВЮЪ§: @xЃКxЕу  @yЃКyЕу  @r:АыОЖ
  344          // КЏЪ§ЗЕЛи: Юо
  345          // ЕБЧААцБО: VER1.0
  346          // аоИФШеЦк: 2023 - 6 - 7
  347          // ЕБЧАзїеп: ZCF
  348          // ЦфЫћБИзЂ: аДШыЕФЪЧЛКДцЃЌашвЊЕчЕїгУOLED_BuffShowВХФмЯдЪОГіРД
  349          //========================================================================
  350          void OLED_BuffShowCircle(u8 x, u8 y, u8 r)
  351          {
  352   1          int a, b;
  353   1          int di;
  354   1          a = 0;
  355   1          b = r;
  356   1          di = 3 - (r << 1);       //ХаЖЯЯТИіЕуЮЛжУЕФБъжО
  357   1       
  358   1          while (a <= b)
  359   1          {
  360   2              OLED_BuffShowPoint(x + a, y - b);        //5
*** WARNING C188 IN LINE 360 OF Hardware\oled.c: 'parameter 1': value truncated
*** WARNING C188 IN LINE 360 OF Hardware\oled.c: 'parameter 2': value truncated
  361   2              OLED_BuffShowPoint(x + b, y - a);        //0
*** WARNING C188 IN LINE 361 OF Hardware\oled.c: 'parameter 1': value truncated
*** WARNING C188 IN LINE 361 OF Hardware\oled.c: 'parameter 2': value truncated
  362   2              OLED_BuffShowPoint(x + b, y + a);        //4
*** WARNING C188 IN LINE 362 OF Hardware\oled.c: 'parameter 1': value truncated
*** WARNING C188 IN LINE 362 OF Hardware\oled.c: 'parameter 2': value truncated
  363   2              OLED_BuffShowPoint(x + a, y + b);        //6
*** WARNING C188 IN LINE 363 OF Hardware\oled.c: 'parameter 1': value truncated
*** WARNING C188 IN LINE 363 OF Hardware\oled.c: 'parameter 2': value truncated
  364   2              OLED_BuffShowPoint(x - a, y + b);        //1
*** WARNING C188 IN LINE 364 OF Hardware\oled.c: 'parameter 1': value truncated
*** WARNING C188 IN LINE 364 OF Hardware\oled.c: 'parameter 2': value truncated
  365   2              OLED_BuffShowPoint(x - b, y + a);
*** WARNING C188 IN LINE 365 OF Hardware\oled.c: 'parameter 1': value truncated
*** WARNING C188 IN LINE 365 OF Hardware\oled.c: 'parameter 2': value truncated
  366   2              OLED_BuffShowPoint(x - a, y - b);        //2
*** WARNING C188 IN LINE 366 OF Hardware\oled.c: 'parameter 1': value truncated
*** WARNING C188 IN LINE 366 OF Hardware\oled.c: 'parameter 2': value truncated
  367   2              OLED_BuffShowPoint(x - b, y - a);        //7
*** WARNING C188 IN LINE 367 OF Hardware\oled.c: 'parameter 1': value truncated
*** WARNING C188 IN LINE 367 OF Hardware\oled.c: 'parameter 2': value truncated
  368   2              a++;
C251 COMPILER V5.60.0,  oled                                                               09/10/25  17:15:56  PAGE 7   

  369   2       
  370   2              //ЪЙгУBresenhamЫуЗЈЛ­дВ
  371   2              if (di < 0)di += 4 * a + 6;
  372   2              else
  373   2              {
  374   3                  di += 10 + 4 * (a - b);
  375   3                  b--;
  376   3              }
  377   2          }
  378   1      }
  379          
  380          //========================================================================
  381          // КЏЪ§УћГЦ: OLED_BuffShowChar
  382          // КЏЪ§ЙІФм: OLEDЯдЪОвЛИі8*16ЕФзжЗћ
  383          // ШыПкВЮЪ§: @xЃКxЕу  @yЃКyЕу  @asc:зжЗћ   @modeЃК0е§Яд  1ЗДЯд
  384          // КЏЪ§ЗЕЛи: Юо
  385          // ЕБЧААцБО: VER1.0
  386          // аоИФШеЦк: 2023 - 6 - 7
  387          // ЕБЧАзїеп: ZCF
  388          // ЦфЫћБИзЂ: аДШыЕФЪЧЛКДцЃЌашвЊЕчЕїгУOLED_BuffShowВХФмЯдЪОГіРД
  389          //========================================================================
  390          void OLED_BuffShowChar(unsigned char x,unsigned char y,char asc, u8 mode)     //OLEDЯдЪОвЛИі8*16зжЗћ
  391          {
  392   1          unsigned char j,k;
  393   1          for( j=0;j<2;j++ )
  394   1          {
  395   2              for( k=0;k<8;k++ )
  396   2              {
  397   3                  if(mode==0)            
  398   3                      ShowBUFF[j+y][x+k]=Ascll_16[(asc-' ')*2][j*8+k];
  399   3                  else
  400   3                      ShowBUFF[j+y][x+k]=~Ascll_16[(asc-' ')*2][j*8+k];
  401   3              }
  402   2          }    
  403   1      }
  404          
  405          //========================================================================
  406          // КЏЪ§УћГЦ: OLED_BuffShowGBK
  407          // КЏЪ§ЙІФм: OLEDЯдЪОККзж
  408          // ШыПкВЮЪ§: @xЃКxЕу  @yЃКyЕу  @gbk:ККзж   @modeЃК0е§Яд  1ЗДЯд
  409          // КЏЪ§ЗЕЛи: Юо
  410          // ЕБЧААцБО: VER1.0
  411          // аоИФШеЦк: 2023 - 6 - 7
  412          // ЕБЧАзїеп: ZCF
  413          // ЦфЫћБИзЂ: аДШыЕФЪЧЛКДцЃЌашвЊЕчЕїгУOLED_BuffShowВХФмЯдЪОГіРД
  414          //          гУЕНЕФККзжашвЊздМКШЁФЃЗХЕНзжПтРяЃЌзжПтЖрЕФЛАЃЌетРяетИіб­ЛЗБфСПвЊЗХДѓ
  415          //========================================================================
  416          void OLED_BuffShowGBK(unsigned char x,unsigned char y,char *gbk,u8 mode)     //OLEDЯдЪОвЛИі16*16ККзж
  417          {
  418   1          unsigned char i;
  419   1          unsigned char j,k;
  420   1          for( i=0;i<200;i++ )
  421   1          {
  422   2              if(( gbk[0]== GBK16[i].gbn_bum[0] )&&( gbk[1]== GBK16[i].gbn_bum[1] ))
  423   2              {
  424   3                  for( j=0;j<2;j++ )
  425   3                  {
  426   4                      for( k=0;k<16;k++ )
  427   4                      {
  428   5                          if( mode ==0 )
  429   5                              ShowBUFF[j+y][x+k]=GBK16[i].gbk_font[j*16+k];
  430   5                          else
  431   5                              ShowBUFF[j+y][x+k]=~GBK16[i].gbk_font[j*16+k];
  432   5                      }
  433   4                  }
  434   3                  break;
C251 COMPILER V5.60.0,  oled                                                               09/10/25  17:15:56  PAGE 8   

  435   3              }
  436   2          }    
  437   1      }
  438          
  439          //========================================================================
  440          // КЏЪ§УћГЦ: OLED_BuffShowString
  441          // КЏЪ§ЙІФм: OLEDЯдЪОзжЗћДЎЁЃККзжзжЗћОљПЩ
  442          // ШыПкВЮЪ§: @xЃКxЕу  @yЃКyЕу  @sзжЗћДЎ   @modeЃК0е§Яд  1ЗДЯд
  443          // КЏЪ§ЗЕЛи: Юо
  444          // ЕБЧААцБО: VER1.0
  445          // аоИФШеЦк: 2023 - 6 - 7
  446          // ЕБЧАзїеп: ZCF
  447          // ЦфЫћБИзЂ: аДШыЕФЪЧЛКДцЃЌашвЊЕчЕїгУOLED_BuffShowВХФмЯдЪОГіРД
  448          //          гУЕНЕФККзжашвЊздМКШЁФЃЗХЕНзжПтРяЃЌзжПтЖрЕФЛАЃЌетРяетИіб­ЛЗБфСПвЊЗХДѓ
  449          //========================================================================
  450          void OLED_BuffShowString(unsigned char x,unsigned char y,char *s,u8 mode)
  451          {
  452   1          char s_num[2];
  453   1              while(*s != '\0')       //зжЗћДЎВЛЮЊПеЃЌб­ЛЗ
  454   1              {
  455   2              if ((unsigned char)*s < 0x80)     //ИљОнЪфШыЪ§ОнЕФДѓаЁХаЖЯЪЧзжЗћЛЙЪЧККзжЃЌ
  456   2              {
  457   3                  OLED_BuffShowChar(x,y,*s,mode);
  458   3                  x+=8;
  459   3                  s++;
  460   3              }
  461   2              else
  462   2              {
  463   3                  s_num[0] = *s ;
  464   3                  s_num[1] = *(s+1) ;
  465   3                  OLED_BuffShowGBK(x,y,s_num,mode);
  466   3                  x+=16;
  467   3                  s+=2;
  468   3              }
  469   2                      if(x>127)
  470   2              {
  471   3                  x=0;
  472   3                  y+=2;
  473   3              }
  474   2              }       
  475   1      }
  476          
  477          //========================================================================
  478          // КЏЪ§УћГЦ: OLED_BuffShowNum
  479          // КЏЪ§ЙІФм: OLEDЯдЪОећаЮБфСП
  480          // ШыПкВЮЪ§: @xЃКxЕу  @yЃКyЕу  @numЃКећаЮБфСП   @modeЃК0е§Яд  1ЗДЯд
  481          // КЏЪ§ЗЕЛи: Юо
  482          // ЕБЧААцБО: VER1.0
  483          // аоИФШеЦк: 2023 - 6 - 7
  484          // ЕБЧАзїеп: ZCF
  485          // ЦфЫћБИзЂ: аДШыЕФЪЧЛКДцЃЌашвЊЕчЕїгУOLED_BuffShowВХФмЯдЪОГіРД
  486          //========================================================================
  487          void OLED_BuffShowNum(u8 x,u8 y,long num,u8 mode)
  488          {
  489   1          u8 xdata str[10];
  490   1          memset(str,0,10);
  491   1          sprintf(str,"%ld",num);
  492   1          OLED_BuffShowString(x,y,(u8*)str);
*** WARNING C96 IN LINE 492 OF Hardware\oled.c: 'OLED_BuffShowString': too few actual parameters
  493   1      }
*** WARNING C47 IN LINE 487 OF Hardware\oled.c: 'mode': unreferenced parameter
  494          
  495          //========================================================================
  496          // КЏЪ§УћГЦ: OLED_BuffShowNum02F
  497          // КЏЪ§ЙІФм: OLEDЯдЪОвЛИіСНЮЛаЁЪ§БфСП
  498          // ШыПкВЮЪ§: @xЃКxЕу  @yЃКyЕу  @numЃКаЁЪ§БфСП   @modeЃК0е§Яд  1ЗДЯд
C251 COMPILER V5.60.0,  oled                                                               09/10/25  17:15:56  PAGE 9   

  499          // КЏЪ§ЗЕЛи: Юо
  500          // ЕБЧААцБО: VER1.0
  501          // аоИФШеЦк: 2023 - 6 - 7
  502          // ЕБЧАзїеп: ZCF
  503          // ЦфЫћБИзЂ: аДШыЕФЪЧЛКДцЃЌашвЊЕчЕїгУOLED_BuffShowВХФмЯдЪОГіРД
  504          //========================================================================
  505          void OLED_BuffShowNum02F(u8 x,u8 y,float num,u8 mode)
  506          {
  507   1          u8 xdata str[10];
  508   1          memset(str,0,10);
  509   1          sprintf(str,"%.2f",num);
  510   1          OLED_BuffShowString(x,y,(u8*)str,mode);
  511   1      }
  512          
  513          //========================================================================
  514          // КЏЪ§УћГЦ: OLED_BuffShowChar32
  515          // КЏЪ§ЙІФм: OLEDЯдЪО16*32ЕФзжЗћ
  516          // ШыПкВЮЪ§: @xЃКxЕу  @yЃКyЕу  @numЃКЯдЪОЕкМИИізжЗћ   @modeЃК0е§Яд  1ЗДЯд
  517          // КЏЪ§ЗЕЛи: Юо
  518          // ЕБЧААцБО: VER1.0
  519          // аоИФШеЦк: 2023 - 6 - 7
  520          // ЕБЧАзїеп: ZCF
  521          // ЦфЫћБИзЂ: аДШыЕФЪЧЛКДцЃЌашвЊЕчЕїгУOLED_BuffShowВХФмЯдЪОГіРД
  522          //          гУЕНЕФашвЊздМКШЁФЃХЖ
  523          //========================================================================
  524          void OLED_BuffShowChar32(unsigned char  x,unsigned char  y,u8 num, u8 mode)     
  525          {
  526   1          unsigned char j,k;
  527   1          for( j=0;j<4;j++ )
  528   1          {
  529   2              for( k=0;k<16;k++ )
  530   2              {
  531   3                  if( mode==0 )
  532   3                      ShowBUFF[j+y][x+k]=lib_num1632[num][j*16+k];
  533   3                  else
  534   3                      ShowBUFF[j+y][x+k]=~lib_num1632[num][j*16+k];
  535   3              }
  536   2          }            
  537   1      }
  538          
  539          
  540          //========================================================================
  541          // КЏЪ§УћГЦ: OLED_BuffShowBMP
  542          // КЏЪ§ЙІФм: OLEDЛКДцаДШыЭМЦЌ
  543          // ШыПкВЮЪ§: @x0:xЦ№Еу  @y0:yЦ№Еу    @x1:xжеЕу   @y1:yжеЕу  @BMPЃКЯдЪОЪ§зщ
  544          // КЏЪ§ЗЕЛи: Юо
  545          // ЕБЧААцБО: VER1.0
  546          // аоИФШеЦк: 2023 - 6 - 7
  547          // ЕБЧАзїеп: ZCF
  548          // ЦфЫћБИзЂ:
  549          //========================================================================
  550          void OLED_BuffShowBMP(unsigned char x0, unsigned char y0,unsigned char x1, unsigned char y1,unsigned char
             - BMP[])
  551          {       
  552   1          unsigned int xdata num=0;
  553   1          u8 k,j;
  554   1          
  555   1          for( j=0;j<y1;j++ )
  556   1          {
  557   2              for( k=0;k<x1;k++ )
  558   2              {
  559   3                  ShowBUFF[j+y0][x0+k]=BMP[num++];
  560   3              }
  561   2          }  
  562   1      } 
  563           
C251 COMPILER V5.60.0,  oled                                                               09/10/25  17:15:56  PAGE 10  



Module Information          Static   Overlayable
------------------------------------------------
  code size            =      5233     ------
  ecode size           =    ------     ------
  data size            =    ------     ------
  idata size           =    ------     ------
  pdata size           =    ------     ------
  xdata size           =      1024         23
  xdata-const size     =    ------     ------
  edata size           =    ------         23
  bit size             =    ------     ------
  ebit size            =    ------     ------
  bitaddressable size  =    ------     ------
  ebitaddressable size =    ------     ------
  far data size        =    ------     ------
  huge data size       =    ------     ------
  const size           =    ------     ------
  hconst size          =         9     ------
End of Module Information.


C251 COMPILATION COMPLETE.  20 WARNING(S),  0 ERROR(S)
