C251 COMPILER V5.60.0,  system                                                             09/10/25  19:47:51  PAGE 1   


C251 COMPILER V5.60.0, COMPILATION OF MODULE system
OBJECT MODULE PLACED IN .\Objects\system.obj
COMPILER INVOKED BY: C:\Keil_v5\C251\BIN\C251.EXE ..\System\system.c LARGE INTR2 BROWSE INCDIR(..\CMSIS;..\system;..\Use
                    -r;..\Hardware) DEBUG PRINT(.\Listings\system.lst) OBJECT(.\Objects\system.obj) 

stmt  level    source

    1          #include "../User/main.h"
    2          
    3          volatile unsigned int timer_ms = 0;       // КСУыМЦЪБЦї
    4          
    5          /***********************
    6           * ЖЈЪБЦї0ГѕЪМЛЏ
    7           * ХфжУ1msЖЈЪБжаЖЯ
    8           ***********************/
    9          void Timer0_Init(void) {
   10   1              AUXR &= 0x7F;                   //ЖЈЪБЦїЪБжг12TФЃЪН
   11   1              TMOD &= 0xF0;                   //ЩшжУЖЈЪБЦїФЃЪН
   12   1              TL0 = 0x18;                             //ЩшжУЖЈЪБГѕЪМжЕ
   13   1              TH0 = 0xFC;                             //ЩшжУЖЈЪБГѕЪМжЕ
   14   1              TF0 = 0;                                //ЧхГ§TF0БъжО
   15   1              TR0 = 1;                                //ЖЈЪБЦї0ПЊЪММЦЪБ
   16   1              ET0 = 1;                                //ЪЙФмЖЈЪБЦї0жаЖЯ
   17   1      }
   18          
   19          /***********************
   20           * ЖЈЪБЦї0жаЖЯЗўЮёКЏЪ§
   21           * УП1msИќаТКСУыМЦЪ§Цї
   22           ***********************/
   23          void Timer0_ISR() interrupt 1 {
   24   1          TH0 = 0xFC;                 // жизАИп8ЮЛ
   25   1          TL0 = 0x18;                 // жизАЕЭ8ЮЛ
   26   1          timer_ms++;                 // ИќаТКСУыМЦЪ§Цї
   27   1      }
   28          
   29          /***********************
   30           * КСУыбгЪБКЏЪ§
   31           * ЛљгкЖЈЪБЦї0ЕФКСУыМЦЪ§Цї
   32           ***********************/
   33          void delay_ms(unsigned int ms) {
   34   1      unsigned int start = timer_ms; //start ЪЧ ОжВПБфСПЃЌНідк delayus() КЏЪ§ЕФзїгУгђФкгааЇЃЌЧвдкГѕЪМЛЏКѓ ВЛдйБ
             -ЛаоИФ
   35   1          while (timer_ms- start < ms); // ЕШД§жИЖЈКСУыЪ§
   36   1      
   37   1      }
   38          
   39          // ЮЂУыМЖбгЪБКЏЪ§ЃЈЛљгкSTC32G12K128ЕФIRCЦЕТЪЕїећЃЉ
   40          void Delay_us(unsigned int us) {
   41   1          while (us--) {
   42   2              _nop_(); _nop_(); _nop_(); // ИљОнжїЦЕЕїећжИСюжмЦк
   43   2          }
   44   1      }
   45          
   46          // ЛёШЁЯЕЭГЪБМфКЏЪ§
   47          unsigned long GetSystemTime(void)
   48          {
   49   1          unsigned long time;
   50   1          
   51   1          // НћжЙжаЖЯвдШЗБЃЖСШЁЪБМфЕФд­згад
   52   1          EA = 0;
   53   1          time = timer_ms;
   54   1          EA = 1;
   55   1          
   56   1          return time;
   57   1      }
C251 COMPILER V5.60.0,  system                                                             09/10/25  19:47:51  PAGE 2   



Module Information          Static   Overlayable
------------------------------------------------
  code size            =       104     ------
  ecode size           =    ------     ------
  data size            =    ------     ------
  idata size           =    ------     ------
  pdata size           =    ------     ------
  xdata size           =         2     ------
  xdata-const size     =    ------     ------
  edata size           =    ------     ------
  bit size             =    ------     ------
  ebit size            =    ------     ------
  bitaddressable size  =    ------     ------
  ebitaddressable size =    ------     ------
  far data size        =    ------     ------
  huge data size       =    ------     ------
  const size           =    ------     ------
  hconst size          =         7     ------
End of Module Information.


C251 COMPILATION COMPLETE.  0 WARNING(S),  0 ERROR(S)
