C251 COMPILER V5.60.0,  mian                                                               08/10/25  23:16:19  PAGE 1   


C251 COMPILER V5.60.0, COMPILATION OF MODULE mian
OBJECT MODULE PLACED IN .\Objects\mian.obj
COMPILER INVOKED BY: C:\Keil_v5\C251\BIN\C251.EXE mian.c LARGE INTR2 ROM(HUGE) BROWSE DEBUG PRINT(.\Listings\mian.lst) O
                    -BJECT(.\Objects\mian.obj) 

stmt  level    source

    1          #include <STC32G.H>
    2          #include <intrins.h>
    3          #include <stdio.h>   // 用于printf
    4          sbit DHT11 = P1^1;    //dth11数字信号输入脚
    5          
    6          #define BRT (65536 - (11059200 / 115200+2) / 4)         // 加 2 操作是为了让 Keil 编译器，自动实现四舍五入运算//
             - 波特率115200                                                                                                                                                                                                                                                                                                                                                                                                                
    7          bit busy;                                                                                       // 串口忙标志
    8          unsigned char wptr;                                                                             // 写指针
    9          unsigned char rptr;                                                                             // 读指针
   10          unsigned char buffer[16];                                                       // 接收缓存，长度16
   11          void SendServoPositionCmd(unsigned char cmd_id, float angle_x, unsigned int time);
   12          
   13          // 微秒级延时函数（基于STC32G12K128的IRC频率调整）
   14          void Delay_us(unsigned int us) {
   15   1          while (us--) {
   16   2              _nop_(); _nop_(); _nop_(); // 根据主频调整指令周期
   17   2          }
   18   1      }
   19          
   20          // 毫秒级延时函数
   21          void Delay_ms(unsigned int ms) {
   22   1          while (ms--) {
   23   2              Delay_us(1000);
   24   2          }
   25   1      }
   26          
   27          // 读取DHT11数据函数
   28          // 返回值：0-成功，1-无响应，2-校验错误
   29          //temp 温度 humi 湿度
   30          unsigned char DHT11_Read(float *temp, float *humi) {
   31   1          unsigned char buf[5] = {0};
   32   1          unsigned char i, j;
   33   1          
   34   1          // 主机启动信号
   35   1          DHT11 = 0;
   36   1          Delay_ms(20);    // 拉低至少18ms
   37   1          DHT11 = 1;
   38   1          Delay_us(30);    // 拉高等待20-40μs
   39   1          
   40   1          // 检测从机响应
   41   1          if (!DHT11) {
   42   2              // 等待83μs低电平响应
   43   2              while (!DHT11);
   44   2              // 等待87μs高电平
   45   2              while (DHT11);
   46   2              
   47   2              // 接收40位数据
   48   2              for (i = 0; i < 5; i++) {
   49   3                  for (j = 0; j < 8; j++) {
   50   4                      // 等待54μs低电平结束
   51   4                      while (!DHT11);
   52   4                      // 延时40μs（判断高电平持续时间）
   53   4                      Delay_us(40);
   54   4                      // 判断位值（高电平持续时间>40μs为逻辑"1"）
   55   4                      buf[i] <<= 1;     //将整个字节左移一位
   56   4                      if (DHT11) {
   57   5                          buf[i] |= 1;   //如果读到高电平 将buf[i]字节的对应位设置为1//这个操作是对buf[i]的最低
C251 COMPILER V5.60.0,  mian                                                               08/10/25  23:16:19  PAGE 2   

             -位或运算
   58   5                          // 等待高电平结束
   59   5                          while (DHT11);
   60   5                      }
   61   4                  }
   62   3              }
   63   2              
   64   2              // 校验数据
   65   2              if (buf[4] == (buf[0] + buf[1] + buf[2] + buf[3])) {
   66   3                  // 处理温度负数（手册说明：温度<0时，小数部分最高位为1）
   67   3                  if (buf[3] & 0x80) {
   68   4                      *temp = -(float)(buf[2] + (buf[3] & 0x7F) * 0.1);
   69   4                  } else {
   70   4                      *temp = (float)buf[2] + (float)buf[3] * 0.1;
   71   4                  }
   72   3                  *humi = (float)buf[0] + (float)buf[1] * 0.1;
   73   3                  return 0; // 成功
   74   3              } else {
   75   3                  return 2; // 校验错误
   76   3              }
   77   2          }
   78   1          return 1; // 无响应
   79   1      }
   80          
   81          
   82          
   83          
   84          
   85          
   86          
   87          
   88          void Uart1Isr() interrupt 4
   89          {
   90   1              if (TI)                                                                                 // 发送中断标志置1时
   91   1              {
   92   2                      TI = 0;                                                                         // 清零发送中断标志
   93   2                      busy = 0;                                                                       // 清零忙状态
   94   2              }
   95   1              if (RI)                                                                                 // 接收中断标志置1时
   96   1              {
   97   2                      RI = 0;                                                                         // 清零接收中断标志
   98   2                      buffer[wptr] = SBUF;    // 接收长度16
   99   2      //              wptr &= 0x0f;                                           // 接收长度16
  100   2                      wptr = (wptr + 1) % 16;            // 存入环形缓冲区
  101   2                      
  102   2      //              buffer[0] = SBUF;                                       // 接收长度1
  103   2              }
  104   1      }
  105          void Uart1Init()                                                        // UART1初始化
  106          {
  107   1              S1_S1 = 0;      
  108   1              S1_S0 = 0;                                                                      // 切换串口1引脚到P3.6(RxD) P3.7(TxD)
  109   1              
  110   1              SCON = 0x50;                                                            // 模式1（8位数据）、接收使能
  111   1              T2L = BRT;                                              
  112   1              T2H = BRT >> 8;                                                 // 波特率对应的重装载值
  113   1              S1BRT = 1;                                                                      // 定时器2做波特率发生器
  114   1              T2x12 = 1;                                                                      // 1T模式
  115   1              T2R = 1;                                                                                // 启动定时器2
  116   1              wptr = 0x00;                                                            // 清零写指针
  117   1              rptr = 0x00;                                                            // 清零读指针
  118   1              busy = 0;                                                                               // 清零忙标志
  119   1      }
  120          void UartSend(unsigned char dat)                                // 发送字符函数
  121          {
  122   1              while (busy);                                                           // 当串口忙时，等待
C251 COMPILER V5.60.0,  mian                                                               08/10/25  23:16:19  PAGE 3   

  123   1              busy = 1;                                                                               // 忙标志置1
  124   1              SBUF = dat;                                                                     // 发送数据dat
  125   1      }
  126          
  127          
  128          void dhtll_print() {
  129   1          unsigned char result;
  130   1          float temperature, humidity;
  131   1          char temp_str[10], humi_str[10];
  132   1          int i;
  133   1          result = DHT11_Read(&temperature, &humidity);
  134   1          
  135   1          if(result == 0) {
  136   2              // 发送温度
  137   2              sprintf(temp_str, "%.1f", temperature);
  138   2              UartSend('T');
  139   2              UartSend('e');
  140   2              UartSend('m');
  141   2              UartSend('p');
  142   2              UartSend(':');
  143   2              for( i = 0; temp_str[i] != '\0'; i++) {
  144   3                  UartSend(temp_str[i]);
  145   3              }
  146   2              UartSend(' ');
  147   2              UartSend('C');
  148   2              UartSend(',');
  149   2              UartSend(' ');
  150   2              
  151   2              // 发送湿度
  152   2              sprintf(humi_str, "%.1f", humidity);
  153   2              UartSend('H');
  154   2              UartSend('u');
  155   2              UartSend('m');
  156   2              UartSend('i');
  157   2              UartSend(':');
  158   2              for( i = 0; humi_str[i] != '\0'; i++) {
  159   3                  UartSend(humi_str[i]);
  160   3              }
  161   2              UartSend(' ');
  162   2              UartSend('%');
  163   2              UartSend('\r');
  164   2              UartSend('\n');
  165   2          } else if (result == 1) {
  166   2              // 发送错误信息
  167   2              const char *err = "DHT11 No Response!\r\n";
  168   2              for( i = 0; err[i] != '\0'; i++) {
  169   3                  UartSend(err[i]);
  170   3              }
  171   2          } else {
  172   2              const char *err = "DHT11 Checksum Error!\r\n";
  173   2              for( i = 0; err[i] != '\0'; i++) {
  174   3                  UartSend(err[i]);
  175   3              }
  176   2          }
  177   1      }
  178          void main()
  179          {
  180   1                              WTST = 0;  //设置程序指令延时参数，赋值为0可将CPU执行指令的速度设置为最快
  181   1                              EAXFR = 1; //扩展寄存器(XFR)访问使能
  182   1                              CKCON = 0; //提高访问XRAM速度
  183   1                      P1M0 = 0x00; P1M1 = 0x00;   //设置为双向口
  184   1      //                      P1PU &= ~0x80;                          //设置4.1k上拉电阻，硬件外接4.7k时注释
  185   1      //                      P1IE |= 0x80;                           //使能数字信号输入
  186   1                              
  187   1                              Uart1Init();
  188   1                              ES = 1;                                                                                 // 使能串口1中断
C251 COMPILER V5.60.0,  mian                                                               08/10/25  23:16:19  PAGE 4   

  189   1                              EA = 1;                                                                                 // 使能EA总中断
  190   1      // 上电等待传感器稳定
  191   1          Delay_ms(1000);
  192   1          
  193   1          while(1) {
  194   2              dhtll_print();
  195   2              Delay_ms(2000);  // 遵守2秒读取间隔
  196   2          }
  197   1      
  198   1      }


Module Information          Static   Overlayable
------------------------------------------------
  code size            =         4     ------
  ecode size           =      1056     ------
  data size            =    ------     ------
  idata size           =    ------     ------
  pdata size           =    ------     ------
  xdata size           =        18         41
  xdata-const size     =    ------     ------
  edata size           =    ------     ------
  bit size             =         1     ------
  ebit size            =    ------     ------
  bitaddressable size  =    ------     ------
  ebitaddressable size =    ------     ------
  far data size        =    ------     ------
  huge data size       =    ------     ------
  const size           =    ------     ------
  hconst size          =        55     ------
End of Module Information.


C251 COMPILATION COMPLETE.  0 WARNING(S),  0 ERROR(S)
