C251 COMPILER V5.60.0,  menu                                                               22/03/23  11:38:00  PAGE 1   


C251 COMPILER V5.60.0, COMPILATION OF MODULE menu
OBJECT MODULE PLACED IN .\obj\menu.obj
COMPILER INVOKED BY: C:\Keil_v5\C251\BIN\C251.EXE menu.c XSMALL INTR2 BROWSE INCDIR(.\Resource;.\ware;.\src;.\middle;.\u
                    -ser) DEBUG PRINT(.\obj\menu.lst) OBJECT(.\obj\menu.obj) 

stmt  level    source

    1          #include "menu.h"
    2          #include "nor_cal.h"
    3          #include "fun.h"
    4          #include "matrix.h"
    5          #include "funcpic.h"
    6          #include "Solve.h"
    7          #include "Sensus.h"
    8          #include "calculus.h"
    9          #include "set.h"
   10          
   11          void  (*function)(u8 num);                      //ЯЕЭГЕФжИеыКЏЪ§
   12          struct MenuItem *P_menu;     //ЕБЧАВЫЕЅНкЕуЕФжИеы
   13          struct MenuIndex P_Index=        //ЕБЧАВЫЕЅЕФЕМКНаХЯЂ
   14          {
   15                  0,
   16                  {0,0,0,0,0,0,0,0,0,0},
   17              {0,0,0,0,0,0,0,0,0,0},
   18                  0                       //ФЌШЯАДМќЮЊЮЊВЫЕЅЧаЛЛЙІФм
   19          };
   20          
   21          void Nop(u8 num) 
   22          {}
*** WARNING C47 IN LINE 21 OF menu.c: 'num': unreferenced parameter
   23          
   24          struct MenuItem Menu_Main[9];       //жїВЫЕЅ
   25          struct MenuItem Menu_Other[9];      //ЦфЫћВЫЕЅ
   26          struct MenuItem Menu_Matrix[10];     //ОиеѓВЫЕЅбЁЯю 
   27          struct MenuItem Menu_Matrix1[4];    //ОиеѓВЫЕЅ1
   28          struct MenuItem Menu_Matrix2_4[5];  //ОиеѓВЫЕЅ2-4
   29          struct MenuItem Menu_Matrix5_9[4];  //ОиеѓВЫЕЅ5-9 
   30          struct MenuItem Menu_FuncImg[7];    //КЏЪ§ЭМЯёНчУц 
   31          struct MenuItem Menu_ODEFunc[6];    //ГЃЮЂЗжЗНГЬНчУц    
   32          struct MenuItem Menu_Sensus[4];
   33          struct MenuItem Menu_Sensus1[3];
   34                  
   35                  
   36          //НсЙЙЬхЪЕЯж 
   37          struct MenuItem Menu_Main[9]= 
   38          { 
   39              {8,"1.ЦеЭЈМЦЫу",Menu_MainFunc1,Null,Null}, 
   40              {8,"2.ИДЪ§\xfdМЦЫу",Menu_MainFunc2,Null,Null}, 
   41              {8,"3.ОиеѓдЫЫу",Nop,Menu_Matrix,Null}, 
   42              {8,"4.КЏЪ§\xfdЭМЯё",Nop,Menu_FuncImg,Null}, 
   43              {8,"5.НтЗНГЬ",Menu_MainFunc5,Null,Null}, 
   44              {8,"6.ЭГМЦ",Nop,Menu_Sensus,Null}, 
   45              {8,"7.вЛНзГЃЮЂЗжЗНГЬ",Nop,Menu_ODEFunc,Null}, 
   46              {8,"8.ВЮЪ§\xfdЩшжУ",Nop,Menu_Other,Null},  //ЪБМфЯдЪО
   47          //    {9,"9.дЄСє",Nop,Null,Null},  //ЙІФмЩшжУ
   48          };
*** WARNING C91 IN LINE 41 OF menu.c: '&': pointer to different objects
*** WARNING C91 IN LINE 42 OF menu.c: '&': pointer to different objects
*** WARNING C91 IN LINE 44 OF menu.c: '&': pointer to different objects
*** WARNING C91 IN LINE 45 OF menu.c: '&': pointer to different objects
*** WARNING C91 IN LINE 46 OF menu.c: '&': pointer to different objects
   49          
   50          struct MenuItem Menu_Matrix[10]= 
   51          { 
   52              {10,"1.МЦЫуааСаЪН",Nop,Menu_Matrix1,Menu_Main}, 
C251 COMPILER V5.60.0,  menu                                                               22/03/23  11:38:00  PAGE 2   

   53              {10,"2.МЦЫуОиеѓМгЗЈ",Nop,Menu_Matrix2_4,Menu_Main}, 
   54              {10,"3.МЦЫуОиеѓМѕЗЈ",Nop,Menu_Matrix2_4,Menu_Main}, 
   55              {10,"4.МЦЫуОиеѓГЫЗЈ",Nop,Menu_Matrix2_4,Menu_Main}, 
   56              {10,"5.МЦЫуЗНеѓИпДЮУн",Nop,Menu_Matrix5_9,Menu_Main}, 
   57              {10,"6.ЧѓОиеѓЕФФц",Nop,Menu_Matrix5_9,Menu_Main}, 
   58              {10,"7.ЧѓзЊжУОиеѓ",Nop,Menu_Matrix5_9,Menu_Main}, 
   59              {10,"8.ЧѓОиеѓЕФжШ",Nop,Menu_Matrix5_9,Menu_Main},  
   60              {10,"9.МЦЫуОиеѓЕФЪ§\xfdГЫ",Nop,Menu_Matrix5_9,Menu_Main},  
   61              {10,"0.ЗЕЛи",Nop,Nop,Menu_Main}, 
   62          };
*** WARNING C91 IN LINE 52 OF menu.c: '&': pointer to different objects
*** WARNING C91 IN LINE 53 OF menu.c: '&': pointer to different objects
*** WARNING C91 IN LINE 54 OF menu.c: '&': pointer to different objects
*** WARNING C91 IN LINE 55 OF menu.c: '&': pointer to different objects
*** WARNING C91 IN LINE 56 OF menu.c: '&': pointer to different objects
*** WARNING C91 IN LINE 57 OF menu.c: '&': pointer to different objects
*** WARNING C91 IN LINE 58 OF menu.c: '&': pointer to different objects
*** WARNING C91 IN LINE 59 OF menu.c: '&': pointer to different objects
*** WARNING C91 IN LINE 60 OF menu.c: '&': pointer to different objects
*** WARNING C91 IN LINE 61 OF menu.c: '&': pointer to different objects
*** WARNING C91 IN LINE 61 OF menu.c: '&': pointer to different objects
   63          struct MenuItem Menu_Matrix1[4]= 
   64          { 
   65              {4,"1.ааСаЪННз",Menu_MainFunc31,Null,Menu_Matrix}, 
   66              {4,"2.ВщПДВЂИќИФ",Menu_MainFunc31,Null,Menu_Matrix}, 
   67              {4,"3.МЦЫуааСаЪН",Menu_MainFunc31,Null,Menu_Matrix}, 
   68              {4,"0.ЗЕЛи",Nop,Null,Menu_Matrix}, 
   69          };
*** WARNING C91 IN LINE 68 OF menu.c: '&': pointer to different objects
   70          struct MenuItem Menu_Matrix2_4[5]= 
   71          { 
   72              {5,"1.ОиеѓЕФНз",Menu_MainFunc32,Null,Menu_Matrix}, 
   73              {5,"2.аоИФЕквЛОиеѓ",Menu_MainFunc32,Null,Menu_Matrix}, 
   74              {5,"3.аоИФЕкЖўОиеѓ",Menu_MainFunc32,Null,Menu_Matrix}, 
   75              {5,"4.МЦЫуОиеѓ",Menu_MainFunc32,Null,Menu_Matrix}, 
   76              {5,"0.ЗЕЛи",Nop,Null,Menu_Matrix},     
   77          };
*** WARNING C91 IN LINE 76 OF menu.c: '&': pointer to different objects
   78          struct MenuItem Menu_Matrix5_9[4]= 
   79          { 
   80              {4,"1.ЩшжУОиеѓааСа",Menu_MainFunc33,Null,Menu_Matrix}, 
   81              {4,"2.ВщПДЛђаоИФОиеѓ",Menu_MainFunc33,Null,Menu_Matrix}, 
   82              {4,"3.      ",Menu_MainFunc33,Null,Menu_Matrix}, 
   83              {4,"0.ЗЕЛи",Menu_MainFunc33,Null,Menu_Matrix}, 
   84          };
   85          
   86          struct MenuItem Menu_FuncImg[7]= 
   87          { 
   88              {7,"1.д­ЕузјБъX0",Menu_MainFunc4,Null,Menu_Main}, 
   89              {7,"2.д­ЕузјБъy0",Menu_MainFunc4,Null,Menu_Main}, 
   90              {7,"3.КсзјБъЕЅЮЛГЄЖШ",Menu_MainFunc4,Null,Menu_Main}, 
   91              {7,"4.знзјБъЕЅЮЛГЄЖШ",Menu_MainFunc4,Null,Menu_Main},
   92              {7,"5.ЭМЯёБэДяЪН",Menu_MainFunc4,Null,Menu_Main}, 
   93              {7,"6.ЯдЪОЭМЯё",Menu_MainFunc4,Null,Menu_Main},   
   94              {7,"0.ЗЕЛи",Nop,Null,Menu_Main},      
   95          };
*** WARNING C91 IN LINE 94 OF menu.c: '&': pointer to different objects
   96          
   97          struct MenuItem Menu_Sensus[4]= 
   98          { 
   99              {4,"1.ЪфШыЪ§\xfdОнИіЪ§\xfd",Menu_MainFunc6,Null,Menu_Main}, 
  100              {4,"2.ЪфШыЪ§\xfdОн",Menu_MainFunc6,Null,Menu_Main}, 
  101              {4,"3.МЦЫу",Nop,Menu_Sensus1,Menu_Main},   
  102              {4,"0.ЗЕЛи",Nop,Null,Menu_Main},      
  103          };
*** WARNING C91 IN LINE 101 OF menu.c: '&': pointer to different objects
C251 COMPILER V5.60.0,  menu                                                               22/03/23  11:38:00  PAGE 3   

*** WARNING C91 IN LINE 102 OF menu.c: '&': pointer to different objects
  104          struct MenuItem Menu_Sensus1[3]= 
  105          { 
  106              {3,"1.ВщПДЪ§\xfdОнНсЙћ",Menu_MainFunc61,Null,Menu_Sensus}, 
  107              {3,"2.ВщПДжкЪ§\xfd",Menu_MainFunc61,Null,Menu_Sensus},  
  108              {3,"0.ЗЕЛи",Nop,Null,Menu_Main},      
  109          };
*** WARNING C91 IN LINE 108 OF menu.c: '&': pointer to different objects
  110          
  111          
  112          struct MenuItem Menu_ODEFunc[6]= 
  113          { 
  114              {6,"1.гвБпЕФКЏЪ§\xfdЪЧ",Menu_MainFunc7,Null,Menu_Main}, 
  115              {6,"2.зѓЖЫЕуa",Menu_MainFunc7,Null,Menu_Main}, 
  116              {6,"3.гвЖЫЕуb",Menu_MainFunc7,Null,Menu_Main}, 
  117              {6,"4.ВНГЄh",Menu_MainFunc7,Null,Menu_Main},  
  118              {6,"5.зѓЖЫЕуЕФy жЕ",Menu_MainFunc7,Null,Menu_Main}, 
  119              {6,"6.НсЙћ",Menu_MainFunc7,Null,Menu_Main},      
  120          };
  121          
  122          
  123          //НсЙЙЬхЪЕЯж 
  124          struct MenuItem Menu_Other[9]= 
  125          { 
  126              {6,"1.ЦСФЛССЖШ",Menu_MainFunc8,Null,Menu_Main}, 
  127              {6,"2.shift ЬсЪО",Menu_MainFunc8,Null,Menu_Main}, 
  128              {6,"3.НкЕчЩшжУ",Menu_MainFunc8,Null,Menu_Main}, 
  129              {6,"4.ШеЦкЩшжУ",Menu_MainFunc8,Null,Menu_Main}, 
  130              {6,"5.ЪБжгЩшжУ",Menu_MainFunc8,Null,Menu_Main}, 
  131              {6,"6.Йигк",Menu_MainFunc8,Null,Menu_Main}, 
  132          };
  133          
  134          //------------------------------------------------------------------ВЫЕЅГѕЪМЛЏЁЂВЫЕЅЧаЛЛЁЂКЏЪ§жДааЕШЕФЕФВ
             -йзїКЏЪ§-------------------------------------------------------------
  135          void Menu_Init(void)
  136          {
  137   1          P_menu = &Menu_Main[0];      //жИеыжИЯђГѕЪМНкЕу 
  138   1              P_Index.Menu_Depth = 0; //ВЫЕЅЩюЖШЮЊ0
  139   1          function = Nop;
  140   1          P_Index.Menu_KeyFunc = 0;   //ВЫЮЬРэ
  141   1      //    Menu_Display();//ЯдЪОЦСЩЯЯдЪОВЫЕЅ
  142   1      }
  143          
  144          void Menu_Display(void)
  145          {
  146   1              int i,j;
  147   1              
  148   1              j = P_Index.Menu_Start[P_Index.Menu_Depth];             //ЕБЧАвГУцПЊЪМЕФЕФбЁЯю
  149   1              Screen_Clear();
  150   1      
  151   1                      
  152   1          for( i=0;i<4;i++ )
  153   1          {
  154   2              if( i<P_menu[0].MenuCount )
  155   2                  Screen_ShowStr(0,(u8)(i*2),P_menu[i+j].DisplayString);
  156   2              else 
  157   2                  break;
  158   2              
  159   2          }    
  160   1          if( P_Index.Menu_Depth==2 )    //ЧПжЦЯдЪО
  161   1          {
  162   2              switch( P_Index.Menu_Pilot[P_Index.Menu_Depth-1] )
  163   2              {
  164   3                  case 4:Screen_ShowStr(16,4,"ЪфШыДЮЗНn");
  165   3                         Screen_ShowStr(0,6,"4.МЦЫу  0.ЗЕЛи");break;
  166   3                  
C251 COMPILER V5.60.0,  menu                                                               22/03/23  11:38:00  PAGE 4   

  167   3                  case 5:Screen_ShowStr(16,4,"ВщПДОиеѓЕФФц");break;
  168   3                  case 6:
  169   3                      Screen_ShowStr(16,4,"ВщПДзЊЛЛКѓОиеѓ");break;
  170   3                  case 7:Screen_ShowStr(16,4,"ВщПДОиеѓЕФжШ");break;  
  171   3                  case 8:Screen_ShowStr(16,4,"ЪфШыЪ§\xfdГЫЯЕЪ§\xfdk");
  172   3                          Screen_ShowStr(0,6,"4.МЦЫу  0.ЗЕЛи");
  173   3                          break; 
  174   3              }
  175   2              //Screen_ShowFreshen();
  176   2          }
  177   1          Screen_ShowFreshen();
  178   1      }
  179          
  180          void Run(struct MenuItem *manyou) 
  181          { 
  182   1              (*(manyou->Subs))(); 
  183   1      }
  184          
  185          void Menu_Deal(char* key)
  186          {
  187   1          u8 keyval = *key;
  188   1          
  189   1          if( P_Index.Menu_KeyFunc==0 )               //ВЫЕЅЧаЛЛ
  190   1          {
  191   2              if( keyval >0 )
  192   2              {
  193   3                  if( keyval==4 ) //ЩЯЗ­
  194   3                  {
  195   4                      if( P_Index.Menu_Start[P_Index.Menu_Depth]>0 )
  196   4                          P_Index.Menu_Start[P_Index.Menu_Depth]--;
  197   4                  }
  198   3                  else if( keyval==9 ) //ЯТЗ­
  199   3                  {
  200   4                      if( P_Index.Menu_Start[P_Index.Menu_Depth]+4<P_menu[0].MenuCount )
  201   4                          P_Index.Menu_Start[P_Index.Menu_Depth]++;           //жИеы             
  202   4                  } 
  203   3                  else if(( keyval==22 )||( keyval=='0' )) //ЗЕЛи
  204   3                  {
  205   4                      unsigned char p =  P_Index.Menu_Start[P_Index.Menu_Depth];              //МЦЫуЕБЧАбЁжаЕФЯюЕФБрКХ
  206   4                      if( P_menu[p].Parentms != Null )
  207   4                      {
  208   5                          P_Index.Menu_Start[P_Index.Menu_Depth]=0;
  209   5                          P_Index.Menu_Pilot[P_Index.Menu_Depth]=0;
  210   5                          
  211   5                          P_Index.Menu_Depth--;
  212   5                          P_menu = P_menu[p].Parentms;
  213   5                      }  
  214   4      
  215   4                  } 
  216   3                  else if(( keyval >='1' )&&( keyval<='9' )) //НјШы
  217   3                  {
  218   4                     // if( (u8)(keyval-'0')<(u8)P_menu[P_Index.Menu_Depth-1].MenuCount )
  219   4                      {                    
  220   5                          unsigned char p = keyval-'1' ;              //МЦЫуЕБЧАбЁжаЕФЯюЕФБрКХ
  221   5                          
  222   5                          if( P_menu[p].Childrenms != Null )
  223   5                          {
  224   6                              P_Index.Menu_Pilot[P_Index.Menu_Depth]=p;
  225   6                              P_Index.Menu_Depth++;
  226   6                              P_menu = P_menu[p].Childrenms;
  227   6                          }
  228   5                          else if( P_menu[p].Subs != Null )
  229   5                          { 
  230   6                              P_Index.Menu_Pilot[P_Index.Menu_Depth]=p;
  231   6                              Run( &P_menu[p]);
  232   6                          }  
C251 COMPILER V5.60.0,  menu                                                               22/03/23  11:38:00  PAGE 5   

  233   5                      }                
  234   4                  }     
  235   3                  if( P_Index.Menu_KeyFunc==0 )
  236   3                  {
  237   4                      Menu_Display();
  238   4                  }
  239   3                  *key = 0;            
  240   3              }
  241   2              if( state>0 )
  242   2              {
  243   3                  Menu_Display();
  244   3                  state = 0;
  245   3              }
  246   2          }
  247   1          else
  248   1          {
  249   2              if( keyval==5 )
  250   2              {
  251   3                  Menu_Display();  
  252   3                  P_Index.Menu_KeyFunc=0;
  253   3              }
  254   2              else
  255   2                  function(keyval);
  256   2              *key = 0;
  257   2          }
  258   1      }
  259          
  260          //------------------------------------------------------------------ВЫЕЅГѕЪМЛЏвдМАВЫЕЅЧаЛЛЕФВйзїКЏЪ§-----
             ---------------------------------------------------------
  261          void Menu_MainFunc1(void)
  262          {
  263   1              Screen_Clear();
  264   1              P_Index.Menu_KeyFunc = 1;
  265   1          state = 0;
  266   1          g_chCalcStatus = CALC_NORMAL;
  267   1              function = normal_calculate;
  268   1      }
  269          
  270          void Menu_MainFunc2(void)
  271          {
  272   1              Screen_Clear();
  273   1              P_Index.Menu_KeyFunc = 1;
  274   1          state = 0;
  275   1          g_chCalcStatus = CALC_COMPLEX;
  276   1              function = complex_calculate;
  277   1      }
  278          
  279          void Menu_MainFunc31(void)
  280          {
  281   1          unsigned char address = P_Index.Menu_Pilot[P_Index.Menu_Depth];     //ЕБЧАвГУцПЊЪМЕФЕФбЁЯю
  282   1              Screen_Clear();
  283   1              P_Index.Menu_KeyFunc = 1;
  284   1          state = 0;
  285   1          
  286   1          if( address==0 )
  287   1          {
  288   2              function = Ranks_Set;
  289   2          }
  290   1          else if( address==1 )
  291   1          {
  292   2              function = Ranks_Amend;
  293   2          }
  294   1          else if( address==2 )
  295   1          {
  296   2              function = Ranks_Caculate;
  297   2          }
C251 COMPILER V5.60.0,  menu                                                               22/03/23  11:38:00  PAGE 6   

  298   1      }
  299          
  300          void Menu_MainFunc32(void)
  301          {
  302   1          unsigned char address = P_Index.Menu_Pilot[P_Index.Menu_Depth];     //ЕБЧАвГУцПЊЪМЕФЕФбЁЯю
  303   1              Screen_Clear();
  304   1              P_Index.Menu_KeyFunc = 1;
  305   1          state = 0;
  306   1          
  307   1          if( address==0 )
  308   1          {
  309   2              function = Ranks_2_4Set;
  310   2          }
  311   1          else if( address==1 )
  312   1          {
  313   2              function = Ranks_AmendA;
  314   2          }
  315   1          else if( address==2 )
  316   1          {
  317   2              function = Ranks_AmendB;
  318   2          }
  319   1          else if( address==3 )
  320   1          {
  321   2              function = Ranks_Caculate2;
  322   2          }    
  323   1      }
  324          
  325          void Menu_MainFunc33(void)
  326          {
  327   1          unsigned char address = P_Index.Menu_Pilot[P_Index.Menu_Depth];     //ЕБЧАвГУцПЊЪМЕФЕФбЁЯю
  328   1              Screen_Clear();
  329   1              P_Index.Menu_KeyFunc = 1;
  330   1          state = 0;
  331   1          
  332   1          if( address==0 )
  333   1          {
  334   2              if(( P_Index.Menu_Pilot[P_Index.Menu_Depth-1]==6 )
  335   2                  ||( P_Index.Menu_Pilot[P_Index.Menu_Depth-1]==7 )
  336   2                  ||( P_Index.Menu_Pilot[P_Index.Menu_Depth-1]==8 )
  337   2              )
  338   2                  function = Ranks_2_4Set;       //нШыааКЭСаЩЕжЕ
  339   2              else
  340   2                  function = Ranks_Set;       //нШы1-5n
  341   2          }
  342   1          else if( address==1 )
  343   1          {
  344   2              function = Ranks_AmendA;        //ЪфШыОиеѓ
  345   2          }
  346   1          else if( address==2 )
  347   1          {
  348   2              switch( P_Index.Menu_Pilot[P_Index.Menu_Depth-1] )
  349   2              {
  350   3                  case 4:function = Ranks_Setpower;break;     //ДЮЗНнШы
  351   3                  case 5:function = Ranks_Caculate3;break;   //ВщПДОиеѓЕФФц
  352   3                  case 6:function = Ranks_Caculate3;break;//ВщПДзЊЛЛКѓОиеѓ
  353   3                  case 7:function = Ranks_changeCaculate;break;//ВщПДОиеѓЕФжШ
  354   3                  case 8:function = Ranks_Setpower;break;     //ЪфШыЪ§ГЫЯЕЪ§k
  355   3                  default:function = Nop;break;
  356   3              }
  357   2          }
  358   1          else if( address==3 )
  359   1          {
  360   2              switch( P_Index.Menu_Pilot[P_Index.Menu_Depth-1] )
  361   2              {
  362   3                  case 4:function = Ranks_Caculate3;break;
  363   3                  case 8:function = Ranks_Caculate3;break;
C251 COMPILER V5.60.0,  menu                                                               22/03/23  11:38:00  PAGE 7   

  364   3                  default:function = Nop;break;
  365   3              }
  366   2              //function = Ranks_Caculate2;
  367   2          }    
  368   1      }
  369          
  370          void Menu_MainFunc4(void)
  371          {
  372   1          unsigned char address = P_Index.Menu_Pilot[P_Index.Menu_Depth];     //ЕБЧАвГУцПЊЪМЕФЕФбЁЯю
  373   1              Screen_Clear();
  374   1              P_Index.Menu_KeyFunc = 1;
  375   1          state = 0;
  376   1          g_chCalcStatus = CALC_NORMAL;
  377   1          
  378   1          if( address==0 )
  379   1          {
  380   2              function = FuncPic_SetX0;
  381   2          }
  382   1          else if( address==1 )
  383   1          {
  384   2              function = FuncPic_SetY0;
  385   2          }
  386   1          else if( address==2 )
  387   1          {
  388   2              function = FuncPic_SetKX;
  389   2          }
  390   1          else if( address==3 )
  391   1          {
  392   2              function = FuncPic_SetKY;
  393   2          }    
  394   1          else if( address==4 )
  395   1          {
  396   2              function = FuncPic_Write;
  397   2          }   
  398   1          else if( address==5 )
  399   1          {
  400   2              function = FuncPic_ShowPic;
  401   2          }        
  402   1      }
  403          
  404          
  405          void Menu_MainFunc5(void)
  406          {
  407   1          unsigned char address = P_Index.Menu_Pilot[P_Index.Menu_Depth];     //ЕБЧАвГУцПЊЪМЕФЕФбЁЯю
  408   1              Screen_Clear();
  409   1              P_Index.Menu_KeyFunc = 1;
  410   1          state = 0;
  411   1          function = Solve;    
  412   1      }
  413          
  414          void Menu_MainFunc6(void)
  415          {
  416   1          unsigned char address = P_Index.Menu_Pilot[P_Index.Menu_Depth];     //ЕБЧАвГУцПЊЪМЕФЕФбЁЯю
  417   1              Screen_Clear();
  418   1              P_Index.Menu_KeyFunc = 1;
  419   1          state = 0;
  420   1          if( address==0 )
  421   1              function = Sensus_Set;  
  422   1          else if( address==1 )
  423   1              function =  Sensus_Amend;
  424   1      }
  425          void Menu_MainFunc61(void)
  426          {
  427   1          unsigned char address = P_Index.Menu_Pilot[P_Index.Menu_Depth];     //ЕБЧАвГУцПЊЪМЕФЕФбЁЯю
  428   1              Screen_Clear();
  429   1              P_Index.Menu_KeyFunc = 1;
C251 COMPILER V5.60.0,  menu                                                               22/03/23  11:38:00  PAGE 8   

  430   1          state = 0;
  431   1          if( address==0 )
  432   1              function = Sensus_Check;  
  433   1          else if( address=1 )
*** WARNING C137 IN LINE 433 OF menu.c: constant in condition expression
  434   1          function =  Sensus_Check2;
  435   1      }
  436          
  437          void Menu_MainFunc7(void)
  438          {
  439   1          unsigned char address = P_Index.Menu_Pilot[P_Index.Menu_Depth];     //ЕБЧАвГУцПЊЪМЕФЕФбЁЯю
  440   1              Screen_Clear();
  441   1              P_Index.Menu_KeyFunc = 1;
  442   1          state = 0;
  443   1          g_chCalcStatus = CALC_NORMAL; 
  444   1          if( address==0 )
  445   1              function = calculus_funcWR;  
  446   1          else if( address==1 )
  447   1              function =  calculus_funcWRa;
  448   1          else if( address==2 )
  449   1              function =  calculus_funcWRb;
  450   1          else if( address==3 )
  451   1              function =  calculus_funcWRh;
  452   1          else if( address==4 )
  453   1              function =  calculus_funcWRy;    
  454   1          else if( address==5 )
  455   1              function =  calculus_funcShow;
  456   1          
  457   1      }
  458          void Menu_MainFunc8(void)
  459          {
  460   1          unsigned char address = P_Index.Menu_Pilot[P_Index.Menu_Depth];     //ЕБЧАвГУцПЊЪМЕФЕФбЁЯю
  461   1              Screen_Clear();
  462   1              P_Index.Menu_KeyFunc = 1;
  463   1          state = 0;
  464   1      
  465   1          if( address==0 )
  466   1              function = Set_Light;  
  467   1          else if( address==1 )
  468   1              function =  Set_LightShift;
  469   1          else if( address==2 )
  470   1              function =  Set_Sleep;
  471   1          else if( address==3 )
  472   1              function =  Set_Data;
  473   1          else if( address==4 )
  474   1              function =Set_Time  ;    
  475   1      //    else if( address==5 )
  476   1      //        function =  calculus_funcShow;
  477   1          
  478   1      }
  479          


Module Information          Static   Overlayable
------------------------------------------------
  code size            =      1381     ------
  ecode size           =    ------     ------
  data size            =    ------     ------
  idata size           =    ------     ------
  pdata size           =    ------     ------
  xdata size           =    ------     ------
  xdata-const size     =    ------     ------
  edata size           =      1919          1
  bit size             =    ------     ------
  ebit size            =    ------     ------
  bitaddressable size  =    ------     ------
  ebitaddressable size =    ------     ------
C251 COMPILER V5.60.0,  menu                                                               22/03/23  11:38:00  PAGE 9   

  far data size        =    ------     ------
  huge data size       =    ------     ------
  const size           =    ------     ------
  hconst size          =      2037     ------
End of Module Information.


C251 COMPILATION COMPLETE.  24 WARNING(S),  0 ERROR(S)
