C251 COMPILER V5.60.0,  solve_equation                                                     27/09/22  13:55:47  PAGE 1   


C251 COMPILER V5.60.0, COMPILATION OF MODULE solve_equation
OBJECT MODULE PLACED IN .\obj\solve_equation.obj
COMPILER INVOKED BY: C:\Keil_v5\C251\BIN\C251.EXE Resource\solve_equation.c XSMALL ROM(HUGE) BROWSE INCDIR(.\Resource;.\
                    -ware;.\src;.\middle) DEBUG PRINT(.\obj\solve_equation.lst) OBJECT(.\obj\solve_equation.obj) 

stmt  level    source

    1          #include <stdio.h>
    2          #include <math.h>
    3          #include "middle.h"
    4          #include "keyboard_device.h"
    5          #include "alg_atof.h"
    6          #include "solve_equation.h"
    7          #include "alg_caculate.h"
    8          extern uchar g_chCalcStatus;
    9          //#include <stdlib.h> 
   10          
   11          //a+b*x+c*x^2+d*x^3+e*x^4...
   12          
   13          extern uchar num0;
   14          
   15          double F1(double x,double a,double b,double c,double d,double e)//д­КЏЪ§ 
   16          {
   17   1              return  e + d*x + c*x*x + b*x*x*x + a*x*x*x*x; 
   18   1      }
   19          
   20          double F2(double x,double a,double b,double c,double d)//д­КЏЪ§ЕФвЛНзЕМКЏЪ§
   21          {
   22   1              return  d + 2*c*x + 3*b*x*x + 4*a*x*x*x; 
   23   1      }
   24          
   25          double Newton(double x0,double precision,double a,double b,double c,double d,double e,uchar* x)//ХЃЖйЗЈ 
   26          {
   27   1              double x1;
   28   1              uchar wrong[6]  = "wrong";//ДцзХwrongЕФзжЗћДЎЃЌ5+1ИіЕЅдЊ 
   29   1              uint solve_equation_count=0;
   30   1              if(x0==0.0 )
   31   1              {
   32   2                      if(F1(x0,a,b,c,d,e)==0.0)
   33   2                      {
   34   3                              sprintf(x,"%g",x0); 
   35   3                              return 1;
   36   3                      }
   37   2                      else
   38   2                              x0=x0+0.000001;
   39   2              }
   40   1              
   41   1              do
   42   1              {
   43   2               x1 = x0;
   44   2               x0 = x1 - F1(x1,a,b,c,d,e) / F2(x1,a,b,c,d);
   45   2               solve_equation_count++;
   46   2               if( solve_equation_count >1000)
   47   2               {
   48   3                      uchar i=0;
   49   3                      for(i=0;i<5;i++)
   50   3                      {
   51   4                              x[i]=wrong[i];
   52   4                      }
   53   3                      x[i]='\0';//МЧЕУИјзжЗћДЎxМгЩЯНсЮВЕФ 0 
   54   3               
   55   3                      return 0;
   56   3               }
   57   2                      
   58   2              }
C251 COMPILER V5.60.0,  solve_equation                                                     27/09/22  13:55:47  PAGE 2   

   59   1              while (fabs(x1 - x0) > precision  );
   60   1              sprintf(x,"%g",x0); 
   61   1              return 1;
   62   1      }
   63          
   64          void read_keyboard(uchar *str,uchar length,double *shuzhi)//ДЋНјзжЗћДЎЕФжИеыКЭГЄЖШ
   65                                                                  //ЖСШЁМќХЬЕФЪ§жЕЃЌжБЕНАДЯТЁћЛђепЁњЛђеп= ,
   66          {                                                       //гЩгкnum0ЪЧШЋОжБфСПЃЌЫљвд'='ЛсБЛДЋГіРДЃЌФмгааЇгАЯьКѓајХаЖЯ  
   67   1              uchar  count_numbers=0;//МЧТМЪфШыСЫМИИігааЇЪ§зжЛђЗћКХ
   68   1              num0 = keyboard_output();
   69   1              while( num0!= 5 && num0!= 7 && num0!='=' )      //б­ЛЗжБЕНАДЯТЁћЛђепЁњЛђеп= 
   70   1              {
   71   2                      if( count_numbers<(length) )
   72   2                      {
   73   3                              if( ( num0>='0' && num0<='9' ) || num0=='.' || num0=='-' )
   74   3                              {
   75   4                                      if(count_numbers==0)
   76   4                                      {
   77   5                                              for(length=0;length<16;length++)
   78   5                                              {
   79   6                                                      str[length]=' ';
   80   6                                              }
   81   5                                              str[length-1]=0;
   82   5                                      }
   83   4                                      str[count_numbers]=num0;
   84   4                                      count_numbers++;
   85   4                              }
   86   3                              else if(num0==18) //ШчЙћЪЧDELМќ
   87   3                              {
   88   4                                      if(count_numbers > 0)
   89   4                                      {
   90   5                                              count_numbers--;
   91   5                                              str[count_numbers]=' ';
   92   5                                      }       
   93   4                              }
   94   3      //                      lcd_set_pos(3,0);
   95   3      //                      lcd_write_str("                ");
   96   3                              lcd_set_pos(3,0);
   97   3                              lcd_write_str(str);
   98   3                      }
   99   2                      num0 = keyboard_output();
  100   2              }
  101   1              if(count_numbers>0)
  102   1              {
  103   2                      *shuzhi=alg_atof(str);
  104   2                      sprintf(str,"%g",*shuzhi);
  105   2              }
  106   1      } 
  107          
  108          
  109          void solve_equation()
  110          {       
  111   1              int n;  //зюИпНзЪ§
  112   1              uchar page_i = 0;
  113   1              
  114   1              uchar temp_buff[17];//БЃДцИїИіЯЕЪ§ЕФзжЗћДЎ,ЯдЪО10Иі+НсЮВ1Иі 
  115   1      //      uchar b[17];
  116   1      //      uchar c[17];
  117   1      //      uchar d[17];
  118   1      //      uchar e[17];
  119   1      //      uchar x0[17];//БЃДцНќЫЦНтx0ЕФзжЗћДЎ
  120   1      //      uchar x[17];// БЃДцНтxЕФзжЗћДЎ
  121   1              uchar wrong[6]  = "wrong";//ДцзХwrongЕФзжЗћДЎЃЌ5+1ИіЕЅдЊ 
  122   1              double a_shuzhi = 0;
  123   1              double b_shuzhi = 0;
  124   1              double c_shuzhi = 0;
C251 COMPILER V5.60.0,  solve_equation                                                     27/09/22  13:55:47  PAGE 3   

  125   1              double d_shuzhi = 0;
  126   1              double e_shuzhi = 0;
  127   1              double x0_shuzhi= 0;
  128   1              double x_shuzhi = 0;    //xЪЧЧѓЕУЕФИљ 
  129   1      
  130   1              uchar i;
  131   1              g_chCalcStatus = CALC_NORMAL;
  132   1              for(i=0;i<16;i++)
  133   1              {
  134   2                      temp_buff[i]=' ';
  135   2              }
  136   1              temp_buff[16]=0;
  137   1      
  138   1              lcd_clear();
  139   1              lcd_clear_pic();
  140   1              lcd_set_pos(0,0);
  141   1              lcd_write_str("y=aX^4+bX^3+cX^2");//Ек0ааКЭЕквЛааЯдЪОКЏЪ§ 
  142   1              lcd_set_pos(1,1);
  143   1              lcd_write_str("+dX+e     OK?=");
  144   1              
  145   1              
  146   1      //ЪфШыИїЯюЯЕЪ§ 
  147   1              num0=0xff;
  148   1              while( num0 != '=' )//ЕБЪфШыЕФВЛЪЧ'='ЃЌЛсвЛжБЩЈУшМќХЬЕФЪфШы,
  149   1              {                                       //whileРяУцХаЖЯЪфШыЪЧ'1','2'ЛђепЁћ Ёњ,ЦфЫћЪфШыБЛЖЊЦњ  
  150   2                      switch( page_i )
  151   2                      {
  152   3                              case 0:
  153   3                              
  154   3                                      lcd_set_pos(2,0);
  155   3                                      lcd_write_str("a =           ");
  156   3                                      lcd_write_dat(' ');
  157   3                                      lcd_write_dat(0x1a);// Ёњ
  158   3                                      
  159   3                                      lcd_set_pos(3,0);
  160   3                                      sprintf(temp_buff,"%g",a_shuzhi);
  161   3                                      lcd_write_str(temp_buff);
  162   3      
  163   3                                      read_keyboard(temp_buff,17,&a_shuzhi);//ЕїгУread_keyboardКЏЪ§ЃЌЛсвЛжБЩЈУшМќХЬ,//жБЕНАДЯТЁћЁњЛђеп'='     
             -        
  164   3                                      break;
  165   3                              case 1:
  166   3                                      lcd_set_pos(2,0);
  167   3                                      lcd_write_str("b =           ");
  168   3                                      lcd_write_dat(0x1b);//Ёћ
  169   3                                      lcd_write_dat(0x1a);//Ёњ
  170   3                                      
  171   3                                      lcd_set_pos(3,0);
  172   3                                      sprintf(temp_buff,"%g",b_shuzhi);
  173   3                                      lcd_write_str(temp_buff);
  174   3      
  175   3                                      read_keyboard(temp_buff,17,&b_shuzhi);//ЕїгУread_keyboardКЏЪ§ЃЌЛсвЛжБЩЈУшМќХЬ,//жБЕНАДЯТЁћЁњЛђеп'='     
             -                                
  176   3                                      break;
  177   3                              case 2:
  178   3                                      lcd_set_pos(2,0);
  179   3                                      lcd_write_str("c =           ");
  180   3                                      lcd_write_dat(0x1b);//Ёћ
  181   3                                      lcd_write_dat(0x1a);//Ёњ
  182   3                                      lcd_set_pos(3,0);
  183   3                                      sprintf(temp_buff,"%g",c_shuzhi);
  184   3                                      lcd_write_str(temp_buff);
  185   3      
  186   3                                      read_keyboard(temp_buff,17,&c_shuzhi);//ЕїгУread_keyboardКЏЪ§ЃЌЛсвЛжБЩЈУшМќХЬ,//жБЕНАДЯТЁћЁњЛђеп'='  
             -        
  187   3                                      break;
C251 COMPILER V5.60.0,  solve_equation                                                     27/09/22  13:55:47  PAGE 4   

  188   3                              case 3:
  189   3                                      lcd_set_pos(2,0);
  190   3                                      lcd_write_str("d =           ");
  191   3                                      lcd_write_dat(0x1b);//Ёћ
  192   3                                      lcd_write_dat(0x1a);//Ёњ
  193   3                                      lcd_set_pos(3,0);
  194   3                                      sprintf(temp_buff,"%g",d_shuzhi);
  195   3                                      lcd_write_str(temp_buff);
  196   3      
  197   3                                      read_keyboard(temp_buff,17,&d_shuzhi);//ЕїгУread_keyboardКЏЪ§ЃЌЛсвЛжБЩЈУшМќХЬ,//жБЕНАДЯТЁћЁњЛђеп'=' 
  198   3                                      break;
  199   3                              case 4:
  200   3                                      lcd_set_pos(2,0);
  201   3                                      lcd_write_str("e =           ");
  202   3                                      lcd_write_dat(0x1b);//Ёћ
  203   3                                      lcd_write_dat(0x1a);//Ёњ
  204   3                                      lcd_set_pos(3,0);
  205   3                                      sprintf(temp_buff,"%g",e_shuzhi);
  206   3                                      lcd_write_str(temp_buff);
  207   3      
  208   3                                      read_keyboard(temp_buff,17,&e_shuzhi);//ЕїгУread_keyboardКЏЪ§ЃЌЛсвЛжБЩЈУшМќХЬ,//жБЕНАДЯТЁћЁњЛђеп'=' 
  209   3                                      break;
  210   3                              case 5:
  211   3                                      lcd_set_pos(2,0);
  212   3                                      lcd_write_str("x0=           ");
  213   3                                      lcd_write_dat(0x1b);//Ёћ
  214   3                                      lcd_write_dat(' ');//Ёњ
  215   3                                      lcd_set_pos(3,0);
  216   3                                      sprintf(temp_buff,"%g",x0_shuzhi);
  217   3                                      lcd_write_str(temp_buff);
  218   3      
  219   3                                      read_keyboard(temp_buff,17,&x0_shuzhi);//ЕїгУread_keyboardКЏЪ§ЃЌЛсвЛжБЩЈУшМќХЬ,//жБЕНАДЯТЁћЁњЛђеп'=' 
  220   3                                      break;
  221   3                      }
  222   2                      
  223   2                      lcd_set_pos(3,0);
  224   2                      lcd_write_str("                ");//ЧхЕєЕкШ§ааЪ§жЕЃЌзМБИдйДЮб­ЛЗЁЂЛђепЭЫГіЯдЪОНсЙћЕФЪБКђЫЂаТ
  225   2      
  226   2              //      num0 = keyboard_output();//ХаЖЯЪфШыЪЧЁћЛђепЁњ,
  227   2                                                                      //ШчЙћЪЧ'='дкдйвЛДЮДѓб­ЛЗЪБвВЛсЪЖБ№ЃЌЦфЫћЪфШыБЛЖЊЦњ 
  228   2                      switch (num0)
  229   2                      {
  230   3                                      
  231   3                              case 5://Ёћ ЗЕЛиЩЯвЛвГ 
  232   3                                      
  233   3                                      if(page_i<=0)
  234   3                                              page_i=0;
  235   3                                      else  
  236   3                                              page_i--; 
  237   3                                      break;
  238   3                              case 7://Ёњ ЬјЕНЯТвЛвГ 
  239   3                                      if(page_i>=5)
  240   3                                              page_i=5;
  241   3                                      else  
  242   3                                              page_i++; 
  243   3                                      break;
  244   3                      }
  245   2              } 
  246   1              
  247   1      //ЯдЪОНсЙћ
  248   1              //ЯШЧхЦСжиЯд
  249   1              lcd_clear(); 
  250   1               
  251   1              lcd_set_pos(0,0);
  252   1              lcd_write_str("y=aX^4+bX^3+cX^2");//Ек0ааКЭЕквЛааЯдЪОКЏЪ§ 
  253   1              lcd_set_pos(1,1);
C251 COMPILER V5.60.0,  solve_equation                                                     27/09/22  13:55:47  PAGE 5   

  254   1              lcd_write_str("+dX+e");
  255   1              
  256   1              //ХаЖЯзюИпУнДЮ 
  257   1              if( a_shuzhi !=0 )
  258   1              {
  259   2                      n=4;
  260   2              }
  261   1              else if( b_shuzhi !=0 )
  262   1              {
  263   2                      n=3;
  264   2              }
  265   1              else if( c_shuzhi !=0 )
  266   1              {
  267   2                      n=2;
  268   2              }
  269   1              else if( d_shuzhi !=0 )
  270   1              {
  271   2                      n=1;
  272   2              }
  273   1              else
  274   1              {
  275   2                      n=0;
  276   2              }
  277   1              //ИљОнзюИпУнДЮбЁдёЫуЗЈ 
  278   1              if(n==0)
  279   1              {       
  280   2                      uchar i=0;
  281   2                      for(i=0;i<5;i++)
  282   2                      {
  283   3                              temp_buff[i]=wrong[i];
  284   3                      }
  285   2                      temp_buff[i]='\0';//МЧЕУИјзжЗћДЎxМгЩЯНсЮВЕФ 0 
  286   2                      
  287   2              }
  288   1              else if(n==1)
  289   1              {
  290   2                      x_shuzhi = e_shuzhi/d_shuzhi;
  291   2                      sprintf(temp_buff,"%g",x_shuzhi);
  292   2              }        
  293   1              else if(n==2)
  294   1              {
  295   2                      if( ( d_shuzhi * d_shuzhi -4 * c_shuzhi * e_shuzhi ) <0  )
  296   2                      {
  297   3                              uchar i=0;
  298   3                              for(i=0;i<5;i++)
  299   3                              {
  300   4                                      temp_buff[i]=wrong[i];
  301   4                              }
  302   3                              temp_buff[i]='\0';//МЧЕУИјзжЗћДЎxМгЩЯНсЮВЕФ 0 
  303   3                      }               
  304   2                      else
  305   2                      {
  306   3                              x_shuzhi = (-d_shuzhi+sqrt(d_shuzhi*d_shuzhi - 4*c_shuzhi*e_shuzhi)) / (2*c_shuzhi) ;//x2
  307   3                              sprintf(temp_buff,"%g",x_shuzhi);
  308   3                              lcd_set_pos(3,0);
  309   3                              lcd_write_str("x2 =");
  310   3                              lcd_write_str(temp_buff); 
  311   3                              
  312   3                              x_shuzhi = (-d_shuzhi-sqrt(d_shuzhi*d_shuzhi - 4*c_shuzhi*e_shuzhi)) / (2*c_shuzhi) ;//x1
  313   3                              sprintf(temp_buff,"%g",x_shuzhi); 
  314   3                      }
  315   2                              
  316   2              }
  317   1              else 
  318   1              {       
  319   2                  Newton(x0_shuzhi,0.00001,a_shuzhi,b_shuzhi,c_shuzhi,d_shuzhi,e_shuzhi,temp_buff);
C251 COMPILER V5.60.0,  solve_equation                                                     27/09/22  13:55:47  PAGE 6   

  320   2                  
  321   2              }
  322   1              
  323   1              lcd_set_pos(2,0);       //ЭГвЛЯдЪОx1 
  324   1              lcd_write_str("x1 =");
  325   1              lcd_write_str(temp_buff);
  326   1               
  327   1              do{
  328   2                      num0 = keyboard_output();
  329   2              }
  330   1              while( num0!= 5 );
  331   1      } 
  332          
  333             
  334                                  


Module Information          Static   Overlayable
------------------------------------------------
  code size            =    ------     ------
  ecode size           =      2148     ------
  data size            =    ------     ------
  idata size           =    ------     ------
  pdata size           =    ------     ------
  xdata size           =    ------     ------
  xdata-const size     =    ------     ------
  edata size           =    ------        126
  bit size             =    ------     ------
  ebit size            =    ------     ------
  bitaddressable size  =    ------     ------
  ebitaddressable size =    ------     ------
  far data size        =    ------     ------
  huge data size       =    ------     ------
  const size           =    ------     ------
  hconst size          =       170     ------
End of Module Information.


C251 COMPILATION COMPLETE.  0 WARNING(S),  0 ERROR(S)
