C251 COMPILER V5.60.0,  tim                                                                22/03/23  11:37:59  PAGE 1   


C251 COMPILER V5.60.0, COMPILATION OF MODULE tim
OBJECT MODULE PLACED IN .\obj\tim.obj
COMPILER INVOKED BY: C:\Keil_v5\C251\BIN\C251.EXE ware\tim.c XSMALL INTR2 BROWSE INCDIR(.\Resource;.\ware;.\src;.\middle
                    -;.\user) DEBUG PRINT(.\obj\tim.lst) OBJECT(.\obj\tim.obj) 

stmt  level    source

    1          #include "tim.h"
    2          
    3          u32 xdata Sys_Time_10ms = 0;
    4          u32 xdata Time_sleep=0;
    5          //========================================================================
    6          // КЏЪ§: void Timer0_init(void)
    7          // УшЪі: timer0ГѕЪМЛЏКЏЪ§.
    8          // ВЮЪ§: none.
    9          // ЗЕЛи: none.
   10          // АцБО: V1.0, 2015-1-12
   11          //========================================================================
   12          void Timer0_init(void)
   13          {
   14   1              TR0 = 0;    //ЭЃжЙМЦЪ§
   15   1      
   16   1          #if (Timer0_Reload < 64)    // ШчЙћгУЛЇЩшжУжЕВЛКЯЪЪЃЌ дђВЛЦєЖЏЖЈЪБЦї
                       #error "Timer0ЩшжУЕФжаЖЯЙ§Пь!"
               
                   #elif ((Timer0_Reload/12) < 65536UL)    // ШчЙћгУЛЇЩшжУжЕВЛКЯЪЪЃЌ дђВЛЦєЖЏЖЈЪБЦї
   20   1              ET0 = 1;    //дЪаэжаЖЯ
   21   1          //  PT0 = 1;    //ИпгХЯШМЖжаЖЯ
   22   1              TMOD &= ~0x03;
   23   1              TMOD |= 0;  //ЙЄзїФЃЪН, 0: 16ЮЛздЖЏжизА, 1: 16ЮЛЖЈЪБ/МЦЪ§, 2: 8ЮЛздЖЏжизА, 3: 16ЮЛздЖЏжизА, ВЛПЩЦ
             -СБЮжаЖЯ
   24   1          //  T0_CT = 1;  //МЦЪ§
   25   1              T0_CT = 0;  //ЖЈЪБ
   26   1          //  T0CLKO = 1; //ЪфГіЪБжг
   27   1              T0CLKO = 0; //ВЛЪфГіЪБжг
   28   1      
   29   1              #if (Timer0_Reload < 65536UL)
                           T0x12 = 1;  //1T mode
                           TH0 = (u8)((65536UL - Timer0_Reload) / 256);
                           TL0 = (u8)((65536UL - Timer0_Reload) % 256);
                       #else
   34   1                  T0x12 = 0;  //12T mode
   35   1                  TH0 = (u8)((65536UL - Timer0_Reload/12) / 256);
   36   1                  TL0 = (u8)((65536UL - Timer0_Reload/12) % 256);
   37   1              #endif
   38   1      
   39   1              TR0 = 1;    //ПЊЪМдЫаа
   40   1      
   41   1          #else
                       #error "Timer0ЩшжУЕФжаЖЯЙ§Т§!"
                   #endif
   44   1      }
   45          
   46          
   47          //========================================================================
   48          // КЏЪ§: void Timer1_init(void)
   49          // УшЪі: timer1ГѕЪМЛЏКЏЪ§.
   50          // ВЮЪ§: none.
   51          // ЗЕЛи: none.
   52          // АцБО: V1.0, 2015-1-12
   53          //========================================================================
   54          void Timer1_init(void)
   55          {
   56   1              TR1 = 0;    //ЭЃжЙМЦЪ§
   57   1      
C251 COMPILER V5.60.0,  tim                                                                22/03/23  11:37:59  PAGE 2   

   58   1          #if (Timer1_Reload < 64)    // ШчЙћгУЛЇЩшжУжЕВЛКЯЪЪЃЌ дђВЛЦєЖЏЖЈЪБЦї
                       #error "Timer1ЩшжУЕФжаЖЯЙ§Пь!"
               
                   #elif ((Timer1_Reload/12) < 65536UL)    // ШчЙћгУЛЇЩшжУжЕВЛКЯЪЪЃЌ дђВЛЦєЖЏЖЈЪБЦї
   62   1              ET1 = 1;    //дЪаэжаЖЯ
   63   1          //  PT1 = 1;    //ИпгХЯШМЖжаЖЯ
   64   1              TMOD &= ~0x30;
   65   1              TMOD |= (0 << 4);   //ЙЄзїФЃЪН, 0: 16ЮЛздЖЏжизА, 1: 16ЮЛЖЈЪБ/МЦЪ§, 2: 8ЮЛздЖЏжизА
   66   1          //  T1_CT = 1;  //МЦЪ§
   67   1              T1_CT = 0;  //ЖЈЪБ
   68   1          //  T1CLKO = 1; //ЪфГіЪБжг
   69   1              T1CLKO = 0; //ВЛЪфГіЪБжг
   70   1      
   71   1              #if (Timer1_Reload < 65536UL)
                           T1x12 = 1;  //1T mode
                           TH1 = (u8)((65536UL - Timer1_Reload) / 256);
                           TL1 = (u8)((65536UL - Timer1_Reload) % 256);
                       #else
   76   1                  T1x12 = 0;  //12T mode
   77   1                  TH1 = (u8)((65536UL - Timer1_Reload/12) / 256);
   78   1                  TL1 = (u8)((65536UL - Timer1_Reload/12) % 256);
   79   1              #endif
   80   1      
   81   1              TR1 = 1;    //ПЊЪМдЫаа
   82   1      
   83   1          #else
                       #error "Timer1ЩшжУЕФжаЖЯЙ§Т§!"
                   #endif
   86   1      }
   87          
   88          //========================================================================
   89          // КЏЪ§: void timer0_int (void) interrupt TIMER0_VECTOR
   90          // УшЪі:  timer0жаЖЯКЏЪ§.
   91          // ВЮЪ§: none.
   92          // ЗЕЛи: none.
   93          // АцБО: V1.0, 2015-1-12
   94          //========================================================================
   95          void timer0_int (void) interrupt 1
   96          {
   97   1          static u8 count = 0;
   98   1          TR0=0;
   99   1          
  100   1          Sys_Time_10ms++;
  101   1      //      flash_count++;
  102   1              TR0=1;
  103   1          if( count++ >= 100 )
  104   1          {
  105   2              count= 0;
  106   2              if( Time_sleep<100000 )
  107   2                  Time_sleep++;
  108   2          }
  109   1      }
  110          
  111          
  112          //========================================================================
  113          // КЏЪ§: void timer1_int (void) interrupt TIMER1_VECTOR
  114          // УшЪі:  timer1жаЖЯКЏЪ§.
  115          // ВЮЪ§: none.
  116          // ЗЕЛи: none.
  117          // АцБО: V1.0, 2015-1-12
  118          //========================================================================
  119          void timer1_int (void) interrupt 3
  120          {
  121   1          TR1 = 0;
  122   1      //      if(pwm_current > pwm_target)
  123   1      //      {
C251 COMPILER V5.60.0,  tim                                                                22/03/23  11:37:59  PAGE 3   

  124   1      //              pwm_current --;
  125   1      //              CCAP1H = pwm_current;// ЫЭPWM
  126   1      //      }
  127   1      //      else if(pwm_current < pwm_target)
  128   1      //      {
  129   1      //              pwm_current ++;
  130   1      //              CCAP1H = pwm_current;// ЫЭPWM
  131   1      //      }
  132   1              TR1 = 1;
  133   1              
  134   1      //      if(time_out<60000)
  135   1      //              time_out++;    
  136   1      }


Module Information          Static   Overlayable
------------------------------------------------
  code size            =       176     ------
  ecode size           =    ------     ------
  data size            =    ------     ------
  idata size           =    ------     ------
  pdata size           =    ------     ------
  xdata size           =         8     ------
  xdata-const size     =    ------     ------
  edata size           =         1     ------
  bit size             =    ------     ------
  ebit size            =    ------     ------
  bitaddressable size  =    ------     ------
  ebitaddressable size =    ------     ------
  far data size        =    ------     ------
  huge data size       =    ------     ------
  const size           =    ------     ------
  hconst size          =        23     ------
End of Module Information.


C251 COMPILATION COMPLETE.  0 WARNING(S),  0 ERROR(S)
