C251 COMPILER V5.60.0,  iic                                                                07/06/23  16:29:31  PAGE 1   


C251 COMPILER V5.60.0, COMPILATION OF MODULE iic
OBJECT MODULE PLACED IN .\obj\iic.obj
COMPILER INVOKED BY: C:\Keil_v5\C251\BIN\C251.EXE ware\iic.c XSMALL INTR2 BROWSE INCDIR(.\Resource;.\ware;.\src;.\middle
                    -;.\user) DEBUG PRINT(.\obj\iic.lst) OBJECT(.\obj\iic.obj) 

stmt  level    source

    1          #include "iic.h"
    2          
    3          //========================================================================
    4          // 函数名称: IIC_Init
    5          // 函数功能: IIC初始化
    6          // 入口参数: 无
    7          // 函数返回: 无
    8          // 当前版本: VER1.0
    9          // 修改日期: 2023 - 6 - 7
   10          // 当前作者: ZCF
   11          // 其他备注: 
   12          //========================================================================
   13          void IIC_Init()                         //IIC初始化
   14          {
   15   1          I2C_S1 =0;              //I2C功能脚选择，00:P1.5,P1.4; 01:P2.5,P2.4; 11:P3.2,P3.3
   16   1          I2C_S0 =1;
   17   1          I2CCFG = 0XE0;                      //设置速度和使能IIC
   18   1          I2CMSST = 0;                        //清空主机状态
   19   1      }
   20          
   21          //========================================================================
   22          // 函数名称: IIC_DELAY
   23          // 函数功能: IIC等待结束
   24          // 入口参数: 无
   25          // 函数返回: 无
   26          // 当前版本: VER1.0
   27          // 修改日期: 2023 - 6 - 7
   28          // 当前作者: ZCF
   29          // 其他备注: 
   30          //========================================================================
   31          void IIC_DELAY()        
   32          {
   33   1          while( !(I2CMSST & 0X40) );
   34   1          I2CMSST &= (~0X40);
   35   1      }
   36          
   37          //========================================================================
   38          // 函数名称: IIC_START
   39          // 函数功能: IIC开始
   40          // 入口参数: 无
   41          // 函数返回: 无
   42          // 当前版本: VER1.0
   43          // 修改日期: 2023 - 6 - 7
   44          // 当前作者: ZCF
   45          // 其他备注: 
   46          //========================================================================
   47          void IIC_START(void)    //IIC开始
   48          {
   49   1          I2CMSCR = 0X01;                     //开始命令
   50   1          IIC_DELAY();                        //等待结束
   51   1      }
   52          
   53          //========================================================================
   54          // 函数名称: IIC_STOP
   55          // 函数功能: IIC结束
   56          // 入口参数: 无
   57          // 函数返回: 无
   58          // 当前版本: VER1.0
C251 COMPILER V5.60.0,  iic                                                                07/06/23  16:29:31  PAGE 2   

   59          // 修改日期: 2023 - 6 - 7
   60          // 当前作者: ZCF
   61          // 其他备注: 
   62          //========================================================================
   63          void IIC_STOP(void)             //IIC结束
   64          {
   65   1          I2CMSCR = 0X06;                     //结束命令
   66   1          IIC_DELAY();
   67   1      }
   68          
   69          //========================================================================
   70          // 函数名称: IIC_SENDACK
   71          // 函数功能: IIC发送ACK
   72          // 入口参数: 无
   73          // 函数返回: 无
   74          // 当前版本: VER1.0
   75          // 修改日期: 2023 - 6 - 7
   76          // 当前作者: ZCF
   77          // 其他备注: 
   78          //========================================================================
   79          void IIC_SENDACK(void)  //发送ACK
   80          {
   81   1          I2CMSST = 0X00;                     //发送aCK
   82   1          I2CMSCR = 0X05;                     //aCK命令
   83   1          IIC_DELAY();
   84   1      }
   85          
   86          //========================================================================
   87          // 函数名称: IIC_SENDNACK
   88          // 函数功能: IIC发送NACK
   89          // 入口参数: 无
   90          // 函数返回: 无
   91          // 当前版本: VER1.0
   92          // 修改日期: 2023 - 6 - 7
   93          // 当前作者: ZCF
   94          // 其他备注: 
   95          //========================================================================
   96          void IIC_SENDNACK(void) //发送NACK
   97          {
   98   1          I2CMSST = 0X01;                     //发送naCK
   99   1          I2CMSCR = 0X05;                     //aCK命令
  100   1          IIC_DELAY();
  101   1      }
  102          
  103          //========================================================================
  104          // 函数名称: IIC_WAITACK
  105          // 函数功能: IIC等到从机ACK
  106          // 入口参数: 无
  107          // 函数返回: 无
  108          // 当前版本: VER1.0
  109          // 修改日期: 2023 - 6 - 7
  110          // 当前作者: ZCF
  111          // 其他备注: 
  112          //========================================================================
  113          void IIC_WAITACK(void)  //等到从机ACK
  114          {
  115   1          I2CMSCR = 0X03;                     //接收aCK
  116   1          IIC_DELAY();
  117   1      }
  118          
  119          //========================================================================
  120          // 函数名称: IIC_SENDBYTE
  121          // 函数功能: IIC发送一个字节
  122          // 入口参数: @dat：发送的数据
  123          // 函数返回: 无
  124          // 当前版本: VER1.0
C251 COMPILER V5.60.0,  iic                                                                07/06/23  16:29:31  PAGE 3   

  125          // 修改日期: 2023 - 6 - 7
  126          // 当前作者: ZCF
  127          // 其他备注: 
  128          //========================================================================
  129          void IIC_SENDBYTE(u8 dat)       //发送一个字节
  130          {
  131   1          I2CTXD = dat;                       //发送的数据写入寄存器
  132   1          I2CMSCR = 0X02;                     //发送
  133   1          IIC_DELAY();
  134   1      }
  135          
  136          //========================================================================
  137          // 函数名称: IIC_READBYTE
  138          // 函数功能: IIC读取一个字节
  139          // 入口参数: 无
  140          // 函数返回: 读到的数据
  141          // 当前版本: VER1.0
  142          // 修改日期: 2023 - 6 - 7
  143          // 当前作者: ZCF
  144          // 其他备注: 
  145          //========================================================================
  146          u8 IIC_READBYTE(void)   //读取一个字节
  147          {
  148   1          I2CMSCR = 0X04;                     //发送
  149   1          IIC_DELAY();                
  150   1          return I2CRXD;
  151   1      }
  152          
  153          
  154          
  155          //========================================================================
  156          // 函数名称: IIC_Write_NByte
  157          // 函数功能: IIC连续写入几个字节
  158          // 入口参数: @slave：从机地址  @addr：数据地址  @p:数组   @number：数据个数
  159          // 函数返回: 读到的数据
  160          // 当前版本: VER1.0
  161          // 修改日期: 2023 - 6 - 7
  162          // 当前作者: ZCF
  163          // 其他备注: 
  164          //========================================================================
  165          void IIC_Write_NByte( u8 slave,u8 addr,u8 *p,u8 number )        //iic写入连续的几个字节
  166          {
  167   1          IIC_START();
  168   1          IIC_SENDBYTE(slave);
  169   1          IIC_WAITACK();
  170   1      
  171   1          IIC_SENDBYTE(addr);
  172   1          IIC_WAITACK();
  173   1      
  174   1          do
  175   1          {
  176   2              IIC_SENDBYTE(*p);
  177   2              p++;
  178   2              IIC_WAITACK();
  179   2      
  180   2          }
  181   1          while(--number);
  182   1          IIC_STOP();
  183   1      }
  184          
  185          //========================================================================
  186          // 函数名称: IIC_Read_NByte
  187          // 函数功能: IIC连续读取几个字节
  188          // 入口参数: @slave：从机地址  @addr：数据地址  @p:数组   @number：数据个数
  189          // 函数返回: 读到的数据
  190          // 当前版本: VER1.0
C251 COMPILER V5.60.0,  iic                                                                07/06/23  16:29:31  PAGE 4   

  191          // 修改日期: 2023 - 6 - 7
  192          // 当前作者: ZCF
  193          // 其他备注: 
  194          //========================================================================
  195          void IIC_Read_NByte( u8 slave,u8 addr,u8 *p,u8 number ) //iic读取连续的几个字节
  196          {
  197   1          IIC_START();
  198   1          IIC_SENDBYTE(slave);
  199   1          IIC_WAITACK();
  200   1      
  201   1          IIC_SENDBYTE(addr);
  202   1          IIC_WAITACK();
  203   1      
  204   1          IIC_START();
  205   1          IIC_SENDBYTE((u8)(slave+0x01));     
  206   1          IIC_WAITACK();
  207   1      
  208   1          do
  209   1          {
  210   2              *p = IIC_READBYTE();    //P[0] => P[1]
  211   2              p++;
  212   2              if( number!=1 )
  213   2                  IIC_SENDACK();
  214   2          }
  215   1          while(--number);
  216   1          IIC_SENDNACK();
  217   1          IIC_STOP(); 
  218   1      }
  219          
  220                  


Module Information          Static   Overlayable
------------------------------------------------
  code size            =       359     ------
  ecode size           =    ------     ------
  data size            =    ------     ------
  idata size           =    ------     ------
  pdata size           =    ------     ------
  xdata size           =    ------     ------
  xdata-const size     =    ------     ------
  edata size           =    ------          6
  bit size             =    ------     ------
  ebit size            =    ------     ------
  bitaddressable size  =    ------     ------
  ebitaddressable size =    ------     ------
  far data size        =    ------     ------
  huge data size       =    ------     ------
  const size           =    ------     ------
  hconst size          =    ------     ------
End of Module Information.


C251 COMPILATION COMPLETE.  0 WARNING(S),  0 ERROR(S)
