C251 COMPILER V5.60.0,  normal_complex_caculate                                            27/09/22  13:55:46  PAGE 1   


C251 COMPILER V5.60.0, COMPILATION OF MODULE normal_complex_caculate
OBJECT MODULE PLACED IN .\obj\normal_complex_caculate.obj
COMPILER INVOKED BY: C:\Keil_v5\C251\BIN\C251.EXE Resource\normal_complex_caculate.c XSMALL ROM(HUGE) BROWSE INCDIR(.\Re
                    -source;.\ware;.\src;.\middle) DEBUG PRINT(.\obj\normal_complex_caculate.lst) OBJECT(.\obj\normal_complex_caculate.obj) 

stmt  level    source

    1          #include <stdlib.h>
    2          #include <stdio.h>
    3          #include <string.h>
    4          #include "normal_complex_caculate.h"
    5          #include "middle.h"
    6          #include "keyboard_input.h"
    7          #include "keyboard_device.h"
    8          #include "alg_caculate.h"
    9          #include "alg_linearlist.h"
   10          //#include "eeprom_rw.h"
   11          
   12          #define HISTORY_SIZE 60
   13          
   14          uchar code history_add[] = {0,26,52,78,104,130,156,182,208};            //煽雰射村指距仇峽
   15          
   16          uchar g_chCalcStatus;
   17          double g_ans;
   18          
   19          void push_history(char *pExpression);
   20          void pop_history(char *pExpression, char loc);
   21          
   22          
   23          void normal_calculate(void)
   24          {
   25   1              uchar i,flag;
   26   1              char input_buf[26];
   27   1              char output_buf[16];
   28   1              uchar chInputStatus = INPUT_VACANT;
   29   1              
   30   1              char top,bottom,current;        //喘噐煽雰射村箝誓
   31   1              double re_result;
   32   1                      
   33   1              uchar num1 = 0xff;
   34   1      
   35   1              top = 0;
   36   1              bottom = 0;
   37   1              
   38   1              lcd_clear();
   39   1              g_chCalcStatus = CALC_NORMAL;
   40   1              
   41   1              while(1)
   42   1              {
   43   2                      if(INPUT_VACANT == chInputStatus)               //傅腎夸俶勣補秘
   44   2                      {
   45   3                              for(i=0;i<25;i++)
   46   3                                      input_buf[i]=' ';               //賠腎堪
   47   3                              chInputStatus = input_to_str(0,input_buf,num1);
   48   3                      }               
   49   2                      
   50   2                      if(INPUT_EQ == chInputStatus)
   51   2                      {
   52   3                              chInputStatus = INPUT_VACANT;   //傅腎
   53   3                              if(LArray_TRUE == alg_calc_expression(input_buf, &re_result, NULL))
   54   3                              {
   55   4                                      sprintf(output_buf,"%g",re_result);
   56   4                                      g_ans = re_result;                                      //厚仟ans
   57   4                                      lcd_set_pos(3,0);
   58   4                                      lcd_write_str("                ");
C251 COMPILER V5.60.0,  normal_complex_caculate                                            27/09/22  13:55:46  PAGE 2   

   59   4                                      lcd_set_pos(3,0);
   60   4                                      lcd_write_str(output_buf);
   61   4                                      push_history(input_buf);                        //儿秘煽雰射村
   62   4                                      current = byte_read(ADD_TOP_HISTORY, 0);        //厚仟輝念了崔
   63   4                              }
   64   3                              else 
   65   3                              {
   66   4                                      sprintf(output_buf,"INPUT ERROR");
   67   4                                      lcd_set_pos(3,0);
   68   4                                      lcd_write_str("                ");
   69   4                                      lcd_set_pos(3,0);
   70   4                                      lcd_write_str(output_buf);
   71   4                              }
   72   3                              
   73   3                      }
   74   2      
   75   2                      else if(INPUT_UP == chInputStatus || INPUT_DOWN == chInputStatus)       //貧和鍬匈
   76   2                      {
   77   3                              flag = 0xff;
   78   3                              if(INPUT_UP == chInputStatus)           //貧鍬匈
   79   3                              {
   80   4                                      bottom = byte_read(ADD_BOTTOM_HISTORY, 0);              //響函輝念競何才久何會催
   81   4                                      if(current-1!=bottom || (current == 0 && bottom != HISTORY_SIZE-1))                                     //短嗤鍬欺              恵諒current-1
   82   4                                      {       
   83   5                                              if(current == 0)
   84   5                                                      current = HISTORY_SIZE-1;
   85   5                                              else
   86   5                                                      current -= 1;
   87   5                                              
   88   5                                              flag = 1;
   89   5                                      }
   90   4                                      else 
   91   4                                              chInputStatus = input_to_str(0,input_buf,0xff);         //亟燕器塀
   92   4                              }
   93   3                              
   94   3                              else if(INPUT_DOWN == chInputStatus)
   95   3                              {
   96   4                                      top = byte_read(ADD_TOP_HISTORY, 0);
   97   4                                      if(current!=top)                                        //短嗤鍬欺久
   98   4                                      {       
   99   5                                              if(current == HISTORY_SIZE-1)
  100   5                                                      current = 0;
  101   5                                              else
  102   5                                                      current += 1;
  103   5                                      }
  104   4                                      flag = 1;
  105   4                              }
  106   3                              
  107   3                              if(flag == 1)
  108   3                              {
  109   4                                      flag = 0xff;
  110   4                                      for(i=0;i<26;i++)
  111   4                                              input_buf[i]=' ';               //賠腎堪
  112   4                                      pop_history(input_buf, current);        //響函峙
  113   4                                      lcd_clear();                                            //賠徳
  114   4                                      if(LArray_TRUE == alg_calc_expression(input_buf, &re_result, NULL))             //𠮟幣潤惚
  115   4                                      {
  116   5                                              sprintf(output_buf,"%g",re_result);
  117   5                                              lcd_set_pos(3,0);
  118   5                                              lcd_write_str("                ");
  119   5                                              lcd_set_pos(3,0);
  120   5                                              lcd_write_str(output_buf);
  121   5                                      }
  122   4                                      
  123   4                                      chInputStatus = input_to_str(0,input_buf,0xff);         //亟燕器塀
  124   4                              }
C251 COMPILER V5.60.0,  normal_complex_caculate                                            27/09/22  13:55:46  PAGE 3   

  125   3                      }
  126   2      
  127   2                      
  128   2                                      
  129   2                      if(INPUT_AC == chInputStatus)
  130   2                      {
  131   3                              lcd_clear();
  132   3                              num1 = 0xff;
  133   3                              chInputStatus = INPUT_VACANT;   //峺寞傅腎
  134   3                              current = byte_read(ADD_TOP_HISTORY, 0);        //煽雰拷了
  135   3                              if(current == HISTORY_SIZE-1)
  136   3                                      current = 0;
  137   3                              else
  138   3                                      current += 1;
  139   3                              continue;
  140   3                      }
  141   2                      
  142   2                      if(INPUT_VACANT == chInputStatus)
  143   2                      {
  144   3                              num1=keyboard_output();
  145   3                              lcd_clear();                            //賠徳
  146   3                      }
  147   2              }
  148   1      }
  149          
  150          void complex_calculate(void)
  151          {
  152   1              uchar i;
  153   1              char input_buf[26];
  154   1              char output_buf[16];
  155   1              uchar chInputStatus;
  156   1              double re_result,im_result;
  157   1              uchar num1 = 0xff;
  158   1              lcd_clear();
  159   1              g_chCalcStatus = CALC_COMPLEX;
  160   1              
  161   1              while(1)
  162   1              {
  163   2                      for(i=0;i<25;i++)
  164   2                              input_buf[i]=' ';               //賠腎堪
  165   2                      do
  166   2                      {
  167   3                              chInputStatus = input_to_str(0, input_buf,num1);                        //補秘堪
  168   3                      }while(INPUT_EQ != chInputStatus && INPUT_AC != chInputStatus);
  169   2                      
  170   2                      if(INPUT_EQ == chInputStatus)
  171   2                      {
  172   3                              if(LArray_TRUE == alg_calc_expression(input_buf, &re_result, &im_result))
  173   3                              {
  174   4                                      if(im_result <0.0)
  175   4                                              sprintf(output_buf,"%g%gi",re_result,im_result);
  176   4                                      else
  177   4                                              sprintf(output_buf,"%g+%gi",re_result,im_result);
  178   4                              }
  179   3                              else 
  180   3                                      sprintf(output_buf,"INPUT ERROR");
  181   3                              lcd_set_pos(3,0);
  182   3                              lcd_write_str("                ");
  183   3                              lcd_set_pos(3,0);
  184   3                              lcd_write_str(output_buf);
  185   3                      }
  186   2                      
  187   2                      else if(INPUT_AC == chInputStatus)
  188   2                      {
  189   3                              lcd_clear();
  190   3                              num1 = 0xff;
C251 COMPILER V5.60.0,  normal_complex_caculate                                            27/09/22  13:55:46  PAGE 4   

  191   3                              continue;
  192   3                      }
  193   2                      
  194   2                      num1=keyboard_output();
  195   2                      lcd_clear();
  196   2      
  197   2              }
  198   1      }
  199          
  200          void push_history(char *pExpression)
  201          {
  202   1              char top, bottom;
  203   1              char i;
  204   1              
  205   1              top = byte_read(ADD_TOP_HISTORY, 0);
  206   1              bottom = byte_read(ADD_BOTTOM_HISTORY, 0);              //響函輝念競何才久何會催
  207   1      
  208   1              if(bottom == 0 && top == HISTORY_SIZE-1)        //輝念厮将瓜亟諾
  209   1              {
  210   2                      bottom += 1;
  211   2                      top = 0;
  212   2              }
  213   1              else if(bottom - top == 1)                                      //輝念厮将瓜亟諾                                                        
  214   1              {
  215   2                      if(bottom == HISTORY_SIZE-1)
  216   2                              bottom = 0;
  217   2                      else 
  218   2                              bottom += 1;
  219   2                      if(top == HISTORY_SIZE-1)
  220   2                              top = 0;
  221   2                      else
  222   2                              top += 1;
  223   2              }
  224   1              else
  225   1              {
  226   2                      top += 1;
  227   2              }
  228   1              
  229   1              for(i=0;i<26;i++)
  230   1              {
  231   2                      byte_write(history_add[top%9]+i, pExpression[i], top/9+1);              //亟秘燕器塀
*** WARNING C188 IN LINE 231 OF Resource\normal_complex_caculate.c: 'parameter 3': value truncated
  232   2                      if(pExpression[i] == '\0')
  233   2                              break;
  234   2              }
  235   1              
  236   1              byte_write(ADD_TOP_HISTORY, top, 0);
  237   1              byte_write(ADD_BOTTOM_HISTORY, bottom, 0);              //亟指
  238   1      }
  239          
  240          void pop_history(char *pExpression,char loc)
  241          {
  242   1              char i;
  243   1                      
  244   1              for(i=0;i<26;i++)
  245   1              {
  246   2                      pExpression[i] = byte_read(history_add[loc%9]+i, loc/9+1);              //亟秘燕器塀
*** WARNING C188 IN LINE 246 OF Resource\normal_complex_caculate.c: 'parameter 2': value truncated
  247   2                      if(pExpression[i] == '\0')
  248   2                              break;
  249   2              }
  250   1      
  251   1      }


Module Information          Static   Overlayable
------------------------------------------------
C251 COMPILER V5.60.0,  normal_complex_caculate                                            27/09/22  13:55:46  PAGE 5   

  code size            =         9     ------
  ecode size           =      1184     ------
  data size            =    ------     ------
  idata size           =    ------     ------
  pdata size           =    ------     ------
  xdata size           =    ------     ------
  xdata-const size     =    ------     ------
  edata size           =         5        104
  bit size             =    ------     ------
  ebit size            =    ------     ------
  bitaddressable size  =    ------     ------
  ebitaddressable size =    ------     ------
  far data size        =    ------     ------
  huge data size       =    ------     ------
  const size           =    ------     ------
  hconst size          =        45     ------
End of Module Information.


C251 COMPILATION COMPLETE.  2 WARNING(S),  0 ERROR(S)
