C251 COMPILER V5.60.0,  pwm                                                                25/09/22  11:35:48  PAGE 1   


C251 COMPILER V5.60.0, COMPILATION OF MODULE pwm
OBJECT MODULE PLACED IN .\obj\pwm.obj
COMPILER INVOKED BY: G:\APP\c251\C251\BIN\C251.EXE Resource\pwm.c XSMALL INTR2 BROWSE INCDIR(.\Resource) DEBUG PRINT(.\o
                    -bj\pwm.lst) TABS(2) OBJECT(.\obj\pwm.obj) 

stmt  level    source

    1          #include "STC12C5A60S2.h"
    2          #include "pwm.h"
    3          #include "eeprom_rw.h"
    4          
    5          uchar pwm_current=0xff, pwm_target;
    6          extern uint time_out;
    7          
    8          void PWM_init(void)
    9          { 
   10   1      
   11   1        CCON = 0;                       //ГѕЪМЛЏPCAЗНЪНМФДцЦї
   12   1                                          //ЭЃжЙPCAМЦЪБЃЈCRЧхСуЃЉ
   13   1                                          //ЧхГ§вчГіБъжО
   14   1          CL = 0;                         //жижУЕкОХЮЛ
   15   1          CH = 0;
   16   1          CMOD = 0;                     //ЩшжУPCAЦЕТЪЃЈ11.0592M/12ЃЉ
   17   1                                          //PCAжаЖЯНћжЙ
   18   1          CCAP1H = CCAP1L = 0xFF;         //БЃГжГѕЪМЕЭЕчЦН
   19   1          CCAPM1 = 0x42;                  //PCAПижЦ8ЮЛPWM
   20   1      
   21   1          CR = 1;                         //PCAЖЈЪБЦїПЊЦє 
   22   1      }
   23          
   24          void bl_bright_change(uchar set)  //0-5ЕЕЮЛ
   25          {
   26   1        if(set <= 5)
   27   1        {
   28   2          set = 5-set;
   29   2          pwm_target = set*51;
   30   2        }
   31   1      }
   32          
   33          void t1_init()        //10ms@11.0592MHz
   34          {
   35   1        AUXR &= 0xBF;   //ЖЈЪБЦїЪБжг12TФЃЪН
   36   1        TMOD &= 0x0F;   //ЩшжУЖЈЪБЦїФЃЪН
   37   1        TL1 = 0x00;   //ЩшжУЖЈЪБГѕжЕ
   38   1        TH1 = 0x4C;   //ЩшжУЖЈЪБГѕжЕ
   39   1        TF1 = 0;    //ЧхГ§TF1БъжО
   40   1        TR1 = 1;    //ЖЈЪБЦї1ПЊЪММЦЪБ
   41   1        ET1 = 1;
   42   1        EA = 1;
   43   1      }
   44          
   45          
   46          void t1() interrupt 3
   47          {
   48   1        TR1 = 0;
   49   1        TL1 = 0x00;   //ЩшжУЖЈЪБГѕжЕ
   50   1        TH1 = 0x4C;   //ЩшжУЖЈЪБГѕжЕ
   51   1        if(pwm_current > pwm_target)
   52   1        {
   53   2          pwm_current --;
   54   2          CCAP1H = pwm_current;// ЫЭPWM
   55   2        }
   56   1        else if(pwm_current < pwm_target)
   57   1        {
   58   2          pwm_current ++;
C251 COMPILER V5.60.0,  pwm                                                                25/09/22  11:35:48  PAGE 2   

   59   2          CCAP1H = pwm_current;// ЫЭPWM
   60   2        }
   61   1        TR1 = 1;
   62   1        
   63   1        if(time_out<60000)
   64   1          time_out++;
   65   1          
   66   1      }
   67          


Module Information          Static   Overlayable
------------------------------------------------
  code size            =       148     ------
  ecode size           =    ------     ------
  data size            =    ------     ------
  idata size           =    ------     ------
  pdata size           =    ------     ------
  xdata size           =    ------     ------
  xdata-const size     =    ------     ------
  edata size           =         2     ------
  bit size             =    ------     ------
  ebit size            =    ------     ------
  bitaddressable size  =    ------     ------
  ebitaddressable size =    ------     ------
  far data size        =    ------     ------
  huge data size       =    ------     ------
  const size           =    ------     ------
  hconst size          =         5     ------
End of Module Information.


C251 COMPILATION COMPLETE.  0 WARNING(S),  0 ERROR(S)
