C251 COMPILER V5.60.0,  rtc                                                                22/03/23  11:38:00  PAGE 1   


C251 COMPILER V5.60.0, COMPILATION OF MODULE rtc
OBJECT MODULE PLACED IN .\obj\rtc.obj
COMPILER INVOKED BY: C:\Keil_v5\C251\BIN\C251.EXE ware\rtc.c XSMALL INTR2 BROWSE INCDIR(.\Resource;.\ware;.\src;.\middle
                    -;.\user) DEBUG PRINT(.\obj\rtc.lst) OBJECT(.\obj\rtc.obj) 

stmt  level    source

    1          #include "rtc.h"
    2          #include "oled.h"
    3          
    4          bit B1S_Flag;
    5          
    6          void RTC_config(void)
    7          {
    8   1      //    INIYEAR = 21;     //Y:2021
    9   1      //    INIMONTH = 12;    //M:12
   10   1      //    INIDAY = 31;      //D:31
   11   1      //    INIHOUR = 23;     //H:23
   12   1      //    INIMIN = 59;      //M:59
   13   1      //    INISEC = 50;      //S:50
   14   1      //    INISSEC = 0;      //S/128:0
   15   1      
   16   1          ALAHOUR = 0;        //闹钟小时
   17   1          ALAMIN  = 0;        //闹钟分钟
   18   1          ALASEC  = 0;        //闹钟秒
   19   1          ALASSEC = 0;        //闹钟1/128秒
   20   1      
   21   1          #if  Drive_Func==0  
   22   1              //STC32G 芯片使用内部32K时钟，休眠无法唤醒
   23   1              IRC32KCR = 0x80;   //启动内部32K晶振.
   24   1              while (!(IRC32KCR & 1));  //等待时钟稳定
   25   1              RTCCFG = 0x03;    //选择内部32K时钟源，触发RTC寄存器初始化
   26   1          #endif
   27   1          
   28   1          #if  Drive_Func==1  
                       X32KCR = 0x80 + 0x40;   //启动外部32K晶振, 低增益+0x00, 高增益+0x40.
                       while (!(X32KCR & 1));  //等待时钟稳定
                       RTCCFG = 0x01;    //选择外部32K时钟源，触发RTC寄存器初始化
                   #endif
   33   1      
   34   1          RTCIF = 0x00;     //清中断标志
   35   1          RTCIEN = 0x04;    //中断使能, 0x80:闹钟中断, 0x40:日中断, 0x20:小时中断, 0x10:分钟中断, 0x08:秒中断, 
             -0x04:1/2秒中断, 0x02:1/8秒中断, 0x01:1/32秒中断
   36   1          RTCCR = 0x01;     //RTC使能
   37   1      
   38   1          while(RTCCFG & 0x01);       //等待初始化完成,需要在 "RTC使能" 之后判断. 
   39   1          //设置RTC时间需要32768Hz的1个周期时间,大约30.5us. 由于同步, 所以实际等待时间是0~30.5us.
   40   1          //如果不等待设置完成就睡眠, 则RTC会由于设置没完成, 停止计数, 唤醒后才继续完成设置并继续计数.
   41   1      }
   42          
   43          void RTC_Isr() interrupt 36
   44          {
   45   1          if(RTCIF & 0x04) //判断是否秒中断
   46   1          {
   47   2              RTCIF &= ~0x04; //清中断标志
   48   2              B1S_Flag = 1;
   49   2              P47 = !P47;
   50   2          } 
   51   1      }
   52          
   53          //    if(B1S_Flag) {
   54          //    B1S_Flag = 0;
   55          //    printf("Year=20%bd ", YEAR);
   56          //    printf("Month=%bd ", MONTH);
   57          //    printf("Day=%bd ", DAY);
C251 COMPILER V5.60.0,  rtc                                                                22/03/23  11:38:00  PAGE 2   

   58          //    printf("Hour=%bd ", HOUR);
   59          //    printf("Minute=%bd ", MIN);
   60          //    printf("Second=%bd ", SEC);
   61          //    printf("\r\n"); }


Module Information          Static   Overlayable
------------------------------------------------
  code size            =       159     ------
  ecode size           =    ------     ------
  data size            =    ------     ------
  idata size           =    ------     ------
  pdata size           =    ------     ------
  xdata size           =    ------     ------
  xdata-const size     =    ------     ------
  edata size           =    ------     ------
  bit size             =         1     ------
  ebit size            =    ------     ------
  bitaddressable size  =    ------     ------
  ebitaddressable size =    ------     ------
  far data size        =    ------     ------
  huge data size       =    ------     ------
  const size           =    ------     ------
  hconst size          =    ------     ------
End of Module Information.


C251 COMPILATION COMPLETE.  0 WARNING(S),  0 ERROR(S)
