C251 COMPILER V5.60.0,  sensus                                                             22/03/23  11:38:01  PAGE 1   


C251 COMPILER V5.60.0, COMPILATION OF MODULE sensus
OBJECT MODULE PLACED IN .\obj\sensus.obj
COMPILER INVOKED BY: C:\Keil_v5\C251\BIN\C251.EXE user\sensus.c XSMALL INTR2 BROWSE INCDIR(.\Resource;.\ware;.\src;.\mid
                    -dle;.\user) DEBUG PRINT(.\obj\sensus.lst) OBJECT(.\obj\sensus.obj) 

stmt  level    source

    1          #include "Sensus.h"
    2          #include "menu.h"
    3          #include "stdlib.h"
    4          #include "fun.h"
    5          #include <math.h>
    6          
    7          u8 sensustotal = 5;
    8          u8 sensusstr[12];
    9          double sensusnum[25]={3,3,3,4,5,0,0,0,0,0,0,0,0,0,0,0,0,0,0,0,0,0,0,0,0};
   10          
   11          u8 sensusstrlength=0;
   12          u8 sensusstrnum=0;
   13          
   14          void Sensus_Set(u8 keynum)
   15          {
   16   1          switch( state )
   17   1          {
   18   2              case 0://初始化
   19   2                  Screen_Clear();
   20   2                  Screen_ShowStr(0,0,"Now n=");
   21   2                  Screen_ShowNum(48,0,sensustotal);
   22   2                  Screen_ShowStr(0,2,"end with '='");
   23   2                  Screen_ShowStr(0,4,"    (2<=n<=25)");
   24   2                  Screen_ShowStr(0,6,"new=");
   25   2                  Screen_ShowFreshen();
   26   2                  state = 1;
   27   2                  sensusstrlength = 0;
   28   2                  memset(sensusstr,'\0',12);
   29   2      
   30   2                  break;
   31   2           
   32   2              case 1://等待输入
   33   2                  if( keynum>0 )
   34   2                  {
   35   3                      if(( keynum>='0' )&&( keynum<='9' ))
   36   3                      {
   37   4                          if(sensusstrlength<2)
   38   4                          {
   39   5                              Screen_ShowAsc(32+8*sensusstrlength,6,keynum);
*** WARNING C188 IN LINE 39 OF user\sensus.c: 'parameter 1': value truncated
   40   5                              sensusstr[sensusstrlength++] = keynum;
   41   5                          }
   42   4      
   43   4                      }
   44   3                      else if( keynum == '=' )
   45   3                      {
   46   4                          sensustotal = (u8)atof(sensusstr);
   47   4                          if( sensustotal>25 )
   48   4                              sensustotal = 25;
   49   4                          if(sensustotal<2 )
   50   4                              sensustotal = 2; 
   51   4                          P_Index.Menu_KeyFunc=0;                    
   52   4                      }
   53   3                      Screen_ShowFreshen();
   54   3                  }
   55   2                  break; 
   56   2          }    
   57   1      }
C251 COMPILER V5.60.0,  sensus                                                             22/03/23  11:38:01  PAGE 2   

   58          
   59          void Sensus_Amend(u8 keynum)
   60          {
   61   1          static u8 addr_str=0;
   62   1          u8 i,j;
   63   1          switch( state )
   64   1          {
   65   2              case 0://初始化
   66   2                  
   67   2                  Screen_Clear();
   68   2                  sensusstrnum = 0;
   69   2                  Screen_ShowStr(0,0,"Now data ");
   70   2                  Screen_ShowNum(72,0,sensusstrnum+1);
   71   2                  Screen_ShowNum(0,2,sensusnum[sensusstrnum]);
   72   2                  Screen_ShowStr(0,4," :上翻   :下翻");
   73   2                  Screen_ShowStr(0,6,"new=");
   74   2                  Screen_ShowFreshen();
   75   2                  state = 1;
   76   2                  sensusstrlength=0;
   77   2                  memset(sensusstr,'\0',12);
   78   2                  sensusstrnum = 0;        
   79   2                  break;
   80   2           
   81   2              case 1://等待输入
   82   2                  if( keynum>0 )
   83   2                  {
   84   3                      if(( keynum==4 )&&( sensusstrnum>0 ))
   85   3                      {
   86   4                          sensusstrnum--;
   87   4                          Screen_ShowStr(0,2,"               ");
   88   4                          Screen_ShowStr(72,0,"  ");
   89   4                          Screen_ShowNum(72,0,sensusstrnum+1);
   90   4                          Screen_ShowNum(0,2,sensusnum[sensusstrnum]);
   91   4                          Screen_ShowStr(32,6,"            ");
   92   4                          sensusstrlength=0;
   93   4                          memset(sensusstr,'\0',12);                    
   94   4                      }
   95   3                      else if(( keynum==9 )&&( sensusstrnum<sensustotal-1))
   96   3                      {
   97   4                          sensusstrnum++;
   98   4                          Screen_ShowStr(0,2,"               ");
   99   4                          Screen_ShowStr(72,0,"  ");
  100   4                          Screen_ShowNum(72,0,sensusstrnum+1);
  101   4                          Screen_ShowNum(0,2,sensusnum[sensusstrnum]);
  102   4                          Screen_ShowStr(32,6,"            ");
  103   4                          sensusstrlength=0;
  104   4                          
  105   4                          memset(sensusstr,'\0',12);   
  106   4                      }  
  107   3                      else if((( keynum>='0' )&&(keynum<='9'))||( keynum=='.' )||( keynum=='-' ))
  108   3                      {
  109   4                          sensusstr[sensusstrlength]=keynum;
  110   4                          sensusstrlength++;
  111   4                      }
  112   3                      else if( keynum==21 )
  113   3                      {
  114   4                          sensusstrlength--;
  115   4                          sensusstr[sensusstrlength]=' '; 
  116   4                      } 
  117   3                      else if( keynum=='=' )
  118   3                      {
  119   4                          if( sensusstrnum<sensustotal-1 )
  120   4                          {
  121   5                              sensusnum[sensusstrnum] = atof(sensusstr);
  122   5                              sensusstrnum++;
  123   5                              Screen_ShowStr(0,2,"            ");
C251 COMPILER V5.60.0,  sensus                                                             22/03/23  11:38:01  PAGE 3   

  124   5                              Screen_ShowStr(72,0,"  ");
  125   5                              Screen_ShowNum(72,0,sensusstrnum+1);
  126   5                              Screen_ShowNum(0,2,sensusnum[sensusstrnum]);
  127   5                              Screen_ShowStr(32,6,"            ");
  128   5                              sensusstrlength=0;
  129   5                              memset(sensusstr,'\0',12); 
  130   5                              
  131   5                          }
  132   4                          else
  133   4                          {
  134   5                             sensusnum[sensusstrnum] = atof(sensusstr); 
  135   5                             Screen_ShowNum(0,2,sensusnum[sensusstrnum]);
  136   5                          }
  137   4                      }
  138   3                      Screen_ShowStr(32,6,sensusstr);
  139   3                      Screen_ShowFreshen();      
  140   3                  }
  141   2                  break;   
  142   2          }    
  143   1      }
*** WARNING C47 IN LINE 62 OF user\sensus.c: 'i': unreferenced local variable
*** WARNING C47 IN LINE 62 OF user\sensus.c: 'j': unreferenced local variable
  144          double xdata a[25],b[25],c[25];
  145          double xdata s[14];
  146          
  147                  void cal_data(double *a,double *c,double *s,int n)
  148                  {
  149   1      ////总和，平均数，中位数，最大值，最小值 ，极差 ，方差，修正方差，标准差，修正标准差
  150   1      ////变异系数，平均偏差，调和平均数，几何平均数
  151   1                      uchar i,j;
  152   1                      double t;
  153   1                      double sum;
  154   1      /*****************************************************/         
  155   1                      sum=0;
  156   1                      for(i=0;i<n;i++)
  157   1                              sum=sum+(*a+i);
  158   1                      s[0]=sum;                                                                                //求和
  159   1                      s[1]=s[0]/n;                                                             //平均数
  160   1                      
  161   1      /*****************************************************/ 
  162   1                      for(i=0;i<n;i++)
  163   1                              (*(c+i))=(*(a+i));
  164   1                      for(i=0;i<n;i++)
  165   1                              for(j=0;j<n-i-1;j++)
  166   1                              {
  167   2                                      if((*(c+j))>(*(c+j+1)))
  168   2                                      {
  169   3                                              t=(*(c+j));
  170   3                                              (*(c+j))=(*(c+j+1));
  171   3                                              (*(c+j+1))=t;
  172   3                                              }
  173   2                                      }
  174   1                      s[3]=(*(c+n-1));                 //最大值
  175   1                      s[4]=(*c);                                                                                //最小值
  176   1                      s[5]=s[3]-s[4];                                                                 //极差
  177   1                      if(n%2==0)
  178   1                              s[2]=((*(c-1+n/2))+(*(c+n/2)))/2;
  179   1                      else if(n%2==1)
  180   1                              s[2]=(*c+(n-1)/2);           //中位数
  181   1      
  182   1      /*****************************************************/
  183   1      
  184   1                      sum=0;
  185   1                      for(i=0;i<n;i++)
  186   1                              sum=sum+1/((*a+i));
  187   1                      s[12]=n/sum;                       //调和平均数
C251 COMPILER V5.60.0,  sensus                                                             22/03/23  11:38:01  PAGE 4   

  188   1      
  189   1      /*****************************************************/
  190   1                      
  191   1                      sum=1;
  192   1                      for(i=0;i<n;i++)
  193   1                              sum=sum*((*a+i));
  194   1                      s[13]=pow(sum,1.0/(double)n);      //几何平均数     
  195   1                      
  196   1      /*****************************************************/ 
  197   1              
  198   1                      sum=0;
  199   1                      for(i=0;i<n;i++)
  200   1                              sum=sum+pow(((*a+i)-s[1]),2);
  201   1                      s[6]=sum/n;                        //方差
  202   1                      s[7]=sum/(n-1);                                                                          //修正方差
  203   1                      s[8]=pow(s[6],0.5);                                                                      //标准差
  204   1                      s[9]=pow(s[7],0.5);                                                              //修正标准差
  205   1                      s[10]=s[8]/s[1];                     //变异系数
  206   1              
  207   1      /*****************************************************/
  208   1      
  209   1                      t=0,sum=0;
  210   1                      for(i=0;i<n;i++)
  211   1                      {
  212   2                              t=(*a+i)-s[1];
  213   2                              if(t<0)
  214   2                                      t=-t;
  215   2                              sum=sum+t;
  216   2                              }
  217   1                      s[11]=sum/(float)n;                //平均偏差
  218   1                      
  219   1      /*****************************************************/
  220   1      
  221   1              }
  222          char  code todm[][16]=
  223          {
  224              "1.总和:",
  225              "2.平均数\xfd:",
  226              "3.中位数\xfd:",
  227              "4.最大值:",
  228              "5.最小值:",
  229              "6.极差:",
  230              "7.方差:",
  231              "8.修正\xfd方差:",
  232              "9.标准差:",
  233              "10.修正\xfd标准差:",
  234              "11.变异系数\xfd:",
  235              "12.平均偏差:",
  236              "13.调和平均数\xfd:",
  237              "14.几何平均数\xfd:",
  238          }       ;
  239              
  240          void Sensus_Check(u8 keynum)        //数据查看
  241          {
  242   1          static u8 find_str=0;
  243   1          
  244   1          switch( state )
  245   1          {
  246   2              case 0://初始化
  247   2                  Screen_Clear();
  248   2                              find_str = 0;
  249   2                  state = 1;   
  250   2                              cal_data(sensusnum,c,s,sensustotal);
  251   2              
  252   2                  Screen_ShowStr(0,0,(char*)todm[find_str]);
  253   2                  sprintf(sensusstr,"%g",s[find_str]);
C251 COMPILER V5.60.0,  sensus                                                             22/03/23  11:38:01  PAGE 5   

  254   2                              Screen_ShowStr(0,2,sensusstr);
  255   2              
  256   2                  Screen_ShowStr(0,4,(char*)todm[find_str+1]);
  257   2                  sprintf(sensusstr,"%g",s[find_str+1]);
  258   2                              Screen_ShowStr(0,6,sensusstr);
  259   2              
  260   2                  Screen_ShowFreshen();  
  261   2                  break;
  262   2           
  263   2              case 1://等待输入
  264   2                  if( keynum>0 )
  265   2                  {
  266   3                      if(( keynum==4 )&&( find_str>0 ))
  267   3                      {
  268   4                          find_str--;
  269   4                          Screen_Clear();
  270   4                          Screen_ShowStr(0,0,(char*)todm[find_str]);
  271   4                          sprintf(sensusstr,"%g",s[find_str]);
  272   4                          Screen_ShowStr(0,2,sensusstr);
  273   4                      
  274   4                          Screen_ShowStr(0,4,(char*)todm[find_str+1]);
  275   4                          sprintf(sensusstr,"%g",s[find_str+1]);
  276   4                          Screen_ShowStr(0,6,sensusstr);
  277   4                      
  278   4                          Screen_ShowFreshen();                      
  279   4                      }
  280   3                      else if(( keynum==9 )&&( find_str<12))
  281   3                      {
  282   4                          find_str++;
  283   4                          Screen_Clear();
  284   4                          Screen_ShowStr(0,0,(char*)todm[find_str]);
  285   4                          sprintf(sensusstr,"%g",s[find_str]);
  286   4                          Screen_ShowStr(0,2,sensusstr);
  287   4                      
  288   4                          Screen_ShowStr(0,4,(char*)todm[find_str+1]);
  289   4                          sprintf(sensusstr,"%g",s[find_str+1]);
  290   4                          Screen_ShowStr(0,6,sensusstr);
  291   4                      
  292   4                          Screen_ShowFreshen();  
  293   4                      }  
  294   3                  }
  295   2                  break;   
  296   2          }    
  297   1      }
  298          
  299          //void mode_num(double *a,double *c,double *b,uchar *index,int n,int *count1)                      //众数
  300          //{
  301          //    uchar i;
  302          //    int count=1;
  303          //    for(i=0;i<n-1;) 
  304          //    {
  305          //        while((*c+i)==(*c+i+1)) 
  306          //        {
  307          //            count++;
  308          //            i++;
  309          //        }
  310          //        if(count>(*count1))
  311          //        {     
  312          //            (*count1)=count;
  313          //            (*index)=0;
  314          //            (*(b+*index))=(*a+i);
  315          //        }
  316          //        else if(count==(*count1)) 
  317          //        {
  318          //            (*index)++;
  319          //            (*(b+*index))=(*a+i);
C251 COMPILER V5.60.0,  sensus                                                             22/03/23  11:38:01  PAGE 6   

  320          //        }
  321          //        count=1;
  322          //        i++;
  323          //    }
  324          
  325          //}
  326          void mode_num(double (*a),double (*c),double (*b),uchar *index,int n,int *count1)                      //
             -众数
  327          {
  328   1          u8 i=1;
  329   1          u8 j=0;
  330   1          static u8 xdata countdata[25];
  331   1          memset( countdata,1,25 );
  332   1            
  333   1          *count1 = 0;
  334   1          for(i=1;i<n;i++)    //遍历数组
  335   1          {
  336   2      //        Screen_ShowNum(i*16,2,a[i]); 
  337   2              for(j=0;j<i;j++)    //从头到当前目标查找有无重复数字
  338   2              {   
  339   3                  if( a[j]== a[i] )      //当前值等于前面某个值
  340   3                  {
  341   4                      countdata[j]++;
  342   4                      break;
  343   4                  }
  344   3              }  
  345   2          }
  346   1      //    for( i=0;i<n;i++ )
  347   1      //    {
  348   1      //        Screen_ShowNum(i*16,2,countdata[i]);
  349   1      //    }
  350   1          
  351   1          j = 0;
  352   1          for( i=0;i<n;i++ )      //查找最多的是几次
  353   1          {
  354   2              if( countdata[i]>j )
  355   2                  j = countdata[i];
  356   2          }
  357   1      //    Screen_ShowNum(0,4,j);
  358   1          for( i=0;i<n;i++ )
  359   1          {
  360   2              if( countdata[i]==j )       //最多次数的数字
  361   2              {
  362   3                  *(b+*count1) = *(a+i);
  363   3                  (*count1)++;
  364   3              }
  365   2          }
  366   1      }
*** WARNING C47 IN LINE 326 OF user\sensus.c: 'c': unreferenced parameter
*** WARNING C47 IN LINE 326 OF user\sensus.c: 'index': unreferenced parameter
  367              
  368          void Sensus_Check2(u8 keynum)        //数据查看
  369          {
  370   1          static u8 find_str=0;
  371   1          static uchar index=0;
  372   1              static int count1=1;
  373   1              static int count2=1;
  374   1          u8 i;
  375   1          switch( state )
  376   1          {
  377   2              case 0://初始化
  378   2                  Screen_Clear();
  379   2                              find_str = 0;
  380   2                  state = 1;   
  381   2                  //cal_data(sensusnum,c,s,sensustotal);
  382   2                              mode_num(sensusnum,c,b,&index,sensustotal,&count1);
C251 COMPILER V5.60.0,  sensus                                                             22/03/23  11:38:01  PAGE 7   

  383   2              
  384   2                  if( count1==0 )
  385   2                  {
  386   3                      Screen_ShowStr(0,0,"没有众数\xfd");
  387   3                      Screen_ShowFreshen();              
  388   3                  }
  389   2                  else if( count1>0  )
  390   2                  {
  391   3                      for(i=0;i<4;i++)
  392   3                      {
  393   4                          if( i<count1 )
  394   4                          {
  395   5                              sprintf(sensusstr,"%g",(*(b+i))); 
  396   5                              Screen_ShowStr(0,i*2,sensusstr);
*** WARNING C188 IN LINE 396 OF user\sensus.c: 'parameter 2': value truncated
  397   5                          }                        
  398   4                      }                        
  399   3                  }
  400   2                  keynum = 4;
  401   2      //            b[0]=1;b[1]=2;b[2]=3;b[3]=4;b[04]=5;b[5]=6;count1 = 6;
  402   2      //            
  403   2      //            Screen_ShowFreshen();  
  404   2      //            break;
  405   2           
  406   2              case 1://等待输入
  407   2                  if( keynum>0 )
  408   2                  {
  409   3                      if(( keynum==4 )&&( find_str>0 ))
  410   3                      {
  411   4                          find_str--;
  412   4                      }
  413   3                      else if(( keynum==9 )&&( find_str+4<count1))
  414   3                      {
  415   4                          find_str++;
  416   4                      } 
  417   3                      else if( keynum=='=' )      //返回菜单
  418   3                      {
  419   4                          P_Index.Menu_KeyFunc = 0; 
  420   4                      }
  421   3                      if( count1>0 )
  422   3                      {
  423   4                          Screen_Clear();
  424   4                          for(i=0;i<4;i++)
  425   4                          {
  426   5                              if( (i+find_str)<count1 )
  427   5                              {
  428   6                                  sprintf(sensusstr,"众数\xfd%d:%g",i+find_str+1,(*(b+i+find_str))); 
  429   6                                  Screen_ShowStr(0,i*2,sensusstr);
*** WARNING C188 IN LINE 429 OF user\sensus.c: 'parameter 2': value truncated
  430   6                              }                        
  431   5                          }                        
  432   4                          Screen_ShowFreshen(); 
  433   4                      }
  434   3                  }
  435   2                  break;   
  436   2          }    
  437   1      }


Module Information          Static   Overlayable
------------------------------------------------
  code size            =      3067     ------
  ecode size           =    ------     ------
  data size            =    ------     ------
  idata size           =    ------     ------
  pdata size           =    ------     ------
  xdata size           =       381     ------
C251 COMPILER V5.60.0,  sensus                                                             22/03/23  11:38:01  PAGE 8   

  xdata-const size     =    ------     ------
  edata size           =       123         32
  bit size             =    ------     ------
  ebit size            =    ------     ------
  bitaddressable size  =    ------     ------
  ebitaddressable size =    ------     ------
  far data size        =    ------     ------
  huge data size       =    ------     ------
  const size           =    ------     ------
  hconst size          =       270     ------
End of Module Information.


C251 COMPILATION COMPLETE.  7 WARNING(S),  0 ERROR(S)
