C251 COMPILER V5.60.0,  solve                                                              22/03/23  11:38:01  PAGE 1   


C251 COMPILER V5.60.0, COMPILATION OF MODULE solve
OBJECT MODULE PLACED IN .\obj\solve.obj
COMPILER INVOKED BY: C:\Keil_v5\C251\BIN\C251.EXE user\solve.c XSMALL INTR2 BROWSE INCDIR(.\Resource;.\ware;.\src;.\midd
                    -le;.\user) DEBUG PRINT(.\obj\solve.lst) OBJECT(.\obj\solve.obj) 

stmt  level    source

    1          #include "solve.h"
    2          #include "menu.h"
    3          #include "stdlib.h"
    4          #include "fun.h"
    5          #include <math.h>
    6          
    7          
    8          double a_shuzhi = 0;
    9          double b_shuzhi = 0;
   10          double c_shuzhi = 0;
   11          double d_shuzhi = 0;
   12          double e_shuzhi = 0;
   13          double x0_shuzhi= 0;
   14          double x_shuzhi = 0;    //x是求得的根 
   15          
   16          u8 solvestr[12];
   17          u8 solvestrlength=0;
   18          u8 solvestrnum=0;
   19          
   20          double F1(double x,double a,double b,double c,double d,double e)//原函数 
   21          {
   22   1              return  e + d*x + c*x*x + b*x*x*x + a*x*x*x*x; 
   23   1      }
   24          
   25          double F2(double x,double a,double b,double c,double d)//原函数的一阶导函数
   26          {
   27   1              return  d + 2*c*x + 3*b*x*x + 4*a*x*x*x; 
   28   1      }
   29          
   30          double Newton(double x0,double precision,double a,double b,double c,double d,double e,uchar* x)//牛顿法 
   31          {
   32   1              double x1;
   33   1              uchar wrong[6]  = "wrong";//存着wrong的字符串，5+1个单元 
   34   1              uint solve_equation_count=0;
   35   1              if(x0==0.0 )
   36   1              {
   37   2                      if(F1(x0,a,b,c,d,e)==0.0)
   38   2                      {
   39   3                              sprintf(x,"%g",x0); 
   40   3                              return 1;
   41   3                      }
   42   2                      else
   43   2                              x0=x0+0.000001;
   44   2              }
   45   1              
   46   1              do
   47   1              {
   48   2               x1 = x0;
   49   2               x0 = x1 - F1(x1,a,b,c,d,e) / F2(x1,a,b,c,d);
   50   2               solve_equation_count++;
   51   2               if( solve_equation_count >1000)
   52   2               {
   53   3      //              uchar i=0;
   54   3      //              for(i=0;i<5;i++)
   55   3      //              {
   56   3      //                      x[i]=wrong[i];
   57   3      //              }
   58   3      //              x[i]='\0';//记得给字符串x加上结尾的 0 
C251 COMPILER V5.60.0,  solve                                                              22/03/23  11:38:01  PAGE 2   

   59   3               
   60   3                      return 0;
   61   3               }
   62   2                      
   63   2              }
   64   1              while (fabs(x1 - x0) > precision  );
   65   1              sprintf(x,"%g",x0); 
   66   1              return 1;
   67   1      }
   68          
   69          void Solve(u8 keynum)
   70          {
   71   1          int n;      //最高阶数
   72   1          uchar temp_buff[17];
   73   1          switch( state )
   74   1          {
   75   2              case 0://初始化
   76   2                  Screen_Clear();
   77   2                  Screen_ShowStr(0,0,"y=aX^4+bX^3+cX^2");
   78   2                  Screen_ShowStr(16,2,"+dX+e     OK?=");
   79   2                  Screen_ShowStr(0,4,"a =            >");
   80   2                  Screen_ShowNum(0,6,a_shuzhi);
   81   2                  Screen_ShowFreshen();
   82   2              
   83   2                  state = 1;
   84   2                  solvestrlength  =  0;
   85   2                  memset(solvestr,'\0',12);
   86   2                  solvestrnum = 0;
   87   2                  break;
   88   2           
   89   2              case 1://等待输入
   90   2                  if( keynum>0 )
   91   2                  {
   92   3                      if((solvestrnum>0 )&&( keynum==8 ))
   93   3                      {
   94   4                          if( solvestrlength>0)
   95   4                          {
   96   5                              switch( solvestrnum )
   97   5                              {
   98   6                                  case 0:a_shuzhi = atof(solvestr);break;
   99   6                                  case 1:b_shuzhi = atof(solvestr);break;
  100   6                                  case 2:c_shuzhi = atof(solvestr);break;
  101   6                                  case 3:d_shuzhi = atof(solvestr);break;
  102   6                                  case 4:e_shuzhi = atof(solvestr);break;
  103   6                                  case 5:x0_shuzhi = atof(solvestr); break;                           
  104   6                              }
  105   5                              solvestrlength = 0;
  106   5                              memset(solvestr,'\0',12);
  107   5                          }
  108   4                          solvestrnum--;
  109   4                          if( solvestrnum<=4 )
  110   4                          {
  111   5                              Screen_ShowAsc(0,4,'a'+solvestrnum);
*** WARNING C188 IN LINE 111 OF user\solve.c: 'parameter 3': value truncated
  112   5                              Screen_ShowAsc(8,4,' ');
  113   5                          }     
  114   4                          Screen_ShowStr(0,6,"                ");                    
  115   4                          switch( solvestrnum )
  116   4                          {
  117   5                              case 0:Screen_ShowNum(0,6,a_shuzhi);break;
  118   5                              case 1:Screen_ShowNum(0,6,b_shuzhi);;break;
  119   5                              case 2:Screen_ShowNum(0,6,c_shuzhi);;break;
  120   5                              case 3:Screen_ShowNum(0,6,d_shuzhi);;break;
  121   5                              case 4:Screen_ShowNum(0,6,e_shuzhi);;break;
  122   5                              case 5:Screen_ShowNum(0,6,x0_shuzhi);; break;                           
  123   5                          }                    
C251 COMPILER V5.60.0,  solve                                                              22/03/23  11:38:01  PAGE 3   

  124   4                      }
  125   3                      else if(( solvestrnum<5 )&&( keynum==10 ))
  126   3                      {
  127   4       
  128   4                          if( solvestrlength>0)
  129   4                          {
  130   5                              switch( solvestrnum )
  131   5                              {
  132   6                                  case 0:a_shuzhi = atof(solvestr);break;
  133   6                                  case 1:b_shuzhi = atof(solvestr);break;
  134   6                                  case 2:c_shuzhi = atof(solvestr);break;
  135   6                                  case 3:d_shuzhi = atof(solvestr);break;
  136   6                                  case 4:e_shuzhi = atof(solvestr);break;
  137   6                                  case 5:x0_shuzhi = atof(solvestr); break;                           
  138   6                              }
  139   5                              solvestrlength = 0;
  140   5                              memset(solvestr,'\0',12);
  141   5                          }
  142   4                      
  143   4                          solvestrnum++;
  144   4                          if( solvestrnum<=4 )
  145   4                          {
  146   5                              Screen_ShowAsc(0,4,'a'+solvestrnum);
*** WARNING C188 IN LINE 146 OF user\solve.c: 'parameter 3': value truncated
  147   5                              Screen_ShowAsc(8,4,' ');
  148   5                          } 
  149   4                          else
  150   4                          {
  151   5                              Screen_ShowAsc(0,4,'x');
  152   5                              Screen_ShowAsc(8,4,'0');
  153   5                          } 
  154   4                          Screen_ShowStr(0,6,"                ");
  155   4                          switch( solvestrnum )
  156   4                          {
  157   5                              case 0:Screen_ShowNum(0,6,a_shuzhi);break;
  158   5                              case 1:Screen_ShowNum(0,6,b_shuzhi);;break;
  159   5                              case 2:Screen_ShowNum(0,6,c_shuzhi);;break;
  160   5                              case 3:Screen_ShowNum(0,6,d_shuzhi);;break;
  161   5                              case 4:Screen_ShowNum(0,6,e_shuzhi);;break;
  162   5                              case 5:Screen_ShowNum(0,6,x0_shuzhi);; break;                           
  163   5                          }                          
  164   4                      }
  165   3                      else if((( keynum>='0' )&&( keynum<='9' ))||( keynum=='.' )||( keynum=='-' ))
  166   3                      {
  167   4                          solvestr[solvestrlength++]=keynum;
  168   4                          Screen_ShowStr(0,6,solvestr);
  169   4                      }
  170   3                      else if( keynum == '=' )
  171   3                      {        
  172   4                          if( solvestrlength>0)
  173   4                          {
  174   5                              switch( solvestrnum )
  175   5                              {
  176   6                                  case 0:a_shuzhi = atof(solvestr);break;
  177   6                                  case 1:b_shuzhi = atof(solvestr);break;
  178   6                                  case 2:c_shuzhi = atof(solvestr);break;
  179   6                                  case 3:d_shuzhi = atof(solvestr);break;
  180   6                                  case 4:e_shuzhi = atof(solvestr);break;
  181   6                                  case 5:x0_shuzhi = atof(solvestr); break;                           
  182   6                              }
  183   5                              solvestrlength = 0;
  184   5                              memset(solvestr,'\0',12);
  185   5                          }
  186   4                          
  187   4                          Screen_Clear(); 
  188   4                          state =2;
C251 COMPILER V5.60.0,  solve                                                              22/03/23  11:38:01  PAGE 4   

  189   4                      }
  190   3                      else if( keynum == 21 ) //刪除
  191   3                      {
  192   4                          if( solvestrlength>0 )
  193   4                          {
  194   5                              solvestrlength--;
  195   5                              solvestr[solvestrlength]='\0';
  196   5                              Screen_ShowStr(0,6,"                ");   
  197   5                              Screen_ShowStr(0,6,solvestr);   
  198   5                          }                        
  199   4                      }
  200   3                      else  if( keynum == 22) //清屏
  201   3                      {
  202   4                          solvestrlength=0;
  203   4                          memset(solvestr,'\0',12);
  204   4                          Screen_ShowStr(0,6,"                ");   
  205   4                      }
  206   3                      else
  207   3                      {}
  208   3                      
  209   3                      if( state == 1 )  
  210   3                      {
  211   4                          if( solvestrnum>0 )
  212   4                              Screen_ShowAsc(14*8,4,'<');
  213   4                          else
  214   4                              Screen_ShowAsc(14*8,4,' ');
  215   4                          
  216   4                          if( solvestrnum<5 )
  217   4                              Screen_ShowAsc(15*8,4,'>');
  218   4                          else
  219   4                              Screen_ShowAsc(15*8,4,' ');
  220   4                          
  221   4                          Screen_ShowFreshen();
  222   4                      }
  223   3                  }
  224   2                  break; 
  225   2              case 2://计算
  226   2                  //判断最高幂次 
  227   2                  Screen_ShowStr(0,0,"y=aX^4+bX^3+cX^2");
  228   2                  Screen_ShowStr(0,2,"  +dX+e         ");        
  229   2                  if( a_shuzhi !=0 )
  230   2                  {
  231   3                      n=4;
  232   3                  }
  233   2                  else if( b_shuzhi !=0 )
  234   2                  {
  235   3                      n=3;
  236   3                  }
  237   2                  else if( c_shuzhi !=0 )
  238   2                  {
  239   3                      n=2;
  240   3                  }
  241   2                  else if( d_shuzhi !=0 )
  242   2                  {
  243   3                      n=1;
  244   3                  }
  245   2                  else
  246   2                  {
  247   3                      n=0;
  248   3                  }
  249   2                  if( n==0 )
  250   2                  {
  251   3                      Screen_ShowStr(0,0,"parm error");
  252   3                  }
  253   2                  else if( n==1 )
  254   2                  {
C251 COMPILER V5.60.0,  solve                                                              22/03/23  11:38:01  PAGE 5   

  255   3                      x_shuzhi = e_shuzhi/d_shuzhi;
  256   3                      sprintf(temp_buff,"%g",x_shuzhi); 
  257   3                      Screen_ShowStr(0,0,temp_buff);
  258   3                  }                
  259   2                  else if(n==2)
  260   2                  {
  261   3                      if( ( d_shuzhi * d_shuzhi -4 * c_shuzhi * e_shuzhi ) <0  )
  262   3                      {
  263   4      //                    uchar i=0;
  264   4      //                    for(i=0;i<5;i++)
  265   4      //                    {
  266   4      //                        temp_buff[i]=wrong[i];
  267   4      //                    }
  268   4      //                    temp_buff[i]='\0';//记得给字符串x加上结尾的 0 
  269   4                          Screen_ShowStr(0,4,"x1 = wrong");
  270   4                      }               
  271   3                      else
  272   3                      {
  273   4                          x_shuzhi = (-d_shuzhi+sqrt(d_shuzhi*d_shuzhi - 4*c_shuzhi*e_shuzhi)) / (2*c_shuzhi) ;
             -//x2
  274   4                          sprintf(temp_buff,"x2 =%g",x_shuzhi);
  275   4                          Screen_ShowStr(0,6,temp_buff);
  276   4      //                    lcd_set_pos(3,0);
  277   4      //                    lcd_write_str("x2 =");
  278   4      //                    lcd_write_str(temp_buff); 
  279   4                          
  280   4                          x_shuzhi = (-d_shuzhi-sqrt(d_shuzhi*d_shuzhi - 4*c_shuzhi*e_shuzhi)) / (2*c_shuzhi) ;
             -//x1
  281   4                          sprintf(temp_buff,"x1 =%g",x_shuzhi); 
  282   4                          Screen_ShowStr(0,4,temp_buff);  
  283   4                      }
  284   3                          
  285   3                  } 
  286   2                  else 
  287   2                  {   
  288   3                      if(Newton(x0_shuzhi,0.00001,a_shuzhi,b_shuzhi,c_shuzhi,d_shuzhi,e_shuzhi,temp_buff)==0)
  289   3                      {
  290   4                          Screen_ShowStr(0,4,"x1 = wrong");
  291   4                      }
  292   3                      else
  293   3                      {
  294   4                          Screen_ShowStr(0,4,"x1 ="); 
  295   4                          Screen_ShowStr(32,4,temp_buff); 
  296   4                      }                    
  297   3                  }
  298   2                  Screen_ShowFreshen();
  299   2                  state = 3;
  300   2                  break;            
  301   2              case 3://计算
  302   2                  if( keynum>0 )
  303   2                  {
  304   3                      state = 0;
  305   3                  }
  306   2                  break;
  307   2          }    
  308   1      }
  309          


Module Information          Static   Overlayable
------------------------------------------------
  code size            =      2065     ------
  ecode size           =    ------     ------
  data size            =    ------     ------
  idata size           =    ------     ------
  pdata size           =    ------     ------
  xdata size           =    ------     ------
C251 COMPILER V5.60.0,  solve                                                              22/03/23  11:38:01  PAGE 6   

  xdata-const size     =    ------     ------
  edata size           =        42         85
  bit size             =    ------     ------
  ebit size            =    ------     ------
  bitaddressable size  =    ------     ------
  ebitaddressable size =    ------     ------
  far data size        =    ------     ------
  huge data size       =    ------     ------
  const size           =    ------     ------
  hconst size          =       199     ------
End of Module Information.


C251 COMPILATION COMPLETE.  2 WARNING(S),  0 ERROR(S)
