C251 COMPILER V5.60.0,  statistics                                                         27/09/22  13:55:47  PAGE 1   


C251 COMPILER V5.60.0, COMPILATION OF MODULE statistics
OBJECT MODULE PLACED IN .\obj\statistics.obj
COMPILER INVOKED BY: C:\Keil_v5\C251\BIN\C251.EXE Resource\statistics.c XSMALL ROM(HUGE) BROWSE INCDIR(.\Resource;.\ware
                    -;.\src;.\middle) DEBUG PRINT(.\obj\statistics.lst) OBJECT(.\obj\statistics.obj) 

stmt  level    source

    1                  #include <math.h>
    2                  #include <middle.h>
    3          #include "middle.h"
    4                  #include "keyboard_device.h"
    5          
    6          
    7          
    8                  extern uchar num0;
    9                  
   10                  void sta_delay()
   11                  {
   12   1                      uint i,j;
   13   1                      for(i=0;i<1000;i++)
   14   1                              for(j=0;j<1000;j++);
   15   1                      }
   16                  
   17                  void cal_data(double (*a)[5],double (*c)[5],double *s,int n)
   18                  {
   19   1      ////×ÜşÍŁ¬Ć˝ľůĘýŁ¬ÖĐÎ»ĘýŁ¬×î´óÖµŁ¬×îĐˇÖµ Ł¬Ľ«˛î Ł¬·˝˛îŁ¬ĐŢŐý·˝˛îŁ¬±ę×Ľ˛îŁ¬ĐŢŐý±ę×Ľ˛î
   20   1      ////±äŇěĎµĘýŁ¬Ć˝ľůĆ«˛îŁ¬µ÷şÍĆ˝ľůĘýŁ¬Ľ¸şÎĆ˝ľůĘý
   21   1                      uchar i,j;
   22   1                      double t;
   23   1                      double sum;
   24   1      /*****************************************************/         
   25   1                      sum=0;
   26   1                      for(i=0;i<n;i++)
   27   1                              sum=sum+*(*a+i);
   28   1                      s[0]=sum;                                                                                //ÇóşÍ
   29   1                      s[1]=s[0]/n;                                                             //Ć˝ľůĘý
   30   1                      
   31   1      /*****************************************************/ 
   32   1                      for(i=0;i<n;i++)
   33   1                              *(*c+i)=*(*a+i);
   34   1                      for(i=0;i<n;i++)
   35   1                              for(j=0;j<n-i-1;j++)
   36   1                              {
   37   2                                      if(*(*c+j)>*(*c+j+1))
   38   2                                      {
   39   3                                              t=*(*c+j);
   40   3                                              *(*c+j)=*(*c+j+1);
   41   3                                              *(*c+j+1)=t;
   42   3                                              }
   43   2                                      }
   44   1                      s[3]=*(*c+n-1);                 //×î´óÖµ
   45   1                      s[4]=*(*c);                                                                               //×îĐˇÖµ
   46   1                      s[5]=s[3]-s[4];                                                                 //Ľ«˛î
   47   1                      if(n%2==0)
   48   1                              s[2]=(*(*c-1+n/2)+*(*c+n/2))/2;
   49   1                      else if(n%2==1)
   50   1                              s[2]=*(*c+(n-1)/2);           //ÖĐÎ»Ęý
   51   1      
   52   1      /*****************************************************/
   53   1      
   54   1                      sum=0;
   55   1                      for(i=0;i<n;i++)
   56   1                              sum=sum+1/(*(*a+i));
   57   1                      s[12]=n/sum;                       //µ÷şÍĆ˝ľůĘý
   58   1      
C251 COMPILER V5.60.0,  statistics                                                         27/09/22  13:55:47  PAGE 2   

   59   1      /*****************************************************/
   60   1                      
   61   1                      sum=1;
   62   1                      for(i=0;i<n;i++)
   63   1                              sum=sum*(*(*a+i));
   64   1                      s[13]=pow(sum,1.0/(double)n);      //Ľ¸şÎĆ˝ľůĘý     
   65   1                      
   66   1      /*****************************************************/ 
   67   1              
   68   1                      sum=0;
   69   1                      for(i=0;i<n;i++)
   70   1                              sum=sum+pow((*(*a+i)-s[1]),2);
   71   1                      s[6]=sum/n;                        //·˝˛î
   72   1                      s[7]=sum/(n-1);                                                                          //ĐŢŐý·˝˛î
   73   1                      s[8]=pow(s[6],0.5);                                                                      //±ę×Ľ˛î
   74   1                      s[9]=pow(s[7],0.5);                                                              //ĐŢŐý±ę×Ľ˛î
   75   1                      s[10]=s[8]/s[1];                     //±äŇěĎµĘý
   76   1              
   77   1      /*****************************************************/
   78   1      
   79   1                      t=0,sum=0;
   80   1                      for(i=0;i<n;i++)
   81   1                      {
   82   2                              t=*(*a+i)-s[1];
   83   2                              if(t<0)
   84   2                                      t=-t;
   85   2                              sum=sum+t;
   86   2                              }
   87   1                      s[11]=sum/(float)n;                //Ć˝ľůĆ«˛î
   88   1                      
   89   1      /*****************************************************/
   90   1      
   91   1              }
   92                  
   93                  
   94                  void mode_num(double (*a)[5],double (*c)[5],double (*b)[5],uchar *index,int n,int *count1)              
             -        //ÖÚĘý
   95                  {
   96   1                      uchar i;
   97   1                      int count=1;
   98   1          for(i=0;i<n-1;) 
   99   1                      {
  100   2                              while(*(*c+i)==*(*c+i+1)) 
  101   2                              {
  102   3                                      count++;
  103   3                                      i++;
  104   3              }
  105   2                              if(count>(*count1))
  106   2                              {       
  107   3                                      (*count1)=count;
  108   3                                      (*index)=0;
  109   3                                      *(*b+*index)=*(*a+i);
  110   3              }
  111   2                              else if(count==(*count1)) 
  112   2                              {
  113   3              (*index)++;
  114   3                                      *(*b+*index)=*(*a+i);
  115   3                                      }
  116   2                              count=1;
  117   2                              i++;
  118   2                              }
  119   1      
  120   1                      }
  121                          
  122                          void sta_result(uchar count,double *s)
  123                          {       
C251 COMPILER V5.60.0,  statistics                                                         27/09/22  13:55:47  PAGE 3   

  124   1                              char temp[16];
  125   1                              uchar m,i,j;
  126   1                              lcd_clear();
  127   1                              for(m=0;m<4;m++)
  128   1                              {
  129   2                                      i=m+count;
  130   2                                      lcd_set_pos(m,0);
  131   2                                      if(i%2==1)
  132   2                                      {
  133   3                                              j=(i+1)/2;
  134   3                                                      switch (j) 
  135   3                                                      {
  136   4                                                              case 1:
  137   4                                                                      lcd_write_str("1.×ÜşÍŁş");
  138   4                                                                      break;
  139   4                                                              case 2:
  140   4                                                                      lcd_write_str("2.Ć˝ľůĘýŁş");
  141   4                                                                      break;
  142   4                                                              case 3:
  143   4                                                                      lcd_write_str("3.ÖĐÎ»ĘýŁş");
  144   4                                                                      break;
  145   4                                                              case 4:
  146   4                                                                      lcd_write_str("4.×î´óÖµŁş");
  147   4                                                                      break;
  148   4                                                              case 5:
  149   4                                                                      lcd_write_str("5.×îĐˇÖµŁş");
  150   4                                                                      break;
  151   4                                                              case 6:
  152   4                                                                      lcd_write_str("6.Ľ«˛îŁş");
  153   4                                                                      break;
  154   4                                                              case 7:
  155   4                                                                      lcd_write_str("7.·˝˛îŁş");
  156   4                                                                      break;
  157   4                                                              case 8:
  158   4                                                                      lcd_write_str("8.ĐŢŐý·˝˛îŁş");
  159   4                                                                      break;
  160   4                                                              case 9:
  161   4                                                                      lcd_write_str("9.±ę×Ľ˛îŁş");
  162   4                                                                      break;
  163   4                                                              case 10:
  164   4                                                                      lcd_write_str("10. ĐŢŐý±ę×Ľ˛îŁş");
  165   4                                                                      break;
  166   4                                                              case 11:
  167   4                                                                      lcd_write_str("11. ±äŇěĎµĘýŁş");
  168   4                                                                      break;
  169   4                                                              case 12:
  170   4                                                                      lcd_write_str("12. Ć˝ľůĆ«˛î:");
  171   4                                                                      break;
  172   4                                                              case 13:
  173   4                                                                      lcd_write_str("13. µ÷şÍĆ˝ľůĘý:");
  174   4                                                                      break;
  175   4                                                              case 14:
  176   4                                                                      lcd_write_str("14. Ľ¸şÎĆ˝ľůĘý:");
  177   4                                                                      break;
  178   4                                                              }
  179   3                                              }
  180   2                                      else if(i%2==0)
  181   2                                      {
  182   3                                                      sprintf(temp,"%g",s[i/2-1]);
  183   3                                                      lcd_write_str(temp);
  184   3                                              }
  185   2                                      }  
  186   1                              }  
  187                                  
  188                                  
  189                          void n_input(int *n)
C251 COMPILER V5.60.0,  statistics                                                         27/09/22  13:55:47  PAGE 4   

  190                          {
  191   1                              uchar d=0;
  192   1                              uchar i=0;
  193   1                              char temp[16];
  194   1                              lcd_clear();
  195   1                              lcd_write_cmd(0x80);    
  196   1                              lcd_write_str("Now n=");
  197   1                              sprintf(temp,"%d",*n);
  198   1                              lcd_write_str(temp);
  199   1                              lcd_write_cmd(0x90);
  200   1                              lcd_write_str("end with '='");
  201   1                              lcd_write_cmd(0x88);
  202   1                              lcd_write_str("    (2<=n<=25)");
  203   1                              lcd_write_cmd(0x98);
  204   1                              lcd_write_str("new=");
  205   1                              for(d=0;d<16;d++)
  206   1                                      temp[d]=0;
  207   1                              d=0;
  208   1                              while(1)
  209   1                                      {
  210   2                                              num0=0xff;
  211   2                                              num0=keyboard_output();
  212   2                                              if((num0<=0x39)&&(num0>=0x30)&&(d<16))
  213   2                                                      {
  214   3                                                              temp[d]=num0;
  215   3                                                              lcd_write_dat(num0);
  216   3                                                              num0=0xff;
  217   3                                                              d++;
  218   3                                                              }
  219   2                                              else if((num0=='=')||(num0==19))
  220   2                                                      {       
  221   3                                                              num0=0xff;
  222   3                                                              sscanf(temp,"%d",n);
  223   3                                                              break;
  224   3                                                              }
  225   2                                              else if(num0==18)
  226   2                                              {
  227   3                                                      num0=0xff;
  228   3                                                      if(d>0)
  229   3                                                              d--;
  230   3                                                      temp[d]=0;
  231   3                                                      lcd_set_pos(3,2);
  232   3                                                      lcd_write_str("            ");
  233   3                                                      lcd_set_pos(3,2);
  234   3                                                      for(i=0;i<d;i++)
  235   3                                                              lcd_write_dat(temp[i]);
  236   3                                                      }
  237   2                                              }
  238   1                              }
  239                                  
  240                          
  241                          void num_input(double (*a)[5],int n,uchar *symbol1,int *count2)
  242                          {
  243   1                              uchar d=0;
  244   1                              uchar i=0;
  245   1                              char temp[16];
  246   1                              lcd_clear();
  247   1                              lcd_write_cmd(0x80);
  248   1                              lcd_write_str("now data ");
  249   1                              sprintf(temp,"%d",*count2);
  250   1                              lcd_write_str(temp);
  251   1                              lcd_write_cmd(0x90);
  252   1                              sprintf(temp,"%g",*(*a+*count2-1));
  253   1                              lcd_write_str(temp);
  254   1                              lcd_write_cmd(0x88);
  255   1                              lcd_write_dat(0x1e);   //ÉĎ
C251 COMPILER V5.60.0,  statistics                                                         27/09/22  13:55:47  PAGE 5   

  256   1                              lcd_write_str(":ÉĎ·­  ");
  257   1                              lcd_write_dat(0x1f);   //ĎÂ
  258   1                              lcd_write_str(":ĎÂ·­");
  259   1                              lcd_write_cmd(0x98);
  260   1                              lcd_write_str("new=");
  261   1                              for(d=0;d<16;d++)
  262   1                                      temp[d]=0;
  263   1                              d=0;
  264   1                              num0=0xff;
  265   1                              while(1)
  266   1                              {
  267   2                                      num0=keyboard_output();
  268   2                                      if(num0==3)
  269   2                                              {
  270   3                                                      num0=0xff;
  271   3                                                      if(d!=0)
  272   3                                                              sscanf(temp,"%g",(*a+(*count2)-1));
  273   3                                                      (*count2)=(*count2)-1;
  274   3                                                      if((*count2)<1)
  275   3                                                              (*count2)=1;
  276   3                                                      break;
  277   3                                              }
  278   2                                      else if((num0==6)||(num0=='='))
  279   2                                              {       
  280   3                                                      num0=0xff;
  281   3                                                      if(d!=0)
  282   3                                                              sscanf(temp,"%g",(*a+(*count2)-1));
  283   3                                                      (*count2)=(*count2)+1;
  284   3                                                      if((*count2)>n)
  285   3                                                              (*count2)=n;
  286   3                                                      break;
  287   3                                              }
  288   2                                      else if(num0==19)
  289   2                                              {
  290   3                                                      num0=0xff;
  291   3                                                      (*symbol1)=1;
  292   3                                                      break;
  293   3                                                      }
  294   2                                      else if(num0==18)
  295   2                                      {
  296   3                                              num0=0xff;
  297   3                                              if(d>0)
  298   3                                                      d--;
  299   3                                              temp[d]=0;
  300   3                                              lcd_set_pos(3,2);
  301   3                                              lcd_write_str("            ");
  302   3                                              lcd_set_pos(3,2);
  303   3                                              for(i=0;i<d;i++)
  304   3                                                      lcd_write_dat(temp[i]);
  305   3                                      }
  306   2                                      else if(((num0<=0x39)&&(num0>=0x30))||(num0=='.')||(num0=='-'))
  307   2                                              {
  308   3                                                      lcd_write_dat(num0);
  309   3                                                      temp[d]=num0;
  310   3                                                      num0=0xff;
  311   3                                                      d++;
  312   3                                                      }
  313   2                                      else num0=0xff;
  314   2                                      }
  315   1                      }
  316                                  
  317                          
  318                          void sta_mode_display(double (*b)[5],uchar index,int *count1)
  319                          {
  320   1                              uchar temp[16];
  321   1                              uchar count5=0;
C251 COMPILER V5.60.0,  statistics                                                         27/09/22  13:55:47  PAGE 6   

  322   1                              uchar i,j;
  323   1                              num0=0xff;
  324   1                              lcd_clear();
  325   1                              for(i=0;i<16;i++)
  326   1                                      temp[i]=0;
  327   1                                      
  328   1                                      if((*count1)==1)
  329   1                                      {
  330   2                                              lcd_set_pos(1,2);
  331   2                                              lcd_write_str("Ă»ÓĐÖÚĘý");
  332   2                                              lcd_set_pos(2,2);
  333   2                                              lcd_write_str("Ă»ÓĐÖÚĘý");
  334   2                                              sta_delay();
  335   2                                              lcd_clear();
  336   2                                              }
  337   1                                      else if((*count1)>1)
  338   1                                      {
  339   2                                              i=index+1;
  340   2                                              while(1)
  341   2                                              {
  342   3                                                      if(i<=4)
  343   3                                                      {
  344   4                                                              for(j=0;j<i;j++)
  345   4                                                              {
  346   5                                                                      lcd_set_pos(j,0);
  347   5                                                                      sprintf(temp,"%g",*(*b+j));
  348   5                                                                      lcd_write_str(temp);
  349   5                                                                      }
  350   4                                                              }
  351   3                                                      else if(i>4)
  352   3                                                      {
  353   4                                                              for(j=0;j<4;j++)
  354   4                                                              {       
  355   5                                                                      lcd_set_pos(j,0);
  356   5                                                                      sprintf(temp,"%g",*(*b+j+count5));
  357   5                                                                      lcd_write_str(temp);
  358   5                                                                      }
  359   4                                                              }
  360   3                                                      num0=0xff;
  361   3                                                      num0=keyboard_output();
  362   3                                                      if(num0==19)
  363   3                                                      {
  364   4                                                              num0=0xff;
  365   4                                                              break;
  366   4                                                              }
  367   3                                                      else if(num0==3)
  368   3                                                      {
  369   4                                                              num0=0xff;
  370   4                                                              if(count5>0)
  371   4                                                                      count5--;
  372   4                                                              }
  373   3                                                      else if(num0==6)
  374   3                                                      {
  375   4                                                              num0=0xff;
  376   4                                                              count5++;
  377   4                                                              if(count5>i-4)
  378   4                                                                      count5=i-4;
  379   4                                                              }
  380   3                                                      }
  381   2                                      }
  382   1                              
  383   1                      
  384   1                              }
  385                          
  386                          void sta_result_display(double *s)
  387                          {
C251 COMPILER V5.60.0,  statistics                                                         27/09/22  13:55:47  PAGE 7   

  388   1                              uchar count4=1;
  389   1                              num0=0xff;
  390   1                              while(1)
  391   1                              {
  392   2      
  393   2                                      sta_result(count4,s);
  394   2                                      num0=keyboard_output();
  395   2                                      if(num0==6)
  396   2                                      {
  397   3                                              num0=0xff;
  398   3                                              count4++;
  399   3                                              if(count4>25)
  400   3                                                      count4=25;
  401   3                                              }
  402   2                                      else if(num0==3)
  403   2                                      {
  404   3                                              num0=0xff;
  405   3                                              count4--;
  406   3                                              if(count4<1)
  407   3                                                      count4=1;
  408   3                                              }
  409   2                                      else if(num0==19)
  410   2                                      {
  411   3                                              num0=0xff;
  412   3                                              break;
  413   3                                              }
  414   2                                      }
  415   1                              }
  416                                  
  417                                  
  418                          
  419                          void sta_menu1()
  420                          {
  421   1                              double a[5][5],b[5][5],c[5][5];
  422   1                              double s[14];
  423   1                              uchar index;
  424   1                              uchar i=0;
  425   1                              uchar j=0;
  426   1                              int n=1;
  427   1                              int count1=1;
  428   1                              int count2=1;
  429   1                              uchar symbol1=0;
  430   1                              for(i=0;i<5;i++)
  431   1                                      for(j=0;j<5;j++)
  432   1                                              a[i][j]=0;
  433   1                              num0=0xff;
  434   1                                      while(1)
  435   1                                      {
  436   2                                              num0=0xff;
  437   2                                              lcd_clear();
  438   2                                              lcd_write_cmd(0x80);
  439   2                                              lcd_write_str("1.ĘäČëĘýľÝ¸öĘý");
  440   2                                              lcd_write_cmd(0x90);
  441   2                                              lcd_write_str("2.ĘäČëĘýľÝ");
  442   2                                              lcd_write_cmd(0x88);
  443   2                                              lcd_write_str("3.ĽĆËă");
  444   2                                              lcd_write_cmd(0x98);
  445   2                                              lcd_write_str("0.·µ»Ř");
  446   2                                              num0=keyboard_output();
  447   2                                              if(num0=='1')
  448   2                                              {       
  449   3                                                      num0=0xff;
  450   3                                                      n_input(&n);
  451   3                                                      while((n>25)||(n<2))                                    
  452   3                                                              n_input(&n);
  453   3                                                              }
C251 COMPILER V5.60.0,  statistics                                                         27/09/22  13:55:47  PAGE 8   

  454   2                                                      
  455   2                                              else if(num0=='2')
  456   2                                              {
  457   3                                                      num0=0xff;
  458   3                                                      while(symbol1==0)
  459   3                                                              num_input(a,n,&symbol1,&count2);
  460   3                                                      symbol1=0;
  461   3                                                      }
  462   2                                              else if(num0=='3')
  463   2                                              {
  464   3                                                      num0=0xff;
  465   3                                                      cal_data(a,c,s,n);
  466   3                                                      mode_num(a,c,b,&index,n,&count1);
  467   3                                                      while(1)
  468   3                                                      {
  469   4                                                              lcd_clear();
  470   4                                                              lcd_write_cmd(0x80);
  471   4                                                              lcd_write_str("1.˛éż´ĘýľÝ˝áąű");
  472   4                                                              lcd_write_cmd(0x90);
  473   4                                                              lcd_write_str("2.˛éż´ÖÚĘý");
  474   4                                                              lcd_write_cmd(0x88);
  475   4                                                              lcd_write_str("0.·µ»Ř");
  476   4                                                              num0=keyboard_output();
  477   4                                                              if(num0=='1')
  478   4                                                              {
  479   5                                                                      num0=0xff;
  480   5                                                                      lcd_clear();
  481   5                                                                      sta_result_display(s);
  482   5                                                                      }
  483   4                                                              else if(num0=='2')
  484   4                                                              {
  485   5                                                                      num0=0xff;
  486   5                                                                      lcd_clear();
  487   5                                                                      sta_mode_display(b,index,&count1);
  488   5                                                                      }
  489   4                                                              else if(num0=='0')
  490   4                                                              {       
  491   5                                                                      lcd_clear();
  492   5                                                                      num0=0xff;
  493   5                                                                      break;
  494   5                                                                      }
  495   4                                                              }
  496   3                                                              }
  497   2                                                      else if(num0=='0')
  498   2                                                      {
  499   3                                                              num0=0xff;
  500   3                                                              break;
  501   3                                                      
  502   3                                                      }
  503   2                                              }
  504   1                                      }
  505                                  
  506                                  
  507                          
  508                                  


Module Information          Static   Overlayable
------------------------------------------------
  code size            =    ------     ------
  ecode size           =      3749     ------
  data size            =    ------     ------
  idata size           =    ------     ------
  pdata size           =    ------     ------
  xdata size           =    ------     ------
  xdata-const size     =    ------     ------
  edata size           =    ------        485
C251 COMPILER V5.60.0,  statistics                                                         27/09/22  13:55:47  PAGE 9   

  bit size             =    ------     ------
  ebit size            =    ------     ------
  bitaddressable size  =    ------     ------
  ebitaddressable size =    ------     ------
  far data size        =    ------     ------
  huge data size       =    ------     ------
  const size           =    ------     ------
  hconst size          =       318     ------
End of Module Information.


C251 COMPILATION COMPLETE.  0 WARNING(S),  0 ERROR(S)
