C251 COMPILER V5.60.0,  fontoled                                                           09/10/25  20:12:32  PAGE 1   


C251 COMPILER V5.60.0, COMPILATION OF MODULE fontoled
OBJECT MODULE PLACED IN .\Objects\fontoled.obj
COMPILER INVOKED BY: C:\Keil_v5\C251\BIN\C251.EXE Hardware\fontoled.c LARGE INTR2 ROM(HUGE) BROWSE INCDIR(.\Hardware;.\U
                    -ser;.\System) DEBUG PRINT(.\Listings\fontoled.lst) OBJECT(.\Objects\fontoled.obj) 

stmt  level    source

    1          #include "../Hardware/fontoled.h"
    2          /************************************6*8µÄµăŐó************************************/
    3          const unsigned char code F6x8[][6] =            
    4          {
    5          0x00, 0x00, 0x00, 0x00, 0x00, 0x00,// żŐ¸ń ASCIIÖµ32
    6          0x00, 0x00, 0x00, 0x2f, 0x00, 0x00,// !
    7          0x00, 0x00, 0x07, 0x00, 0x07, 0x00,// "
    8          0x00, 0x14, 0x7f, 0x14, 0x7f, 0x14,// #
    9          0x00, 0x24, 0x2a, 0x7f, 0x2a, 0x12,// $
   10          0x00, 0x62, 0x64, 0x08, 0x13, 0x23,// %
   11          0x00, 0x36, 0x49, 0x55, 0x22, 0x50,// &
   12          0x00, 0x00, 0x05, 0x03, 0x00, 0x00,// '
   13          0x00, 0x00, 0x1c, 0x22, 0x41, 0x00,// (
   14          0x00, 0x00, 0x41, 0x22, 0x1c, 0x00,// )
   15          0x00, 0x14, 0x08, 0x3E, 0x08, 0x14,// *
   16          0x00, 0x08, 0x08, 0x3E, 0x08, 0x08,// +
   17          0x00, 0x00, 0x00, 0xA0, 0x60, 0x00,// ,
   18          0x00, 0x08, 0x08, 0x08, 0x08, 0x08,// -
   19          0x00, 0x00, 0x60, 0x60, 0x00, 0x00,// .
   20          0x00, 0x20, 0x10, 0x08, 0x04, 0x02,// /
   21          0x00, 0x3E, 0x51, 0x49, 0x45, 0x3E,// 0
   22          0x00, 0x00, 0x42, 0x7F, 0x40, 0x00,// 1
   23          0x00, 0x42, 0x61, 0x51, 0x49, 0x46,// 2
   24          0x00, 0x21, 0x41, 0x45, 0x4B, 0x31,// 3
   25          0x00, 0x18, 0x14, 0x12, 0x7F, 0x10,// 4
   26          0x00, 0x27, 0x45, 0x45, 0x45, 0x39,// 5
   27          0x00, 0x3C, 0x4A, 0x49, 0x49, 0x30,// 6
   28          0x00, 0x01, 0x71, 0x09, 0x05, 0x03,// 7
   29          0x00, 0x36, 0x49, 0x49, 0x49, 0x36,// 8
   30          0x00, 0x06, 0x49, 0x49, 0x29, 0x1E,// 9
   31          0x00, 0x00, 0x36, 0x36, 0x00, 0x00,// :
   32          0x00, 0x00, 0x56, 0x36, 0x00, 0x00,// ;
   33          0x00, 0x08, 0x14, 0x22, 0x41, 0x00,// <
   34          0x00, 0x14, 0x14, 0x14, 0x14, 0x14,// =
   35          0x00, 0x00, 0x41, 0x22, 0x14, 0x08,// >
   36          0x00, 0x02, 0x01, 0x51, 0x09, 0x06,// ?
   37          0x00, 0x32, 0x49, 0x59, 0x51, 0x3E,// @
   38          0x00, 0x7C, 0x12, 0x11, 0x12, 0x7C,// A
   39          0x00, 0x7F, 0x49, 0x49, 0x49, 0x36,// B
   40          0x00, 0x3E, 0x41, 0x41, 0x41, 0x22,// C
   41          0x00, 0x7F, 0x41, 0x41, 0x22, 0x1C,// D
   42          0x00, 0x7F, 0x49, 0x49, 0x49, 0x41,// E
   43          0x00, 0x7F, 0x09, 0x09, 0x09, 0x01,// F
   44          0x00, 0x3E, 0x41, 0x49, 0x49, 0x7A,// G
   45          0x00, 0x7F, 0x08, 0x08, 0x08, 0x7F,// H
   46          0x00, 0x00, 0x41, 0x7F, 0x41, 0x00,// I
   47          0x00, 0x20, 0x40, 0x41, 0x3F, 0x01,// J
   48          0x00, 0x7F, 0x08, 0x14, 0x22, 0x41,// K
   49          0x00, 0x7F, 0x40, 0x40, 0x40, 0x40,// L
   50          0x00, 0x7F, 0x02, 0x0C, 0x02, 0x7F,// M
   51          0x00, 0x7F, 0x04, 0x08, 0x10, 0x7F,// N
   52          0x00, 0x3E, 0x41, 0x41, 0x41, 0x3E,// O
   53          0x00, 0x7F, 0x09, 0x09, 0x09, 0x06,// P
   54          0x00, 0x3E, 0x41, 0x51, 0x21, 0x5E,// Q
   55          0x00, 0x7F, 0x09, 0x19, 0x29, 0x46,// R
   56          0x00, 0x46, 0x49, 0x49, 0x49, 0x31,// S
   57          0x00, 0x01, 0x01, 0x7F, 0x01, 0x01,// T
   58          0x00, 0x3F, 0x40, 0x40, 0x40, 0x3F,// U
C251 COMPILER V5.60.0,  fontoled                                                           09/10/25  20:12:32  PAGE 2   

   59          0x00, 0x1F, 0x20, 0x40, 0x20, 0x1F,// V
   60          0x00, 0x3F, 0x40, 0x38, 0x40, 0x3F,// W
   61          0x00, 0x63, 0x14, 0x08, 0x14, 0x63,// X
   62          0x00, 0x07, 0x08, 0x70, 0x08, 0x07,// Y
   63          0x00, 0x61, 0x51, 0x49, 0x45, 0x43,// Z
   64          0x00, 0x00, 0x7F, 0x41, 0x41, 0x00,// [
   65          0x00, 0x55, 0x2A, 0x55, 0x2A, 0x55,// 55
   66          0x00, 0x00, 0x41, 0x41, 0x7F, 0x00,// ]
   67          0x00, 0x04, 0x02, 0x01, 0x02, 0x04,// ^
   68          0x00, 0x40, 0x40, 0x40, 0x40, 0x40,// _
   69          0x00, 0x00, 0x01, 0x02, 0x04, 0x00,// '
   70          0x00, 0x20, 0x54, 0x54, 0x54, 0x78,// a
   71          0x00, 0x7F, 0x48, 0x44, 0x44, 0x38,// b
   72          0x00, 0x38, 0x44, 0x44, 0x44, 0x20,// c
   73          0x00, 0x38, 0x44, 0x44, 0x48, 0x7F,// d
   74          0x00, 0x38, 0x54, 0x54, 0x54, 0x18,// e
   75          0x00, 0x08, 0x7E, 0x09, 0x01, 0x02,// f
   76          0x00, 0x18, 0xA4, 0xA4, 0xA4, 0x7C,// g
   77          0x00, 0x7F, 0x08, 0x04, 0x04, 0x78,// h
   78          0x00, 0x00, 0x44, 0x7D, 0x40, 0x00,// i
   79          0x00, 0x40, 0x80, 0x84, 0x7D, 0x00,// j
   80          0x00, 0x7F, 0x10, 0x28, 0x44, 0x00,// k
   81          0x00, 0x00, 0x41, 0x7F, 0x40, 0x00,// l
   82          0x00, 0x7C, 0x04, 0x18, 0x04, 0x78,// m
   83          0x00, 0x7C, 0x08, 0x04, 0x04, 0x78,// n
   84          0x00, 0x38, 0x44, 0x44, 0x44, 0x38,// o
   85          0x00, 0xFC, 0x24, 0x24, 0x24, 0x18,// p
   86          0x00, 0x18, 0x24, 0x24, 0x18, 0xFC,// q
   87          0x00, 0x7C, 0x08, 0x04, 0x04, 0x08,// r
   88          0x00, 0x48, 0x54, 0x54, 0x54, 0x20,// s
   89          0x00, 0x04, 0x3F, 0x44, 0x40, 0x20,// t
   90          0x00, 0x3C, 0x40, 0x40, 0x20, 0x7C,// u
   91          0x00, 0x1C, 0x20, 0x40, 0x20, 0x1C,// v
   92          0x00, 0x3C, 0x40, 0x30, 0x40, 0x3C,// w
   93          0x00, 0x44, 0x28, 0x10, 0x28, 0x44,// x
   94          0x00, 0x1C, 0xA0, 0xA0, 0xA0, 0x7C,// y
   95          0x00, 0x44, 0x64, 0x54, 0x4C, 0x44,// z
   96          0x14, 0x14, 0x14, 0x14, 0x14, 0x14,// horiz lines
   97          };
   98          /****************************************8*16µÄµăŐó************************************/
   99          const unsigned char code F8X16[]=         
  100          {
  101            0x00,0x00,0x00,0x00,0x00,0x00,0x00,0x00,0x00,0x00,0x00,0x00,0x00,0x00,0x00,0x00,// żŐ¸ń ASCIIÖµ32
  102            0x00,0x00,0x00,0xF8,0x00,0x00,0x00,0x00,0x00,0x00,0x00,0x33,0x30,0x00,0x00,0x00,//! 1
  103            0x00,0x10,0x0C,0x06,0x10,0x0C,0x06,0x00,0x00,0x00,0x00,0x00,0x00,0x00,0x00,0x00,//" 2
  104            0x40,0xC0,0x78,0x40,0xC0,0x78,0x40,0x00,0x04,0x3F,0x04,0x04,0x3F,0x04,0x04,0x00,//# 3
  105            0x00,0x70,0x88,0xFC,0x08,0x30,0x00,0x00,0x00,0x18,0x20,0xFF,0x21,0x1E,0x00,0x00,//$ 4
  106            0xF0,0x08,0xF0,0x00,0xE0,0x18,0x00,0x00,0x00,0x21,0x1C,0x03,0x1E,0x21,0x1E,0x00,//% 5
  107            0x00,0xF0,0x08,0x88,0x70,0x00,0x00,0x00,0x1E,0x21,0x23,0x24,0x19,0x27,0x21,0x10,//& 6
  108            0x10,0x16,0x0E,0x00,0x00,0x00,0x00,0x00,0x00,0x00,0x00,0x00,0x00,0x00,0x00,0x00,//' 7
  109            0x00,0x00,0x00,0xE0,0x18,0x04,0x02,0x00,0x00,0x00,0x00,0x07,0x18,0x20,0x40,0x00,//( 8
  110            0x00,0x02,0x04,0x18,0xE0,0x00,0x00,0x00,0x00,0x40,0x20,0x18,0x07,0x00,0x00,0x00,//) 9
  111            0x40,0x40,0x80,0xF0,0x80,0x40,0x40,0x00,0x02,0x02,0x01,0x0F,0x01,0x02,0x02,0x00,//* 10
  112            0x00,0x00,0x00,0xF0,0x00,0x00,0x00,0x00,0x01,0x01,0x01,0x1F,0x01,0x01,0x01,0x00,//+ 11
  113            0x00,0x00,0x00,0x00,0x00,0x00,0x00,0x00,0x80,0xB0,0x70,0x00,0x00,0x00,0x00,0x00,//, 12
  114            0x00,0x00,0x00,0x00,0x00,0x00,0x00,0x00,0x00,0x01,0x01,0x01,0x01,0x01,0x01,0x01,//- 13
  115            0x00,0x00,0x00,0x00,0x00,0x00,0x00,0x00,0x00,0x30,0x30,0x00,0x00,0x00,0x00,0x00,//. 14
  116            0x00,0x00,0x00,0x00,0x80,0x60,0x18,0x04,0x00,0x60,0x18,0x06,0x01,0x00,0x00,0x00,/// 15
  117            0x00,0xE0,0x10,0x08,0x08,0x10,0xE0,0x00,0x00,0x0F,0x10,0x20,0x20,0x10,0x0F,0x00,//0 16
  118            0x00,0x10,0x10,0xF8,0x00,0x00,0x00,0x00,0x00,0x20,0x20,0x3F,0x20,0x20,0x00,0x00,//1 17
  119            0x00,0x70,0x08,0x08,0x08,0x88,0x70,0x00,0x00,0x30,0x28,0x24,0x22,0x21,0x30,0x00,//2 18
  120            0x00,0x30,0x08,0x88,0x88,0x48,0x30,0x00,0x00,0x18,0x20,0x20,0x20,0x11,0x0E,0x00,//3 19
  121            0x00,0x00,0xC0,0x20,0x10,0xF8,0x00,0x00,0x00,0x07,0x04,0x24,0x24,0x3F,0x24,0x00,//4 20
  122            0x00,0xF8,0x08,0x88,0x88,0x08,0x08,0x00,0x00,0x19,0x21,0x20,0x20,0x11,0x0E,0x00,//5 21
  123            0x00,0xE0,0x10,0x88,0x88,0x18,0x00,0x00,0x00,0x0F,0x11,0x20,0x20,0x11,0x0E,0x00,//6 22
  124            0x00,0x38,0x08,0x08,0xC8,0x38,0x08,0x00,0x00,0x00,0x00,0x3F,0x00,0x00,0x00,0x00,//7 23
C251 COMPILER V5.60.0,  fontoled                                                           09/10/25  20:12:32  PAGE 3   

  125            0x00,0x70,0x88,0x08,0x08,0x88,0x70,0x00,0x00,0x1C,0x22,0x21,0x21,0x22,0x1C,0x00,//8 24
  126            0x00,0xE0,0x10,0x08,0x08,0x10,0xE0,0x00,0x00,0x00,0x31,0x22,0x22,0x11,0x0F,0x00,//9 25
  127            0x00,0x00,0x00,0xC0,0xC0,0x00,0x00,0x00,0x00,0x00,0x00,0x30,0x30,0x00,0x00,0x00,//: 26
  128            0x00,0x00,0x00,0x80,0x00,0x00,0x00,0x00,0x00,0x00,0x80,0x60,0x00,0x00,0x00,0x00,//; 27
  129            0x00,0x00,0x80,0x40,0x20,0x10,0x08,0x00,0x00,0x01,0x02,0x04,0x08,0x10,0x20,0x00,//< 28
  130            0x40,0x40,0x40,0x40,0x40,0x40,0x40,0x00,0x04,0x04,0x04,0x04,0x04,0x04,0x04,0x00,//= 29
  131            0x00,0x08,0x10,0x20,0x40,0x80,0x00,0x00,0x00,0x20,0x10,0x08,0x04,0x02,0x01,0x00,//> 30
  132            0x00,0x70,0x48,0x08,0x08,0x08,0xF0,0x00,0x00,0x00,0x00,0x30,0x36,0x01,0x00,0x00,//? 31
  133            0xC0,0x30,0xC8,0x28,0xE8,0x10,0xE0,0x00,0x07,0x18,0x27,0x24,0x23,0x14,0x0B,0x00,//@ 32
  134            0x00,0x00,0xC0,0x38,0xE0,0x00,0x00,0x00,0x20,0x3C,0x23,0x02,0x02,0x27,0x38,0x20,//A 33
  135            0x08,0xF8,0x88,0x88,0x88,0x70,0x00,0x00,0x20,0x3F,0x20,0x20,0x20,0x11,0x0E,0x00,//B 34
  136            0xC0,0x30,0x08,0x08,0x08,0x08,0x38,0x00,0x07,0x18,0x20,0x20,0x20,0x10,0x08,0x00,//C 35
  137            0x08,0xF8,0x08,0x08,0x08,0x10,0xE0,0x00,0x20,0x3F,0x20,0x20,0x20,0x10,0x0F,0x00,//D 36
  138            0x08,0xF8,0x88,0x88,0xE8,0x08,0x10,0x00,0x20,0x3F,0x20,0x20,0x23,0x20,0x18,0x00,//E 37
  139            0x08,0xF8,0x88,0x88,0xE8,0x08,0x10,0x00,0x20,0x3F,0x20,0x00,0x03,0x00,0x00,0x00,//F 38
  140            0xC0,0x30,0x08,0x08,0x08,0x38,0x00,0x00,0x07,0x18,0x20,0x20,0x22,0x1E,0x02,0x00,//G 39
  141            0x08,0xF8,0x08,0x00,0x00,0x08,0xF8,0x08,0x20,0x3F,0x21,0x01,0x01,0x21,0x3F,0x20,//H 40
  142            0x00,0x08,0x08,0xF8,0x08,0x08,0x00,0x00,0x00,0x20,0x20,0x3F,0x20,0x20,0x00,0x00,//I 41
  143            0x00,0x00,0x08,0x08,0xF8,0x08,0x08,0x00,0xC0,0x80,0x80,0x80,0x7F,0x00,0x00,0x00,//J 42
  144            0x08,0xF8,0x88,0xC0,0x28,0x18,0x08,0x00,0x20,0x3F,0x20,0x01,0x26,0x38,0x20,0x00,//K 43
  145            0x08,0xF8,0x08,0x00,0x00,0x00,0x00,0x00,0x20,0x3F,0x20,0x20,0x20,0x20,0x30,0x00,//L 44
  146            0x08,0xF8,0xF8,0x00,0xF8,0xF8,0x08,0x00,0x20,0x3F,0x00,0x3F,0x00,0x3F,0x20,0x00,//M 45
  147            0x08,0xF8,0x30,0xC0,0x00,0x08,0xF8,0x08,0x20,0x3F,0x20,0x00,0x07,0x18,0x3F,0x00,//N 46
  148            0xE0,0x10,0x08,0x08,0x08,0x10,0xE0,0x00,0x0F,0x10,0x20,0x20,0x20,0x10,0x0F,0x00,//O 47
  149            0x08,0xF8,0x08,0x08,0x08,0x08,0xF0,0x00,0x20,0x3F,0x21,0x01,0x01,0x01,0x00,0x00,//P 48
  150            0xE0,0x10,0x08,0x08,0x08,0x10,0xE0,0x00,0x0F,0x18,0x24,0x24,0x38,0x50,0x4F,0x00,//Q 49
  151            0x08,0xF8,0x88,0x88,0x88,0x88,0x70,0x00,0x20,0x3F,0x20,0x00,0x03,0x0C,0x30,0x20,//R 50
  152            0x00,0x70,0x88,0x08,0x08,0x08,0x38,0x00,0x00,0x38,0x20,0x21,0x21,0x22,0x1C,0x00,//S 51
  153            0x18,0x08,0x08,0xF8,0x08,0x08,0x18,0x00,0x00,0x00,0x20,0x3F,0x20,0x00,0x00,0x00,//T 52
  154            0x08,0xF8,0x08,0x00,0x00,0x08,0xF8,0x08,0x00,0x1F,0x20,0x20,0x20,0x20,0x1F,0x00,//U 53
  155            0x08,0x78,0x88,0x00,0x00,0xC8,0x38,0x08,0x00,0x00,0x07,0x38,0x0E,0x01,0x00,0x00,//V 54
  156            0xF8,0x08,0x00,0xF8,0x00,0x08,0xF8,0x00,0x03,0x3C,0x07,0x00,0x07,0x3C,0x03,0x00,//W 55
  157            0x08,0x18,0x68,0x80,0x80,0x68,0x18,0x08,0x20,0x30,0x2C,0x03,0x03,0x2C,0x30,0x20,//X 56
  158            0x08,0x38,0xC8,0x00,0xC8,0x38,0x08,0x00,0x00,0x00,0x20,0x3F,0x20,0x00,0x00,0x00,//Y 57
  159            0x10,0x08,0x08,0x08,0xC8,0x38,0x08,0x00,0x20,0x38,0x26,0x21,0x20,0x20,0x18,0x00,//Z 58
  160            0x00,0x00,0x00,0xFE,0x02,0x02,0x02,0x00,0x00,0x00,0x00,0x7F,0x40,0x40,0x40,0x00,//[ 59
  161            0x00,0x0C,0x30,0xC0,0x00,0x00,0x00,0x00,0x00,0x00,0x00,0x01,0x06,0x38,0xC0,0x00,//\ 60
  162            0x00,0x02,0x02,0x02,0xFE,0x00,0x00,0x00,0x00,0x40,0x40,0x40,0x7F,0x00,0x00,0x00,//] 61
  163            0x00,0x00,0x04,0x02,0x02,0x02,0x04,0x00,0x00,0x00,0x00,0x00,0x00,0x00,0x00,0x00,//^ 62
  164            0x00,0x00,0x00,0x00,0x00,0x00,0x00,0x00,0x80,0x80,0x80,0x80,0x80,0x80,0x80,0x80,//_ 63
  165            0x00,0x02,0x02,0x04,0x00,0x00,0x00,0x00,0x00,0x00,0x00,0x00,0x00,0x00,0x00,0x00,//` 64
  166            0x00,0x00,0x80,0x80,0x80,0x80,0x00,0x00,0x00,0x19,0x24,0x22,0x22,0x22,0x3F,0x20,//a 65
  167            0x08,0xF8,0x00,0x80,0x80,0x00,0x00,0x00,0x00,0x3F,0x11,0x20,0x20,0x11,0x0E,0x00,//b 66
  168            0x00,0x00,0x00,0x80,0x80,0x80,0x00,0x00,0x00,0x0E,0x11,0x20,0x20,0x20,0x11,0x00,//c 67
  169            0x00,0x00,0x00,0x80,0x80,0x88,0xF8,0x00,0x00,0x0E,0x11,0x20,0x20,0x10,0x3F,0x20,//d 68
  170            0x00,0x00,0x80,0x80,0x80,0x80,0x00,0x00,0x00,0x1F,0x22,0x22,0x22,0x22,0x13,0x00,//e 69
  171            0x00,0x80,0x80,0xF0,0x88,0x88,0x88,0x18,0x00,0x20,0x20,0x3F,0x20,0x20,0x00,0x00,//f 70
  172            0x00,0x00,0x80,0x80,0x80,0x80,0x80,0x00,0x00,0x6B,0x94,0x94,0x94,0x93,0x60,0x00,//g 71
  173            0x08,0xF8,0x00,0x80,0x80,0x80,0x00,0x00,0x20,0x3F,0x21,0x00,0x00,0x20,0x3F,0x20,//h 72
  174            0x00,0x80,0x98,0x98,0x00,0x00,0x00,0x00,0x00,0x20,0x20,0x3F,0x20,0x20,0x00,0x00,//i 73
  175            0x00,0x00,0x00,0x80,0x98,0x98,0x00,0x00,0x00,0xC0,0x80,0x80,0x80,0x7F,0x00,0x00,//j 74
  176            0x08,0xF8,0x00,0x00,0x80,0x80,0x80,0x00,0x20,0x3F,0x24,0x02,0x2D,0x30,0x20,0x00,//k 75
  177            0x00,0x08,0x08,0xF8,0x00,0x00,0x00,0x00,0x00,0x20,0x20,0x3F,0x20,0x20,0x00,0x00,//l 76
  178            0x80,0x80,0x80,0x80,0x80,0x80,0x80,0x00,0x20,0x3F,0x20,0x00,0x3F,0x20,0x00,0x3F,//m 77
  179            0x80,0x80,0x00,0x80,0x80,0x80,0x00,0x00,0x20,0x3F,0x21,0x00,0x00,0x20,0x3F,0x20,//n 78
  180            0x00,0x00,0x80,0x80,0x80,0x80,0x00,0x00,0x00,0x1F,0x20,0x20,0x20,0x20,0x1F,0x00,//o 79
  181            0x80,0x80,0x00,0x80,0x80,0x00,0x00,0x00,0x80,0xFF,0xA1,0x20,0x20,0x11,0x0E,0x00,//p 80
  182            0x00,0x00,0x00,0x80,0x80,0x80,0x80,0x00,0x00,0x0E,0x11,0x20,0x20,0xA0,0xFF,0x80,//q 81
  183            0x80,0x80,0x80,0x00,0x80,0x80,0x80,0x00,0x20,0x20,0x3F,0x21,0x20,0x00,0x01,0x00,//r 82
  184            0x00,0x00,0x80,0x80,0x80,0x80,0x80,0x00,0x00,0x33,0x24,0x24,0x24,0x24,0x19,0x00,//s 83
  185            0x00,0x80,0x80,0xE0,0x80,0x80,0x00,0x00,0x00,0x00,0x00,0x1F,0x20,0x20,0x00,0x00,//t 84
  186            0x80,0x80,0x00,0x00,0x00,0x80,0x80,0x00,0x00,0x1F,0x20,0x20,0x20,0x10,0x3F,0x20,//u 85
  187            0x80,0x80,0x80,0x00,0x00,0x80,0x80,0x80,0x00,0x01,0x0E,0x30,0x08,0x06,0x01,0x00,//v 86
  188            0x80,0x80,0x00,0x80,0x00,0x80,0x80,0x80,0x0F,0x30,0x0C,0x03,0x0C,0x30,0x0F,0x00,//w 87
  189            0x00,0x80,0x80,0x00,0x80,0x80,0x80,0x00,0x00,0x20,0x31,0x2E,0x0E,0x31,0x20,0x00,//x 88
  190            0x80,0x80,0x80,0x00,0x00,0x80,0x80,0x80,0x80,0x81,0x8E,0x70,0x18,0x06,0x01,0x00,//y 89
C251 COMPILER V5.60.0,  fontoled                                                           09/10/25  20:12:32  PAGE 4   

  191            0x00,0x80,0x80,0x80,0x80,0x80,0x80,0x00,0x00,0x21,0x30,0x2C,0x22,0x21,0x30,0x00,//z 90
  192            0x00,0x00,0x00,0x00,0x80,0x7C,0x02,0x02,0x00,0x00,0x00,0x00,0x00,0x3F,0x40,0x40,//{ 91
  193            0x00,0x00,0x00,0x00,0xFF,0x00,0x00,0x00,0x00,0x00,0x00,0x00,0xFF,0x00,0x00,0x00,//| 92
  194            0x00,0x02,0x02,0x7C,0x80,0x00,0x00,0x00,0x00,0x40,0x40,0x3F,0x00,0x00,0x00,0x00,//} 93
  195            0x00,0x06,0x01,0x01,0x02,0x02,0x04,0x04,0x00,0x00,0x00,0x00,0x00,0x00,0x00,0x00,//~ 94
  196          };
  197          /**********************************şş×Ö*************************************************/
  198          const unsigned char code Hzk[][32]={
  199          
  200          {0x00,0x04,0x04,0x04,0xFF,0x54,0x54,0x54,0x54,0x54,0xFF,0x04,0x04,0x04,0x00,0x00},
  201          {0x11,0x11,0x89,0x85,0x93,0x91,0x91,0xFD,0x91,0x91,0x93,0x85,0x89,0x11,0x11,0x00},/*"»ů",0*/
  202          
  203          {0x40,0x40,0x42,0x42,0x42,0x42,0x42,0xFE,0x42,0x42,0x42,0x42,0x42,0x40,0x40,0x00},
  204          {0x00,0x00,0x00,0x00,0x00,0x40,0x80,0x7F,0x00,0x00,0x00,0x00,0x00,0x00,0x00,0x00},/*"ÓÚ",1*/
  205          
  206          {0x10,0x0C,0x04,0x94,0x6C,0x44,0x45,0xF6,0x44,0x44,0x4C,0x54,0x04,0x14,0x0C,0x00},
  207          {0x02,0x02,0x02,0xFA,0x4A,0x4A,0x4A,0x4B,0x4A,0x4A,0x4A,0xFA,0x02,0x02,0x02,0x00},/*"˝Ń",2*/
  208          
  209          {0x00,0x10,0x60,0x02,0xCC,0x80,0x80,0xFC,0x40,0x20,0xFF,0x10,0x08,0xF8,0x00,0x00},
  210          {0x00,0x04,0x04,0x7E,0x01,0x00,0x00,0x3F,0x40,0x40,0x4F,0x40,0x44,0x47,0x40,0x78},/*"łŘ",3*/
  211          
  212          {0x04,0x84,0x84,0xFC,0x84,0x84,0x00,0x04,0x04,0x84,0xE4,0x1C,0x84,0x04,0x04,0x00},
  213          {0x20,0x60,0x20,0x1F,0x10,0x10,0x04,0x02,0x01,0x00,0xFF,0x00,0x00,0x01,0x06,0x00},/*"»·",4*/
  214          
  215          {0x00,0x10,0x10,0xFF,0x10,0x10,0x20,0xA4,0xAC,0xB5,0xA6,0xB4,0xAC,0xA4,0x20,0x20},
  216          { 0x00,0x10,0x30,0x1F,0x08,0x88,0x80,0x4F,0x3A,0x0A,0x0A,0x7A,0x8A,0x8F,0x80,0xE0},/*"ľł",5*/
  217          
  218          {0x00,0x00,0x7E,0x00,0x00,0xFF,0x00,0x40,0x30,0x0F,0x04,0x14,0x64,0x04,0x00,0x00},
  219          {0x40,0x40,0x7E,0x42,0x42,0x7E,0x42,0x42,0x42,0x7E,0x42,0x42,0x7E,0x40,0x40,0x00},/*"Ľŕ",6*/
  220          
  221          {0x00,0x10,0x60,0x02,0x8C,0x00,0xFE,0x02,0xF2,0x02,0xFE,0x00,0xF8,0x00,0xFF,0x00},
  222          {0x00,0x04,0x04,0x7E,0x01,0x80,0x47,0x30,0x0F,0x10,0x27,0x00,0x47,0x80,0x7F,0x00},/*"˛â",7*/
  223          
  224          {0x00,0x00,0x00,0x22,0x32,0x2A,0xA6,0xA2,0x62,0x21,0x11,0x09,0x81,0x01,0x00,0x00},
  225          {0x00,0x00,0x42,0x22,0x13,0x0B,0x42,0x82,0x7E,0x02,0x02,0x0A,0x12,0x23,0x46,0x00},/*"Ďµ",8*/
  226          
  227          {0x20,0x30,0xAC,0x63,0x30,0x00,0x88,0xC8,0xA8,0x99,0x8E,0x88,0xA8,0xC8,0x88,0x00},
  228          {0x22,0x67,0x22,0x12,0x12,0x80,0x40,0x30,0x0F,0x00,0x00,0x3F,0x40,0x40,0x71,0x00},/*"Íł",9*/
  229          
  230          {0x00,0x10,0x60,0x02,0x8C,0x00,0x00,0xFE,0x92,0x92,0x92,0x92,0x92,0xFE,0x00,0x00},
  231          {0x00,0x04,0x04,0x7E,0x01,0x40,0x7E,0x42,0x42,0x7E,0x42,0x7E,0x42,0x42,0x7E,0x40},/*"ÎÂ",10*/
  232          
  233          {0x00,0x10,0x60,0x02,0x8C,0x00,0xFE,0x92,0x92,0x92,0x92,0x92,0x92,0xFE,0x00,0x00},
  234          {0x00,0x04,0x04,0x7E,0x01,0x44,0x48,0x50,0x7F,0x40,0x40,0x7F,0x50,0x48,0x44,0x40},/*"ĘŞ",11*/
  235          
  236          {0x00,0x00,0xFC,0x24,0x24,0x24,0xFC,0x25,0x26,0x24,0xFC,0x24,0x24,0x24,0x04,0x00},
  237          {0x40,0x30,0x8F,0x80,0x84,0x4C,0x55,0x25,0x25,0x25,0x55,0x4C,0x80,0x80,0x80,0x00},/*"¶Č",12*/
  238          
  239          {0x00,0x10,0x60,0x02,0x8C,0x20,0x18,0x08,0xC8,0x38,0xCF,0x08,0x08,0x28,0x98,0x00},
  240          {0x00,0x04,0x04,0x7E,0x01,0x04,0x02,0x01,0xFF,0x40,0x21,0x06,0x0A,0x11,0x20,0x40},/*"Ĺ¨",13*/
  241          
  242          {0x00,0xF8,0x0C,0x0B,0x08,0x08,0xF8,0x40,0x30,0x8F,0x08,0x08,0x08,0xF8,0x00,0x00},
  243          {0x00,0x7F,0x21,0x21,0x21,0x21,0x7F,0x00,0x00,0x00,0x43,0x80,0x40,0x3F,0x00,0x00},/*"µÄ",14*/
  244          
  245          };


Module Information          Static   Overlayable
------------------------------------------------
  code size            =      3032     ------
  ecode size           =    ------     ------
  data size            =    ------     ------
  idata size           =    ------     ------
  pdata size           =    ------     ------
  xdata size           =    ------     ------
  xdata-const size     =    ------     ------
  edata size           =    ------     ------
C251 COMPILER V5.60.0,  fontoled                                                           09/10/25  20:12:32  PAGE 5   

  bit size             =    ------     ------
  ebit size            =    ------     ------
  bitaddressable size  =    ------     ------
  ebitaddressable size =    ------     ------
  far data size        =    ------     ------
  huge data size       =    ------     ------
  const size           =    ------     ------
  hconst size          =    ------     ------
End of Module Information.


C251 COMPILATION COMPLETE.  0 WARNING(S),  0 ERROR(S)
