C251 COMPILER V5.60.0,  main                                                               09/10/25  20:12:32  PAGE 1   


C251 COMPILER V5.60.0, COMPILATION OF MODULE main
OBJECT MODULE PLACED IN .\Objects\main.obj
COMPILER INVOKED BY: C:\Keil_v5\C251\BIN\C251.EXE User\main.c LARGE INTR2 ROM(HUGE) BROWSE INCDIR(.\Hardware;.\User;.\Sy
                    -stem) DEBUG PRINT(.\Listings\main.lst) OBJECT(.\Objects\main.obj) 

stmt  level    source

    1          #include "../User/main.h"
    2          
    3          
    4          void OLED_First_UI(void)
    5          {
    6   1              static unsigned int lastReadTime = 0;
    7   1          unsigned int currentTime; 
    8   1              float temp, humi;
    9   1          unsigned char result;
   10   1              result = DHT11_Read(&temp, &humi);
   11   1              currentTime = GetSystemTime(); // 需要实现获取系统时间的函数
   12   1              
   13   1              OLED_ShowCHinese(0,2,10);
   14   1              OLED_ShowCHinese(16,2,12);
   15   1              OLED_ShowChar(32,2,':',16);  //第二页
   16   1              
   17   1              OLED_ShowCHinese(0,4,10);
   18   1              OLED_ShowCHinese(16,4,12);
   19   1              OLED_ShowChar(32,4,':',16);  //第三页
   20   1              
   21   1              OLED_ShowString(0,6,"Co2:");            //第四页
   22   1              
   23   1               // 每2秒读取一次DHT11（DHT11需要间隔至少1秒读取）
   24   1          if (currentTime - lastReadTime >= 2000) {
   25   2              lastReadTime = currentTime;
   26   2      
   27   2              if (result == 0) {
   28   3                  // 清空显示区域
   29   3                  //OLED_Clear();
   30   3                  
   31   3                  // 显示温度标签和值
   32   3                  OLED_ShowNum_Float(48,2, temp);
   33   3                  //OLED_ShowString(80, 0, "C");
   34   3                  
   35   3                  // 显示湿度标签和值
   36   3                  OLED_ShowString(0, 2, "Humi:");
   37   3                  OLED_ShowNum_Float(48, 4, humi);
   38   3                  OLED_ShowString(80, 2, "%");
   39   3              } else {
   40   3                  // 显示错误信息
   41   3                  OLED_ShowString(48, 2, "DHT11 Error");
   42   3                  if (result == 1) {
   43   4                      OLED_ShowString(48, 4, "No Response");
   44   4                  } else {
   45   4                      OLED_ShowString(48, 6, "Checksum Error");
   46   4                  }
   47   3              }
   48   2          }
   49   1              
   50   1              
   51   1      
   52   1              
   53   1              OLED_ScrollMessage();        //第一页放到最后因为他会清除其他列的显示  显示错位的问题可以通过修正oledcha
             -r()来解决
   54   1              
   55   1              
   56   1              
   57   1      
C251 COMPILER V5.60.0,  main                                                               09/10/25  20:12:32  PAGE 2   

   58   1              
   59   1      }
   60          void main()
   61          {
   62   1              WTST = 0;  //设置程序指令延时参数，赋值为0可将CPU执行指令的速度设置为最快
   63   1              EAXFR = 1; //扩展寄存器(XFR)访问使能
   64   1              CKCON = 0; //提高访问XRAM速度
   65   1              P0M0 = 0x00; P0M1 = 0x00; 
   66   1          P1M0 = 0x00; P1M1 = 0x00; 
   67   1          P2M0 = 0x00; P2M1 = 0x00; 
   68   1          P3M0 = 0x00; P3M1 = 0x00; 
   69   1          P4M0 = 0x00; P4M1 = 0x00; 
   70   1          P5M0 = 0x00; P5M1 = 0x00; 
   71   1          P6M0 = 0x00; P6M1 = 0x00; 
   72   1          P7M0 = 0x00; P7M1 = 0x00; 
   73   1      
   74   1              Timer0_Init();
   75   1              Uart1Init();
   76   1              UartSend(0x00);
   77   1              OLED_Init();
   78   1              OLED_Clear();
   79   1              delay_ms(1000);
   80   1              ES = 1;                                                                                 // 使能串口1中断
   81   1              EA = 1;                                                                                 // 使能EA总中断
   82   1              OLED_ShowChar(0,0,'A',16);
   83   1              while(1)
   84   1              {
   85   2      //              OLED_First_UI();
   86   2                      // 其他任务...
   87   2      //        delay_ms(100); // 适当延时
   88   2              }
   89   1      }
   90          
   91          
   92          


Module Information          Static   Overlayable
------------------------------------------------
  code size            =    ------     ------
  ecode size           =       390     ------
  data size            =    ------     ------
  idata size           =    ------     ------
  pdata size           =    ------     ------
  xdata size           =         2          8
  xdata-const size     =    ------     ------
  edata size           =    ------     ------
  bit size             =    ------     ------
  ebit size            =    ------     ------
  bitaddressable size  =    ------     ------
  ebitaddressable size =    ------     ------
  far data size        =    ------     ------
  huge data size       =    ------     ------
  const size           =    ------     ------
  hconst size          =        59     ------
End of Module Information.


C251 COMPILATION COMPLETE.  0 WARNING(S),  0 ERROR(S)
