C251 COMPILER V5.60.0,  sample                                                             07/10/25  22:37:46  PAGE 1   


C251 COMPILER V5.60.0, COMPILATION OF MODULE sample
OBJECT MODULE PLACED IN .\Listings\sample.obj
COMPILER INVOKED BY: C:\Keil_v5\C251\BIN\C251.EXE sample.c XSMALL INTR2 OA BROWSE DEBUG PRINT(.\Listings\sample.lst) OBJ
                    -ECT(.\Listings\sample.obj) 

stmt  level    source

    1          /*---------------------------------------------------------------------*/
    2          /* --- STC MCU Limited ------------------------------------------------*/
    3          /* --- STC 1T Series MCU Demo Programme -------------------------------*/
    4          /* --- Mobile: (86)13922805190 ----------------------------------------*/
    5          /* --- Fax: 86-0513-55012956,55012947,55012969 ------------------------*/
    6          /* --- Tel: 86-0513-55012928,55012929,55012966 ------------------------*/
    7          /* --- Web: www.STCAI.com ---------------------------------------------*/
    8          /* --- Web: www.STCMCUDATA.com  ---------------------------------------*/
    9          /* --- BBS: www.STCAIMCU.com  -----------------------------------------*/
   10          /* --- QQ:  800003751 -------------------------------------------------*/
   11          /* ШчЙћвЊдкГЬађжаЪЙгУДЫДњТы,ЧыдкГЬађжазЂУїЪЙгУСЫSTCЕФзЪСЯМАГЬађ            */
   12          /*---------------------------------------------------------------------*/
   13          
   14          /*************  ЙІФмЫЕУї    **************
   15          
   16          БОР§ГЬЛљгкSTC32GКЫаФзЊНгАхЃЈЭРСњЕЖЃЉНјааБраДВтЪдЁЃ
   17          
   18          ЪЙгУKeil C251БрвыЦїЃЌMemory ModelЭЦМіЩшжУXSmallФЃЪНЃЌФЌШЯЖЈвхБфСПдкedataЃЌЕЅЪБжгДцШЁЗУЮЪЫйЖШПьЁЃ
   19          
   20          edataНЈвщБЃСє1KИјЖбеЛЪЙгУЃЌПеМфВЛЙЛЪБПЩНЋДѓЪ§зщЁЂВЛГЃгУБфСПМгxdataЙиМќзжЖЈвхЕНxdataПеМфЁЃ
   21          
   22          ВЩМЏЕЅзмЯпДЋИаЦїDHT11ЕФЮТЪЊЖШЪ§Он
   23          
   24          ДЎПк(115200,N,8,1)ДђгЁВЩМЏНсЙћ
   25          
   26          ЯТдиЪБ, ФЌШЯЪБжг 12MHz (гУЛЇПЩздаааоИФЦЕТЪ).
   27          
   28          ******************************************/
   29          
   30          #include "STC32G.h"
   31          #include "intrins.h"
   32          #include "stdio.h"
   33          
   34          #define MAIN_Fosc        12000000UL
   35          
   36          /*****************************************************************************/
   37          
   38          #define Baudrate      115200L
   39          #define TM            (65536 -(MAIN_Fosc/Baudrate/4))
   40          #define PrintUart     1        //1:printf ЪЙгУ UART1; 2:printf ЪЙгУ UART2
   41          
   42          sbit DHT=P1^6;//DHT11ФЃПщ
   43          
   44          unsigned int Temperature[2];
   45          unsigned int Humidity[2];
   46          
   47          unsigned char Data_Receive[5];
   48          
   49          void delay_ms(unsigned int ms);
   50          void DHT_Collect();
   51          
   52          /******************** ДЎПкДђгЁКЏЪ§ ********************/
   53          void UartInit(void)
   54          {
   55   1      #if(PrintUart == 1)
   56   1              SCON = (SCON & 0x3f) | 0x40; 
   57   1              T1x12 = 1;          //ЖЈЪБЦїЪБжг1TФЃЪН
   58   1              S1BRT = 0;          //ДЎПк1бЁдёЖЈЪБЦї1ЮЊВЈЬиТЪЗЂЩњЦї
C251 COMPILER V5.60.0,  sample                                                             07/10/25  22:37:46  PAGE 2   

   59   1              TL1  = TM;
   60   1              TH1  = TM>>8;
   61   1              TR1 = 1;                                //ЖЈЪБЦї1ПЊЪММЦЪБ
   62   1      
   63   1      //      SCON = (SCON & 0x3f) | 0x40; 
   64   1      //      T2L  = TM;
   65   1      //      T2H  = TM>>8;
   66   1      //      AUXR |= 0x15;   //ДЎПк1бЁдёЖЈЪБЦї2ЮЊВЈЬиТЪЗЂЩњЦї
   67   1      #else
                       S2_S = 1;       //UART2 switch to: 0: P1.0 P1.1,  1: P4.6 P4.7
                   S2CFG |= 0x01;  //ЪЙгУДЎПк2ЪБЃЌW1ЮЛБиашЩшжУЮЊ1ЃЌЗёдђПЩФмЛсВњЩњВЛПЩдЄЦкЕФДэЮѓ
                       S2CON = (S2CON & 0x3f) | 0x40; 
                       T2L  = TM;
                       T2H  = TM>>8;
                       AUXR |= 0x14;         //ЖЈЪБЦї2ЪБжг1TФЃЪН,ПЊЪММЦЪБ
               #endif
   75   1      }
   76          
   77          void UartPutc(unsigned char dat)
   78          {
   79   1      #if(PrintUart == 1)
   80   1              SBUF = dat; 
   81   1              while(TI==0);
   82   1              TI = 0;
   83   1      #else
                       S2BUF  = dat; 
                       while(S2TI == 0);
                       S2TI = 0;    //Clear Tx flag
               #endif
   88   1      }
   89          
   90          char putchar(char c)
   91          {
   92   1              UartPutc(c);
   93   1              return c;
   94   1      }
   95          
   96          /*****************************************************************************/
   97          void main(void)
   98          {
   99   1          WTST = 0;  //ЩшжУГЬађжИСюбгЪБВЮЪ§ЃЌИГжЕЮЊ0ПЩНЋCPUжДаажИСюЕФЫйЖШЩшжУЮЊзюПь
  100   1          EAXFR = 1; //РЉеЙМФДцЦї(XFR)ЗУЮЪЪЙФм
  101   1          CKCON = 0; //ЬсИпЗУЮЪXRAMЫйЖШ
  102   1      
  103   1          P0M1 = 0x00;   P0M0 = 0x00;   //ЩшжУЮЊзМЫЋЯђПк
  104   1          P1M1 = 0x00;   P1M0 = 0x00;   //ЩшжУЮЊзМЫЋЯђПк
  105   1          P2M1 = 0x00;   P2M0 = 0x00;   //ЩшжУЮЊзМЫЋЯђПк
  106   1          P3M1 = 0x00;   P3M0 = 0x00;   //ЩшжУЮЊзМЫЋЯђПк
  107   1          P4M1 = 0x00;   P4M0 = 0x00;   //ЩшжУЮЊзМЫЋЯђПк
  108   1          P5M1 = 0x00;   P5M0 = 0x00;   //ЩшжУЮЊзМЫЋЯђПк
  109   1          P6M1 = 0x00;   P6M0 = 0x00;   //ЩшжУЮЊзМЫЋЯђПк
  110   1          P7M1 = 0x00;   P7M0 = 0x00;   //ЩшжУЮЊзМЫЋЯђПк
  111   1      
  112   1              UartInit();
  113   1      
  114   1              printf("STC32G DHT11 Test.\r\n");
  115   1      
  116   1              while(1)
  117   1          {
  118   2              DHT_Collect();  //DHT11Ъ§ОнВЩМЏ
  119   2              printf("Temperature = %u.%uЁуC\r\n",Temperature[0],Temperature[1]);
  120   2              printf("Humidity = %u.%u%%RH\r\n",Humidity[0],Humidity[1]);
  121   2              delay_ms(1000); //delay 1s
  122   2          }
  123   1      }
  124          /*****************************************************************************/
C251 COMPILER V5.60.0,  sample                                                             07/10/25  22:37:46  PAGE 3   

  125          
  126          void Delay30us()//@12.000MHz
  127          {
  128   1              unsigned long i;
  129   1      
  130   1              _nop_();
  131   1              _nop_();
  132   1              _nop_();
  133   1              i = 88UL;
  134   1              while (i) i--;
  135   1      }
  136          
  137          void Delay20ms()//@12.000MHz
  138          {
  139   1              unsigned long i;
  140   1      
  141   1              _nop_();
  142   1              _nop_();
  143   1              _nop_();
  144   1              i = 59998UL;
  145   1              while (i) i--;
  146   1      }
  147          
  148          void delay_ms(unsigned int ms)
  149          {
  150   1          unsigned int i;
  151   1          do{
  152   2              i = MAIN_Fosc / 6000;
  153   2              while(--i);   //6T per loop
  154   2          }while(--ms);
  155   1      }
  156          
  157          void DHT_Collect()//ЮТЖШВЩМЏКЏЪ§
  158          {
  159   1          unsigned char i,j;//forб­ЛЗБфСП
  160   1          unsigned int t;//ГЌЪБХаЖЯ
  161   1          unsigned char dat8=0;//вЛДЮЖСШЁЕФ8ЮЛЪ§ОнЃЌашвЊЖС5ДЮ
  162   1          unsigned int CheckValue=0;//аЃбщКЭ
  163   1          
  164   1          DHT=0;//жїЛњЗЂЦ№ЪМаХКХ
  165   1          Delay20ms();//жїЛњР­ЕЭзмЯпжСЩй18ms
  166   1          DHT=1;//жїЛњР­ИпзмЯп20~40us
  167   1          Delay30us();
  168   1          
  169   1          t=160;//ЩшжУГЌЪБЕШД§ЪБМф
  170   1          while(DHT&&t--);//ЕШД§DHT11Р­ЕЭзмЯп
  171   1          if(t==0)//ГЌЪБ
  172   1          {
  173   2              DHT=1;
  174   2          }
  175   1          t=600;//ЩшжУГЌЪБЕШД§ЪБМф
  176   1          while(!DHT&&t--);//ЕШД§DHT11Р­ИпзмЯп
  177   1          if(t==0)//ГЌЪБ
  178   1          {
  179   2              DHT=1;
  180   2          }
  181   1          t=600;//ЩшжУГЌЪБЕШД§ЪБМф
  182   1          while(DHT&&t--);//ЕШД§DHT11Р­ЕЭзмЯп
  183   1          if(t==0)//ГЌЪБ
  184   1          {
  185   2              DHT=1;
  186   2          }
  187   1      
  188   1          for(j=0;j<5;j++)//5ДЮЖСШЁ
  189   1          {
  190   2              for(i=0;i<8;i++)//1ДЮ8ИіЮЛ
C251 COMPILER V5.60.0,  sample                                                             07/10/25  22:37:46  PAGE 4   

  191   2              {
  192   3                  //ЕШД§50usПЊЪМЪБЯЖ
  193   3                  t=400;//ЩшжУГЌЪБЕШД§ЪБМф
  194   3                  while(!DHT&&t--);//ЕШД§DHT11Р­ИпзмЯп
  195   3                  if(t==0)//ГЌЪБ
  196   3                  {
  197   4                      DHT=1;
  198   4                  }
  199   3                  Delay30us();
  200   3                  Delay30us();
  201   3                  dat8<<=1;
  202   3                  if(DHT) //ИпЕчЦНГжајЪБМфНЯГЄ(70us)
  203   3                  dat8+=1;//ДЋЪфжЕЮЊ1
  204   3                  
  205   3                  t=300;//ЩшжУГЌЪБЕШД§ЪБМф
  206   3                  while(DHT&&t--);//ЕШД§ВЂМЧТМИпЕчЦНГжајЪБМф
  207   3              }
  208   2              Data_Receive[j]=dat8;
  209   2          }
  210   1          
  211   1          Delay30us();//ЕШД§DHT11Р­ЕЭ50us
  212   1          Delay30us();
  213   1          DHT=1;
  214   1      
  215   1          for(i=0;i<4;i++)
  216   1          {
  217   2              CheckValue+=Data_Receive[i];//МЦЫуаЃбщжЕ
  218   2          }
  219   1          if((unsigned char)CheckValue==Data_Receive[4])//БШЖд
  220   1          {
  221   2              Humidity[0]=Data_Receive[0];    //ЪЊЖШећЪ§
  222   2              Humidity[1]=Data_Receive[1];    //ЪЊЖШаЁЪ§
  223   2              Temperature[0]=Data_Receive[2]; //ЮТЖШећЪ§
  224   2              Temperature[1]=Data_Receive[3]%10;  //ЮТЖШаЁЪ§ЃЌзюИпЮЛЮЊе§ИКБъжО
  225   2          }
  226   1      }


Module Information          Static   Overlayable
------------------------------------------------
  code size            =       586     ------
  ecode size           =    ------     ------
  data size            =    ------     ------
  idata size           =    ------     ------
  pdata size           =    ------     ------
  xdata size           =    ------     ------
  xdata-const size     =    ------     ------
  edata size           =        13          3
  bit size             =    ------     ------
  ebit size            =    ------     ------
  bitaddressable size  =    ------     ------
  ebitaddressable size =    ------     ------
  far data size        =    ------     ------
  huge data size       =    ------     ------
  const size           =    ------     ------
  hconst size          =        69     ------
End of Module Information.


C251 COMPILATION COMPLETE.  0 WARNING(S),  0 ERROR(S)
